\BOOKMARK [1][-]{section.1}{Section Header}{}% 1
\BOOKMARK [2][-]{subsection.1.1}{Purpose of this Document}{section.1}% 2
\BOOKMARK [2][-]{subsection.1.2}{Subsection Header}{section.1}% 3
\BOOKMARK [2][-]{subsection.1.3}{Subsection header}{section.1}% 4
\BOOKMARK [1][-]{section.2}{Section header}{}% 5
\BOOKMARK [2][-]{subsection.2.1}{subsection header}{section.2}% 6
\BOOKMARK [2][-]{subsection.2.2}{subsection header}{section.2}% 7
\BOOKMARK [2][-]{subsection.2.3}{subsection header}{section.2}% 8
\BOOKMARK [1][-]{section.3}{section header}{}% 9
\BOOKMARK [1][-]{section.4}{section header}{}% 10
\BOOKMARK [2][-]{subsection.4.1}{subsection header}{section.4}% 11
\BOOKMARK [1][-]{section.5}{section header}{}% 12
\BOOKMARK [1][-]{section.6}{section header}{}% 13
\BOOKMARK [2][-]{subsection.6.1}{subsection header}{section.6}% 14
\BOOKMARK [2][-]{subsection.6.2}{subsection header}{section.6}% 15
\BOOKMARK [2][-]{subsection.6.3}{subsection header}{section.6}% 16
\BOOKMARK [2][-]{subsection.6.4}{subsection header}{section.6}% 17
\BOOKMARK [2][-]{subsection.6.5}{subsection header}{section.6}% 18
\BOOKMARK [2][-]{subsection.6.6}{header on subsection}{section.6}% 19
\BOOKMARK [1][-]{section.7}{section header}{}% 20
\BOOKMARK [2][-]{subsection.7.1}{subsection header}{section.7}% 21
\BOOKMARK [1][-]{section.8}{section header}{}% 22
\BOOKMARK [2][-]{subsection.8.1}{subsection header}{section.8}% 23
\BOOKMARK [1][-]{section.9}{section header}{}% 24
\BOOKMARK [2][-]{subsection.9.1}{subsection header}{section.9}% 25
\BOOKMARK [1][-]{section.10}{section header}{}% 26
\BOOKMARK [2][-]{subsection.10.1}{subsection header}{section.10}% 27
\BOOKMARK [1][-]{section.11}{section header}{}% 28
\BOOKMARK [2][-]{subsection.11.1}{subsection header}{section.11}% 29
\BOOKMARK [1][-]{section.12}{section header}{}% 30
\BOOKMARK [2][-]{subsection.12.1}{subsection header}{section.12}% 31
\BOOKMARK [1][-]{section.13}{section header}{}% 32
\BOOKMARK [2][-]{subsection.13.1}{subsection header}{section.13}% 33
\BOOKMARK [1][-]{section.14}{section header}{}% 34
\BOOKMARK [2][-]{subsection.14.1}{subsection header}{section.14}% 35
\BOOKMARK [1][-]{section.15}{section header}{}% 36
\BOOKMARK [2][-]{subsection.15.1}{subsection header}{section.15}% 37
\BOOKMARK [1][-]{section.16}{section header}{}% 38
\BOOKMARK [1][-]{section.17}{section header}{}% 39
\BOOKMARK [2][-]{subsection.17.1}{subsection header}{section.17}% 40
\BOOKMARK [3][-]{subsubsection.17.1.1}{subsection header}{subsection.17.1}% 41
\BOOKMARK [1][-]{subsubsection.17.1.1}{REFERENCES}{}% 42
\BOOKMARK [1][-]{section*.2}{DOCUMENT HISTORY}{}% 43
