\BOOKMARK [1][-]{section.1}{Introduction}{}% 1
\BOOKMARK [2][-]{subsection.1.1}{Purpose of this Document}{section.1}% 2
\BOOKMARK [2][-]{subsection.1.2}{Scope}{section.1}% 3
\BOOKMARK [2][-]{subsection.1.3}{Objectives}{section.1}% 4
\BOOKMARK [1][-]{section.2}{General Functionality}{}% 5
\BOOKMARK [2][-]{subsection.2.1}{Description}{section.2}% 6
\BOOKMARK [2][-]{subsection.2.2}{Relational Database diagram}{section.2}% 7
\BOOKMARK [2][-]{subsection.2.3}{Relational Database diagram explanation}{section.2}% 8
\BOOKMARK [1][-]{section.3}{Algorithms}{}% 9
\BOOKMARK [1][-]{section.4}{JSON Table}{}% 10
\BOOKMARK [2][-]{subsection.4.1}{JSON Explanation}{section.4}% 11
\BOOKMARK [1][-]{section.5}{Class Diagram}{}% 12
\BOOKMARK [1][-]{section.6}{Significant Data Classes}{}% 13
\BOOKMARK [2][-]{subsection.6.1}{Java Data Classes}{section.6}% 14
\BOOKMARK [2][-]{subsection.6.2}{User-Manager class}{section.6}% 15
\BOOKMARK [2][-]{subsection.6.3}{User class}{section.6}% 16
\BOOKMARK [2][-]{subsection.6.4}{Monster class}{section.6}% 17
\BOOKMARK [2][-]{subsection.6.5}{Request class}{section.6}% 18
\BOOKMARK [2][-]{subsection.6.6}{Functional Requirements}{section.6}% 19
\BOOKMARK [1][-]{section.7}{Breed Class}{}% 20
\BOOKMARK [2][-]{subsection.7.1}{Public Methods}{section.7}% 21
\BOOKMARK [1][-]{section.8}{Monster Class}{}% 22
\BOOKMARK [2][-]{subsection.8.1}{Public Methods}{section.8}% 23
\BOOKMARK [1][-]{section.9}{MySQLDatabase Class}{}% 24
\BOOKMARK [2][-]{subsection.9.1}{Public Methods}{section.9}% 25
\BOOKMARK [2][-]{subsection.9.2}{Public Methods}{section.9}% 26
\BOOKMARK [2][-]{subsection.9.3}{Public Methods}{section.9}% 27
\BOOKMARK [1][-]{section.10}{RequestType class}{}% 28
\BOOKMARK [2][-]{subsection.10.1}{Public methods}{section.10}% 29
\BOOKMARK [1][-]{section.11}{Data Storage}{}% 30
\BOOKMARK [1][-]{section.12}{Sequence Diagrams}{}% 31
\BOOKMARK [2][-]{subsection.12.1}{Accept Battle}{section.12}% 32
\BOOKMARK [2][-]{subsection.12.2}{Accept Breed}{section.12}% 33
\BOOKMARK [2][-]{subsection.12.3}{Accept Friend}{section.12}% 34
\BOOKMARK [2][-]{subsection.12.4}{Add Friend}{section.12}% 35
\BOOKMARK [2][-]{subsection.12.5}{Register User}{section.12}% 36
\BOOKMARK [2][-]{subsection.12.6}{Send battle/breed request}{section.12}% 37
\BOOKMARK [2][-]{subsection.12.7}{User Log In}{section.12}% 38
\BOOKMARK [1][-]{section.13}{Activity Diagram}{}% 39
\BOOKMARK [1][-]{section.14}{State Diagram}{}% 40
\BOOKMARK [2][-]{subsection.14.1}{State Diagram Description}{section.14}% 41
\BOOKMARK [3][-]{subsubsection.14.1.1}{Login Page to Profile Page}{subsection.14.1}% 42
\BOOKMARK [3][-]{subsubsection.14.1.2}{Profile page to Various pages}{subsection.14.1}% 43
\BOOKMARK [3][-]{subsubsection.14.1.3}{Profile page to Help page}{subsection.14.1}% 44
\BOOKMARK [3][-]{subsubsection.14.1.4}{Profile page to Battle page}{subsection.14.1}% 45
\BOOKMARK [3][-]{subsubsection.14.1.5}{Battle page to Battle results page}{subsection.14.1}% 46
\BOOKMARK [3][-]{subsubsection.14.1.6}{Friends page to Various pages}{subsection.14.1}% 47
\BOOKMARK [3][-]{subsubsection.14.1.7}{Friends page to Battle/Breeding page}{subsection.14.1}% 48
\BOOKMARK [3][-]{subsubsection.14.1.8}{Friends page to Add Friend page}{subsection.14.1}% 49
\BOOKMARK [3][-]{subsubsection.14.1.9}{Profile page to Breeding Results page}{subsection.14.1}% 50
\BOOKMARK [3][-]{subsubsection.14.1.10}{Profile page to Logout}{subsection.14.1}% 51
\BOOKMARK [1][-]{subsubsection.14.1.10}{REFERENCES}{}% 52
\BOOKMARK [1][-]{section*.2}{DOCUMENT HISTORY}{}% 53
