This is pdfTeX, Version 3.1415926-2.4-1.40.13 (TeX Live 2012/Debian) (format=pdflatex 2013.2.5)  15 FEB 2013 14:40
entering extended mode
 restricted \write18 enabled.
 %&-line parsing enabled.
**"Design Document.tex"
(./Design Document.tex
LaTeX2e <2011/06/27>
Babel <v3.8m> and hyphenation patterns for english, dumylang, nohyphenation, lo
aded.
(./project.cls
Group project doc style modified by N.W. Hardy 2010-10-12
Document Class: project 2010/10/12 Group project Class
(/usr/share/texlive/texmf-dist/tex/latex/base/article.cls
Document Class: article 2007/10/19 v1.4h Standard LaTeX document class
(/usr/share/texlive/texmf-dist/tex/latex/base/size11.clo
File: size11.clo 2007/10/19 v1.4h Standard LaTeX file (size option)
)
\c@part=\count79
\c@section=\count80
\c@subsection=\count81
\c@subsubsection=\count82
\c@paragraph=\count83
\c@subparagraph=\count84
\c@figure=\count85
\c@table=\count86
\abovecaptionskip=\skip41
\belowcaptionskip=\skip42
\bibindent=\dimen102
))
(/usr/share/texlive/texmf-dist/tex/latex/tools/layout.sty
Package: layout 2000/09/25 v1.2c Show layout parameters
\oneinch=\count87
\cnt@paperwidth=\count88
\cnt@paperheight=\count89
\cnt@hoffset=\count90
\cnt@voffset=\count91
\cnt@textheight=\count92
\cnt@textwidth=\count93
\cnt@topmargin=\count94
\cnt@oddsidemargin=\count95
\cnt@evensidemargin=\count96
\cnt@headheight=\count97
\cnt@headsep=\count98
\cnt@marginparsep=\count99
\cnt@marginparwidth=\count100
\cnt@marginparpush=\count101
\cnt@footskip=\count102
\fheight=\count103
\ref@top=\count104
\ref@hoffset=\count105
\ref@voffset=\count106
\ref@head=\count107
\ref@body=\count108
\ref@foot=\count109
\ref@margin=\count110
\ref@marginwidth=\count111
\ref@marginpar=\count112
\Interval=\count113
\ExtraYPos=\count114
\PositionX=\count115
\PositionY=\count116
\ArrowLength=\count117
)
(/usr/share/texlive/texmf-dist/tex/latex/hyperref/hyperref.sty
Package: hyperref 2012/05/13 v6.82q Hypertext links for LaTeX

(/usr/share/texlive/texmf-dist/tex/generic/oberdiek/hobsub-hyperref.sty
Package: hobsub-hyperref 2012/05/28 v1.13 Bundle oberdiek, subset hyperref (HO)


(/usr/share/texlive/texmf-dist/tex/generic/oberdiek/hobsub-generic.sty
Package: hobsub-generic 2012/05/28 v1.13 Bundle oberdiek, subset generic (HO)
Package: hobsub 2012/05/28 v1.13 Construct package bundles (HO)
Package: infwarerr 2010/04/08 v1.3 Providing info/warning/error messages (HO)
Package: ltxcmds 2011/11/09 v1.22 LaTeX kernel commands for general use (HO)
Package: ifluatex 2010/03/01 v1.3 Provides the ifluatex switch (HO)
Package ifluatex Info: LuaTeX not detected.
Package: ifvtex 2010/03/01 v1.5 Detect VTeX and its facilities (HO)
Package ifvtex Info: VTeX not detected.
Package: intcalc 2007/09/27 v1.1 Expandable calculations with integers (HO)
Package: ifpdf 2011/01/30 v2.3 Provides the ifpdf switch (HO)
Package ifpdf Info: pdfTeX in PDF mode is detected.
Package: etexcmds 2011/02/16 v1.5 Avoid name clashes with e-TeX commands (HO)
Package etexcmds Info: Could not find \expanded.
(etexcmds)             That can mean that you are not using pdfTeX 1.50 or
(etexcmds)             that some package has redefined \expanded.
(etexcmds)             In the latter case, load this package earlier.
Package: kvsetkeys 2012/04/25 v1.16 Key value parser (HO)
Package: kvdefinekeys 2011/04/07 v1.3 Define keys (HO)
Package: pdftexcmds 2011/11/29 v0.20 Utility functions of pdfTeX for LuaTeX (HO
)
Package pdftexcmds Info: LuaTeX not detected.
Package pdftexcmds Info: \pdf@primitive is available.
Package pdftexcmds Info: \pdf@ifprimitive is available.
Package pdftexcmds Info: \pdfdraftmode found.
Package: pdfescape 2011/11/25 v1.13 Implements pdfTeX's escape features (HO)
Package: bigintcalc 2012/04/08 v1.3 Expandable calculations on big integers (HO
)
Package: bitset 2011/01/30 v1.1 Handle bit-vector datatype (HO)
Package: uniquecounter 2011/01/30 v1.2 Provide unlimited unique counter (HO)
)
Package hobsub Info: Skipping package `hobsub' (already loaded).
Package: letltxmacro 2010/09/02 v1.4 Let assignment for LaTeX macros (HO)
Package: hopatch 2012/05/28 v1.2 Wrapper for package hooks (HO)
Package: xcolor-patch 2011/01/30 xcolor patch
Package: atveryend 2011/06/30 v1.8 Hooks at the very end of document (HO)
Package atveryend Info: \enddocument detected (standard20110627).
Package: atbegshi 2011/10/05 v1.16 At begin shipout hook (HO)
Package: refcount 2011/10/16 v3.4 Data extraction from label references (HO)
Package: hycolor 2011/01/30 v1.7 Color options for hyperref/bookmark (HO)
)
(/usr/share/texlive/texmf-dist/tex/latex/graphics/keyval.sty
Package: keyval 1999/03/16 v1.13 key=value parser (DPC)
\KV@toks@=\toks14
)
(/usr/share/texlive/texmf-dist/tex/generic/ifxetex/ifxetex.sty
Package: ifxetex 2010/09/12 v0.6 Provides ifxetex conditional
)
(/usr/share/texlive/texmf-dist/tex/latex/oberdiek/kvoptions.sty
Package: kvoptions 2011/06/30 v3.11 Key value format for package options (HO)
)
\@linkdim=\dimen103
\Hy@linkcounter=\count118
\Hy@pagecounter=\count119

(/usr/share/texlive/texmf-dist/tex/latex/hyperref/pd1enc.def
File: pd1enc.def 2012/05/13 v6.82q Hyperref: PDFDocEncoding definition (HO)
)
\Hy@SavedSpaceFactor=\count120

(/usr/share/texlive/texmf-dist/tex/latex/latexconfig/hyperref.cfg
File: hyperref.cfg 2002/06/06 v1.2 hyperref configuration of TeXLive
)
Package hyperref Info: Hyper figures OFF on input line 4062.
Package hyperref Info: Link nesting OFF on input line 4067.
Package hyperref Info: Hyper index ON on input line 4070.
Package hyperref Info: Plain pages OFF on input line 4077.
Package hyperref Info: Backreferencing OFF on input line 4082.
Package hyperref Info: Implicit mode ON; LaTeX internals redefined.
Package hyperref Info: Bookmarks ON on input line 4300.
\c@Hy@tempcnt=\count121

(/usr/share/texlive/texmf-dist/tex/latex/url/url.sty
\Urlmuskip=\muskip10
Package: url 2006/04/12  ver 3.3  Verb mode for urls, etc.
)
LaTeX Info: Redefining \url on input line 4653.
\Fld@menulength=\count122
\Field@Width=\dimen104
\Fld@charsize=\dimen105
Package hyperref Info: Hyper figures OFF on input line 5773.
Package hyperref Info: Link nesting OFF on input line 5778.
Package hyperref Info: Hyper index ON on input line 5781.
Package hyperref Info: backreferencing OFF on input line 5788.
Package hyperref Info: Link coloring OFF on input line 5793.
Package hyperref Info: Link coloring with OCG OFF on input line 5798.
Package hyperref Info: PDF/A mode OFF on input line 5803.
LaTeX Info: Redefining \ref on input line 5843.
LaTeX Info: Redefining \pageref on input line 5847.
\Hy@abspage=\count123
\c@Item=\count124
\c@Hfootnote=\count125
)

Package hyperref Message: Driver: hpdftex.

(/usr/share/texlive/texmf-dist/tex/latex/hyperref/hpdftex.def
File: hpdftex.def 2012/05/13 v6.82q Hyperref driver for pdfTeX
\Fld@listcount=\count126
\c@bookmark@seq@number=\count127

(/usr/share/texlive/texmf-dist/tex/latex/oberdiek/rerunfilecheck.sty
Package: rerunfilecheck 2011/04/15 v1.7 Rerun checks for auxiliary files (HO)
Package uniquecounter Info: New unique counter `rerunfilecheck' on input line 2
82.
)
\Hy@SectionHShift=\skip43
)
(/usr/share/texlive/texmf-dist/tex/latex/graphics/graphicx.sty
Package: graphicx 1999/02/16 v1.0f Enhanced LaTeX Graphics (DPC,SPQR)

(/usr/share/texlive/texmf-dist/tex/latex/graphics/graphics.sty
Package: graphics 2009/02/05 v1.0o Standard LaTeX Graphics (DPC,SPQR)

(/usr/share/texlive/texmf-dist/tex/latex/graphics/trig.sty
Package: trig 1999/03/16 v1.09 sin cos tan (DPC)
)
(/usr/share/texlive/texmf-dist/tex/latex/latexconfig/graphics.cfg
File: graphics.cfg 2010/04/23 v1.9 graphics configuration of TeX Live
)
Package graphics Info: Driver file: pdftex.def on input line 91.

(/usr/share/texlive/texmf-dist/tex/latex/pdftex-def/pdftex.def
File: pdftex.def 2011/05/27 v0.06d Graphics/color for pdfTeX
\Gread@gobject=\count128
))
\Gin@req@height=\dimen106
\Gin@req@width=\dimen107
)
(/usr/share/texlive/texmf-dist/tex/latex/pdfpages/pdfpages.sty
Package: pdfpages 2012/04/03 v0.4s Insert pages of external PDF documents (AM)

(/usr/share/texlive/texmf-dist/tex/latex/base/ifthen.sty
Package: ifthen 2001/05/26 v1.1c Standard LaTeX ifthen package (DPC)
)
(/usr/share/texlive/texmf-dist/tex/latex/tools/calc.sty
Package: calc 2007/08/22 v4.3 Infix arithmetic (KKT,FJ)
\calc@Acount=\count129
\calc@Bcount=\count130
\calc@Adimen=\dimen108
\calc@Bdimen=\dimen109
\calc@Askip=\skip44
\calc@Bskip=\skip45
LaTeX Info: Redefining \setlength on input line 76.
LaTeX Info: Redefining \addtolength on input line 77.
\calc@Ccount=\count131
\calc@Cskip=\skip46
)
(/usr/share/texlive/texmf-dist/tex/latex/eso-pic/eso-pic.sty
Package: eso-pic 2010/10/06 v2.0c eso-pic (RN)

(/usr/share/texmf/tex/latex/xcolor/xcolor.sty
Package: xcolor 2007/01/21 v2.11 LaTeX color extensions (UK)

(/usr/share/texlive/texmf-dist/tex/latex/latexconfig/color.cfg
File: color.cfg 2007/01/18 v1.5 color configuration of teTeX/TeXLive
)
Package xcolor Info: Driver file: pdftex.def on input line 225.
Package xcolor Info: Model `cmy' substituted by `cmy0' on input line 1337.
Package xcolor Info: Model `hsb' substituted by `rgb' on input line 1341.
Package xcolor Info: Model `RGB' extended on input line 1353.
Package xcolor Info: Model `HTML' substituted by `rgb' on input line 1355.
Package xcolor Info: Model `Hsb' substituted by `hsb' on input line 1356.
Package xcolor Info: Model `tHsb' substituted by `hsb' on input line 1357.
Package xcolor Info: Model `HSB' substituted by `hsb' on input line 1358.
Package xcolor Info: Model `Gray' substituted by `gray' on input line 1359.
Package xcolor Info: Model `wave' substituted by `hsb' on input line 1360.
))
(/usr/share/texlive/texmf-dist/tex/latex/pdfpages/pppdftex.def
File: pppdftex.def 2012/04/03 v0.4s Pdfpages driver for pdfTeX (AM)
)
\AM@pagebox=\box26
\AM@toc@title=\toks15
\c@AM@survey=\count132
\AM@templatesizebox=\box27
)
Package hyperref Info: Option `colorlinks' set `false' on input line 8.

(./Design Document.aux)
\openout1 = `"Design Document.aux"'.

LaTeX Font Info:    Checking defaults for OML/cmm/m/it on input line 9.
LaTeX Font Info:    ... okay on input line 9.
LaTeX Font Info:    Checking defaults for T1/cmr/m/n on input line 9.
LaTeX Font Info:    ... okay on input line 9.
LaTeX Font Info:    Checking defaults for OT1/cmr/m/n on input line 9.
LaTeX Font Info:    ... okay on input line 9.
LaTeX Font Info:    Checking defaults for OMS/cmsy/m/n on input line 9.
LaTeX Font Info:    ... okay on input line 9.
LaTeX Font Info:    Checking defaults for OMX/cmex/m/n on input line 9.
LaTeX Font Info:    ... okay on input line 9.
LaTeX Font Info:    Checking defaults for U/cmr/m/n on input line 9.
LaTeX Font Info:    ... okay on input line 9.
LaTeX Font Info:    Checking defaults for PD1/pdf/m/n on input line 9.
LaTeX Font Info:    ... okay on input line 9.
\AtBeginShipoutBox=\box28
Package hyperref Info: Link coloring OFF on input line 9.

(/usr/share/texlive/texmf-dist/tex/latex/hyperref/nameref.sty
Package: nameref 2010/04/30 v2.40 Cross-referencing by name of section

(/usr/share/texlive/texmf-dist/tex/generic/oberdiek/gettitlestring.sty
Package: gettitlestring 2010/12/03 v1.4 Cleanup title references (HO)
)
\c@section@level=\count133
)
LaTeX Info: Redefining \ref on input line 9.
LaTeX Info: Redefining \pageref on input line 9.
LaTeX Info: Redefining \nameref on input line 9.

(./Design Document.out) (./Design Document.out)
\@outlinefile=\write3
\openout3 = `"Design Document.out"'.


(/usr/share/texlive/texmf-dist/tex/context/base/supp-pdf.mkii
[Loading MPS to PDF converter (version 2006.09.02).]
\scratchcounter=\count134
\scratchdimen=\dimen110
\scratchbox=\box29
\nofMPsegments=\count135
\nofMParguments=\count136
\everyMPshowfont=\toks16
\MPscratchCnt=\count137
\MPscratchDim=\dimen111
\MPnumerator=\count138
\makeMPintoPDFobject=\count139
\everyMPtoPDFconversion=\toks17
) (/usr/share/texlive/texmf-dist/tex/latex/oberdiek/epstopdf-base.sty
Package: epstopdf-base 2010/02/09 v2.5 Base part for package epstopdf

(/usr/share/texlive/texmf-dist/tex/latex/oberdiek/grfext.sty
Package: grfext 2010/08/19 v1.1 Manage graphics extensions (HO)
)
Package grfext Info: Graphics extension search list:
(grfext)             [.png,.pdf,.jpg,.mps,.jpeg,.jbig2,.jb2,.PNG,.PDF,.JPG,.JPE
G,.JBIG2,.JB2,.eps]
(grfext)             \AppendGraphicsExtensions on input line 452.

(/usr/share/texlive/texmf-dist/tex/latex/latexconfig/epstopdf-sys.cfg
File: epstopdf-sys.cfg 2010/07/13 v1.3 Configuration of (r)epstopdf for TeX Liv
e
))
LaTeX Font Info:    External font `cmex10' loaded for size
(Font)              <10.95> on input line 19.
LaTeX Font Info:    External font `cmex10' loaded for size
(Font)              <8> on input line 19.
LaTeX Font Info:    External font `cmex10' loaded for size
(Font)              <6> on input line 19.
LaTeX Font Info:    Try loading font information for OMS+cmr on input line 19.

(/usr/share/texlive/texmf-dist/tex/latex/base/omscmr.fd
File: omscmr.fd 1999/05/25 v2.5h Standard LaTeX font definitions
)
LaTeX Font Info:    Font shape `OMS/cmr/m/n' in size <10.95> not available
(Font)              Font shape `OMS/cmsy/m/n' tried instead on input line 19.
 [0


{/var/lib/texmf/fonts/map/pdftex/updmap/pdftex.map}] (./Design Document.toc [1]
)
\tf@toc=\write4
\openout4 = `"Design Document.toc"'.

 [2]
Missing character: There is no ‘ in font cmr10!
Missing character: There is no ’ in font cmr10!
Missing character: There is no ‘ in font cmr10!
Missing character: There is no ’ in font cmr10!

<relationshipDiagram.jpg, id=291, 395.076pt x 296.307pt>
File: relationshipDiagram.jpg Graphic file (type jpg)

<use relationshipDiagram.jpg>
Package pdftex.def Info: relationshipDiagram.jpg used on input line 45.
(pdftex.def)             Requested size: 395.07503pt x 296.30627pt.
 [3]
Missing character: There is no ’ in font cmr10!
Missing character: There is no ’ in font cmr10!
LaTeX Font Info:    External font `cmex10' loaded for size
(Font)              <9> on input line 56.
LaTeX Font Info:    External font `cmex10' loaded for size
(Font)              <5> on input line 56.

Overfull \hbox (8.248pt too wide) in paragraph at lines 60--60
[]\OT1/cmr/m/n/9 getMonsters,getFriends| 
 []


Underfull \hbox (badness 10000) in paragraph at lines 61--61
[]\OT1/cmr/m/n/9 On
 []


Underfull \hbox (badness 2744) in paragraph at lines 61--61
\OT1/cmr/m/n/9 click-ing a
 []


Underfull \hbox (badness 10000) in paragraph at lines 61--61
[]\OT1/cmr/m/n/9 ID rep-re-sent-ing a
 []


Underfull \hbox (badness 6477) in paragraph at lines 62--62
[]\OT1/cmr/m/n/9 On click-
 []


Underfull \hbox (badness 10000) in paragraph at lines 62--62
[]\OT1/cmr/m/n/9 userMonsterID:Int,
 []


Underfull \hbox (badness 10000) in paragraph at lines 62--62
\OT1/cmr/m/n/9 frien-dId:Int,
 []


Underfull \hbox (badness 2762) in paragraph at lines 62--62
[]\OT1/cmr/m/n/9 ID of the se-lected
 []


Underfull \hbox (badness 2409) in paragraph at lines 62--62
\OT1/cmr/m/n/9 friend we are bat-
 []


Overfull \hbox (8.248pt too wide) in paragraph at lines 63--63
[]\OT1/cmr/m/n/9 getMonsters,getFriends| 
 []


Underfull \hbox (badness 10000) in paragraph at lines 64--64
[]\OT1/cmr/m/n/9 On
 []


Underfull \hbox (badness 2744) in paragraph at lines 64--64
\OT1/cmr/m/n/9 click-ing a
 []


Underfull \hbox (badness 7308) in paragraph at lines 64--64
[]\OT1/cmr/m/n/9 Request a list of
 []


Underfull \hbox (badness 10000) in paragraph at lines 64--64
[]\OT1/cmr/m/n/9 ID rep-re-sent-ing a
 []


Underfull \hbox (badness 6477) in paragraph at lines 65--65
[]\OT1/cmr/m/n/9 On click-
 []


Underfull \hbox (badness 10000) in paragraph at lines 65--65
[]\OT1/cmr/m/n/9 userMonsterID:Int,
 []


Underfull \hbox (badness 10000) in paragraph at lines 65--65
\OT1/cmr/m/n/9 frien-dId:Int,
 []


Underfull \hbox (badness 2762) in paragraph at lines 65--65
[]\OT1/cmr/m/n/9 ID of the se-lected
 []


Underfull \hbox (badness 7308) in paragraph at lines 66--66
[]\OT1/cmr/m/n/9 Request a list of
 []


Underfull \hbox (badness 7308) in paragraph at lines 67--67
[]\OT1/cmr/m/n/9 Request a list of
 []


Underfull \hbox (badness 10000) in paragraph at lines 68--68
[]\OT1/cmr/m/n/9 Accept
 []


Underfull \hbox (badness 10000) in paragraph at lines 68--68
\OT1/cmr/m/n/9 Friend
 []


Underfull \hbox (badness 10000) in paragraph at lines 68--68
[]\OT1/cmr/m/n/9 Accept a pend-ing
 []


Underfull \hbox (badness 10000) in paragraph at lines 68--68
[]\OT1/cmr/m/n/9 acceptRequest id:
 []


Underfull \hbox (badness 10000) in paragraph at lines 68--68
[]\OT1/cmr/m/n/9 ID rep-re-sent-ing a
 []


Underfull \hbox (badness 10000) in paragraph at lines 69--69
[]\OT1/cmr/m/n/9 Decline
 []


Underfull \hbox (badness 10000) in paragraph at lines 69--69
\OT1/cmr/m/n/9 Friend
 []


Underfull \hbox (badness 7081) in paragraph at lines 69--69
[]\OT1/cmr/m/n/9 Decline a pend-ing
 []


Underfull \hbox (badness 10000) in paragraph at lines 69--69
[]\OT1/cmr/m/n/9 ID rep-re-sent-ing a
 []


Underfull \hbox (badness 10000) in paragraph at lines 70--70
[]\OT1/cmr/m/n/9 Add
 []


Underfull \hbox (badness 10000) in paragraph at lines 70--70
\OT1/cmr/m/n/9 Friend
 []


Underfull \hbox (badness 3148) in paragraph at lines 70--70
[]\OT1/cmr/m/n/9 Send a re-quest to
 []


Underfull \hbox (badness 2717) in paragraph at lines 70--70
\OT1/cmr/m/n/9 con-nect to an-other
 []


Overfull \hbox (8.50247pt too wide) in paragraph at lines 71--71
[]\OT1/cmr/m/n/9 Notifications
 []


Underfull \hbox (badness 10000) in paragraph at lines 72--77
[]\OT1/cmr/m/n/9 "Notifications": [
 []


Underfull \hbox (badness 10000) in paragraph at lines 72--77
\OT1/cmr/m/n/9 "Type":"BATTLE"
 []


Underfull \hbox (badness 10000) in paragraph at lines 72--77
\OT1/cmr/m/n/9 , "ID":"1" ,
 []


Underfull \hbox (badness 10000) in paragraph at lines 72--77
\OT1/cmr/m/n/9 "From":"email" ,
 []


Underfull \hbox (badness 10000) in paragraph at lines 72--77
\OT1/cmr/m/n/9 "Type":" BREED
 []


Underfull \hbox (badness 10000) in paragraph at lines 72--77
\OT1/cmr/m/n/9 " , "ID":"2" ,
 []


Underfull \hbox (badness 10000) in paragraph at lines 72--77
\OT1/cmr/m/n/9 "From":"email" ,
 []


Underfull \hbox (badness 10000) in paragraph at lines 72--77
\OT1/cmr/m/n/9 "Type":" FRIEND
 []


Underfull \hbox (badness 10000) in paragraph at lines 72--77
\OT1/cmr/m/n/9 " , "ID":"3" ,
 []


Underfull \hbox (badness 10000) in paragraph at lines 72--77
\OT1/cmr/m/n/9 "From":"email"
 []


Underfull \hbox (badness 3965) in paragraph at lines 72--77
\OT1/cmr/m/n/9 , ] Type can be
 []


Overfull \hbox (8.50247pt too wide) in paragraph at lines 78--78
[]\OT1/cmr/m/n/9 Notifications
 []


Underfull \hbox (badness 10000) in paragraph at lines 78--78
[]\OT1/cmr/m/n/9 Click
 []


Underfull \hbox (badness 10000) in paragraph at lines 78--78
\OT1/cmr/m/n/9 ac-cept
 []


Overfull \hbox (8.50247pt too wide) in paragraph at lines 79--79
[]\OT1/cmr/m/n/9 Notifications
 []


Underfull \hbox (badness 10000) in paragraph at lines 79--79
[]\OT1/cmr/m/n/9 Click
 []


Underfull \hbox (badness 10000) in paragraph at lines 79--79
\OT1/cmr/m/n/9 de-cline
 []


Overfull \hbox (101.3063pt too wide) in paragraph at lines 56--82
[]
 []


Underfull \hbox (badness 10000) in paragraph at lines 56--82

 []


LaTeX Warning: Float too large for page by 59.17647pt on input line 82.

<MonsterMashClassesv1_1.jpg, id=297, 1050.92625pt x 1348.03625pt>
File: MonsterMashClassesv1_1.jpg Graphic file (type jpg)

<use MonsterMashClassesv1_1.jpg>
Package pdftex.def Info: MonsterMashClassesv1_1.jpg used on input line 89.
(pdftex.def)             Requested size: 420.36307pt x 539.20496pt.

Overfull \hbox (22.87808pt too wide) in paragraph at lines 89--90
[] 
 []

[4 <./relationshipDiagram.jpg>] [5]
Underfull \vbox (badness 10000) has occurred while \output is active []

 [6]
Underfull \vbox (badness 10000) has occurred while \output is active []

 [7 <./MonsterMashClassesv1_1.jpg>] [8] [9] [10]
LaTeX Font Info:    Try loading font information for OML+cmr on input line 156.


(/usr/share/texlive/texmf-dist/tex/latex/base/omlcmr.fd
File: omlcmr.fd 1999/05/25 v2.5h Standard LaTeX font definitions
)
LaTeX Font Info:    Font shape `OML/cmr/m/n' in size <10.95> not available
(Font)              Font shape `OML/cmm/m/it' tried instead on input line 156.

Overfull \hbox (43.94257pt too wide) in paragraph at lines 149--159
\OT1/cmr/m/n/10.95 and takes Ar-rayList\OML/cmm/m/it/10.95 <\OT1/cmr/m/n/10.95 
User\OML/cmm/m/it/10.95 >\OT1/cmr/m/n/10.95 friends as a pa-ram-e-ter. pub-lic 
Ar-rayList\OML/cmm/m/it/10.95 <\OT1/cmr/m/n/10.95 Request\OML/cmm/m/it/10.95 >\
OT1/cmr/m/n/10.95 getRequests()
 []


Overfull \hbox (76.92433pt too wide) in paragraph at lines 149--159
\OT1/cmr/m/n/10.95 quests(ArrayList\OML/cmm/m/it/10.95 <\OT1/cmr/m/n/10.95 Requ
est\OML/cmm/m/it/10.95 >\OT1/cmr/m/n/10.95 requests) - This will set re-quests 
and takes Ar-rayList\OML/cmm/m/it/10.95 <\OT1/cmr/m/n/10.95 Request\OML/cmm/m/i
t/10.95 >\OT1/cmr/m/n/10.95 requests
 []

[11]
<sequence_diagrams/SD_accept_battle.png, id=343, 1313.90875pt x 733.74126pt>
File: sequence_diagrams/SD_accept_battle.png Graphic file (type png)

<use sequence_diagrams/SD_accept_battle.png>
Package pdftex.def Info: sequence_diagrams/SD_accept_battle.png used on input l
ine 176.
(pdftex.def)             Requested size: 525.5542pt x 293.4913pt.

Overfull \hbox (128.06921pt too wide) in paragraph at lines 176--177
 [] 
 []

[12] <sequence_diagrams/SD_accept_breed.png, id=350, 768.8725pt x 733.74126pt>
File: sequence_diagrams/SD_accept_breed.png Graphic file (type png)

<use sequence_diagrams/SD_accept_breed.png>
Package pdftex.def Info: sequence_diagrams/SD_accept_breed.png used on input li
ne 182.
(pdftex.def)             Requested size: 307.54355pt x 293.4913pt.

Underfull \vbox (badness 10000) has occurred while \output is active []

 [13 <./sequence_diagrams/SD_accept_battle.png>]
<sequence_diagrams/SD_accept_friend.png, id=356, 676.5275pt x 522.95375pt>
File: sequence_diagrams/SD_accept_friend.png Graphic file (type png)

<use sequence_diagrams/SD_accept_friend.png>
Package pdftex.def Info: sequence_diagrams/SD_accept_friend.png used on input l
ine 188.
(pdftex.def)             Requested size: 270.6062pt x 209.1778pt.

Underfull \vbox (badness 10000) has occurred while \output is active []

 [14 <./sequence_diagrams/SD_accept_breed.png>]
<sequence_diagrams/SD_add_friend.png, id=362, 836.12375pt x 409.53pt>
File: sequence_diagrams/SD_add_friend.png Graphic file (type png)

<use sequence_diagrams/SD_add_friend.png>
Package pdftex.def Info: sequence_diagrams/SD_add_friend.png used on input line
 194.
(pdftex.def)             Requested size: 334.44357pt x 163.80908pt.

<sequence_diagrams/SD_register_user.png, id=363, 616.3025pt x 411.5375pt>
File: sequence_diagrams/SD_register_user.png Graphic file (type png)

<use sequence_diagrams/SD_register_user.png>
Package pdftex.def Info: sequence_diagrams/SD_register_user.png used on input l
ine 200.
(pdftex.def)             Requested size: 246.51663pt x 164.61208pt.

Underfull \vbox (badness 1005) has occurred while \output is active []

 [15 <./sequence_diagrams/SD_accept_friend.png> <./sequence_diagrams/SD_add_fri
end.png>]
<sequence_diagrams/SD_request_battle.png, id=369, 850.17625pt x 769.87625pt>
File: sequence_diagrams/SD_request_battle.png Graphic file (type png)

<use sequence_diagrams/SD_request_battle.png>
Package pdftex.def Info: sequence_diagrams/SD_request_battle.png used on input 
line 206.
(pdftex.def)             Requested size: 340.06447pt x 307.94504pt.
 [16 <./sequence_diagrams/SD_register_user.png> <./sequence_diagrams/SD_request
_battle.png>]
<sequence_diagrams/SD_user_login.png, id=375, 733.74126pt x 543.02875pt>
File: sequence_diagrams/SD_user_login.png Graphic file (type png)

<use sequence_diagrams/SD_user_login.png>
Package pdftex.def Info: sequence_diagrams/SD_user_login.png used on input line
 212.
(pdftex.def)             Requested size: 293.4913pt x 217.20764pt.

<activitydiagram.png, id=376, 395.22656pt x 528.47438pt>
File: activitydiagram.png Graphic file (type png)

<use activitydiagram.png>
Package pdftex.def Info: activitydiagram.png used on input line 217.
(pdftex.def)             Requested size: 197.6128pt x 264.23654pt.

Underfull \vbox (badness 10000) has occurred while \output is active []

 [17 <./sequence_diagrams/SD_user_login.png>]
<state_diagram.png, id=382, 871.255pt x 485.815pt>
File: state_diagram.png Graphic file (type png)
 <use state_diagram.png>
Package pdftex.def Info: state_diagram.png used on input line 222.
(pdftex.def)             Requested size: 435.62643pt x 242.9069pt.

Overfull \hbox (38.14145pt too wide) in paragraph at lines 222--223
 [] 
 []


Underfull \vbox (badness 10000) has occurred while \output is active []

 [18 <./activitydiagram.png>]
Missing character: There is no “ in font cmr10!
Missing character: There is no ” in font cmr10!
 [19 <./state_diagram.png>]
Missing character: There is no “ in font cmr10!
Missing character: There is no ” in font cmr10!
Missing character: There is no “ in font cmr10!
Missing character: There is no ” in font cmr10!
Missing character: There is no “ in font cmr10!
Missing character: There is no ” in font cmr10!
Missing character: There is no “ in font cmr10!
Missing character: There is no ” in font cmr10!
Missing character: There is no “ in font cmr10!
Missing character: There is no ” in font cmr10!
Missing character: There is no “ in font cmr10!
Missing character: There is no ” in font cmr10!
Missing character: There is no ’ in font cmr10!
Missing character: There is no “ in font cmr10!
Missing character: There is no ” in font cmr10!
Missing character: There is no “ in font cmr10!
Missing character: There is no ” in font cmr10!
Missing character: There is no ’ in font cmr10!
Missing character: There is no “ in font cmr10!
Missing character: There is no ” in font cmr10!
Missing character: There is no “ in font cmr10!
Missing character: There is no ” in font cmr10!
Missing character: There is no “ in font cmr10!
Missing character: There is no ” in font cmr10!
Missing character: There is no “ in font cmr10!
Missing character: There is no ” in font cmr10!
Missing character: There is no “ in font cmr10!
Missing character: There is no ” in font cmr10!
Missing character: There is no “ in font cmr10!
Missing character: There is no ” in font cmr10!
Missing character: There is no ’ in font cmr10!
Missing character: There is no “ in font cmr10!
Missing character: There is no ” in font cmr10!
Missing character: There is no “ in font cmr10!
Missing character: There is no ” in font cmr10!
 [20]
Missing character: There is no “ in font cmr10!
Missing character: There is no ” in font cmr10!
Missing character: There is no “ in font cmr10!
Missing character: There is no ” in font cmr10!
Missing character: There is no “ in font cmr10!
Missing character: There is no ” in font cmr10!
Missing character: There is no “ in font cmr10!
Missing character: There is no ” in font cmr10!
Missing character: There is no “ in font cmr10!
Missing character: There is no ” in font cmr10!
Missing character: There is no “ in font cmr10!
Missing character: There is no ” in font cmr10!
Missing character: There is no “ in font cmr10!
Missing character: There is no ” in font cmr10!
Missing character: There is no “ in font cmr10!
Missing character: There is no ” in font cmr10!
 [21] [22

]
Package atveryend Info: Empty hook `BeforeClearDocument' on input line 295.

Overfull \hbox (75.63466pt too wide) in paragraph at lines 279--295
[]
 []

[23

]
Package atveryend Info: Empty hook `AfterLastShipout' on input line 295.
 (./Design Document.aux)
Package atveryend Info: Executing hook `AtVeryEndDocument' on input line 295.
Package atveryend Info: Executing hook `AtEndAfterFileList' on input line 295.
Package rerunfilecheck Info: File `"Design Document".out' has not changed.
(rerunfilecheck)             Checksum: 329000638557A9FAFDA4D93B7FDE10A7;3536.
Package atveryend Info: Empty hook `AtVeryVeryEnd' on input line 295.
 ) 
Here is how much of TeX's memory you used:
 6390 strings out of 495059
 94197 string characters out of 3182031
 201932 words of memory out of 3000000
 9432 multiletter control sequences out of 15000+200000
 9155 words of font info for 32 fonts, out of 3000000 for 9000
 14 hyphenation exceptions out of 8191
 37i,13n,39p,982b,408s stack positions out of 5000i,500n,10000p,200000b,50000s
</usr/share/texlive/texmf-dist/fonts/type1/public/amsfonts/cm/cmbx10.pfb></us
r/share/texlive/texmf-dist/fonts/type1/public/amsfonts/cm/cmbx12.pfb></usr/shar
e/texlive/texmf-dist/fonts/type1/public/amsfonts/cm/cmmi10.pfb></usr/share/texl
ive/texmf-dist/fonts/type1/public/amsfonts/cm/cmr10.pfb></usr/share/texlive/tex
mf-dist/fonts/type1/public/amsfonts/cm/cmr9.pfb></usr/share/texlive/texmf-dist/
fonts/type1/public/amsfonts/cm/cmsy10.pfb></usr/share/texlive/texmf-dist/fonts/
type1/public/amsfonts/cm/cmti10.pfb>
Output written on "Design Document.pdf" (24 pages, 642307 bytes).
PDF statistics:
 461 PDF objects out of 1000 (max. 8388607)
 412 compressed objects within 5 object streams
 81 named destinations out of 1000 (max. 500000)
 480 words of extra memory for PDF output out of 10000 (max. 10000000)

