\BOOKMARK [1][-]{section.1}{Introduction}{}% 1
\BOOKMARK [2][-]{subsection.1.1}{Purpose of this Document}{section.1}% 2
\BOOKMARK [2][-]{subsection.1.2}{Scope}{section.1}% 3
\BOOKMARK [2][-]{subsection.1.3}{Objectives}{section.1}% 4
\BOOKMARK [1][-]{section.2}{Overview}{}% 5
\BOOKMARK [1][-]{section.3}{Deployment}{}% 6
\BOOKMARK [2][-]{subsection.3.1}{Overview}{section.3}% 7
\BOOKMARK [2][-]{subsection.3.2}{Hosting}{section.3}% 8
\BOOKMARK [2][-]{subsection.3.3}{Apache HTTP}{section.3}% 9
\BOOKMARK [2][-]{subsection.3.4}{MySQL}{section.3}% 10
\BOOKMARK [2][-]{subsection.3.5}{TomCat}{section.3}% 11
\BOOKMARK [2][-]{subsection.3.6}{server Side Conclusion}{section.3}% 12
\BOOKMARK [1][-]{section.4}{Methodology}{}% 13
\BOOKMARK [1][-]{section.5}{Use Case}{}% 14
\BOOKMARK [2][-]{subsection.5.1}{Welcome Page}{section.5}% 15
\BOOKMARK [2][-]{subsection.5.2}{Main profile page}{section.5}% 16
\BOOKMARK [2][-]{subsection.5.3}{Friends Page}{section.5}% 17
\BOOKMARK [2][-]{subsection.5.4}{Add Friends}{section.5}% 18
\BOOKMARK [2][-]{subsection.5.5}{Breeding}{section.5}% 19
\BOOKMARK [2][-]{subsection.5.6}{Breeding Results}{section.5}% 20
\BOOKMARK [2][-]{subsection.5.7}{Battle Screen}{section.5}% 21
\BOOKMARK [2][-]{subsection.5.8}{Battle Results Page}{section.5}% 22
\BOOKMARK [2][-]{subsection.5.9}{Help Page}{section.5}% 23
\BOOKMARK [2][-]{subsection.5.10}{Notifications Page}{section.5}% 24
\BOOKMARK [1][-]{section.6}{User Interface Design}{}% 25
\BOOKMARK [2][-]{subsection.6.1}{Login Screen\(fig2\)}{section.6}% 26
\BOOKMARK [2][-]{subsection.6.2}{Profile page\(fig3\)}{section.6}% 27
\BOOKMARK [2][-]{subsection.6.3}{Breeding Page\(fig 4\)}{section.6}% 28
\BOOKMARK [2][-]{subsection.6.4}{Battle Selection Screen\(fig 5\)}{section.6}% 29
\BOOKMARK [2][-]{subsection.6.5}{Battle Page\(fig 6\)}{section.6}% 30
\BOOKMARK [2][-]{subsection.6.6}{The Help Page\(fig 7\)}{section.6}% 31
\BOOKMARK [2][-]{subsection.6.7}{Friend Management Page\(fig 8\)}{section.6}% 32
\BOOKMARK [1][-]{section.7}{Gantt chart}{}% 33
\BOOKMARK [1][-]{section.8}{Risk Assessment}{}% 34
\BOOKMARK [1][-]{section.8}{REFERENCES}{}% 35
\BOOKMARK [1][-]{section*.2}{DOCUMENT HISTORY}{}% 36
