\BOOKMARK [1][-]{section.1}{Introduction}{}% 1
\BOOKMARK [2][-]{subsection.1.1}{Purpose of this Document}{section.1}% 2
\BOOKMARK [2][-]{subsection.1.2}{Scope}{section.1}% 3
\BOOKMARK [2][-]{subsection.1.3}{Objectives}{section.1}% 4
\BOOKMARK [1][-]{section.2}{Overview}{}% 5
\BOOKMARK [1][-]{section.3}{Deployment}{}% 6
\BOOKMARK [2][-]{subsection.3.1}{Overview}{section.3}% 7
\BOOKMARK [2][-]{subsection.3.2}{Hosting}{section.3}% 8
\BOOKMARK [2][-]{subsection.3.3}{Apache Tomcat HTTP}{section.3}% 9
\BOOKMARK [2][-]{subsection.3.4}{MySQL}{section.3}% 10
\BOOKMARK [2][-]{subsection.3.5}{TomCat}{section.3}% 11
\BOOKMARK [2][-]{subsection.3.6}{Server Side Conclusion}{section.3}% 12
\BOOKMARK [1][-]{section.4}{Methodology}{}% 13
\BOOKMARK [1][-]{section.5}{Use Case}{}% 14
\BOOKMARK [2][-]{subsection.5.1}{Welcome Page}{section.5}% 15
\BOOKMARK [2][-]{subsection.5.2}{Main profile page}{section.5}% 16
\BOOKMARK [2][-]{subsection.5.3}{Friends Page}{section.5}% 17
\BOOKMARK [2][-]{subsection.5.4}{Add Friends}{section.5}% 18
\BOOKMARK [2][-]{subsection.5.5}{Breeding}{section.5}% 19
\BOOKMARK [2][-]{subsection.5.6}{Breeding Results}{section.5}% 20
\BOOKMARK [2][-]{subsection.5.7}{Battle Screen}{section.5}% 21
\BOOKMARK [2][-]{subsection.5.8}{Battle Results Page}{section.5}% 22
