This is pdfTeX, Version 3.1415926-2.3-1.40.12 (MiKTeX 2.9) (preloaded format=latex 2013.2.14)  14 FEB 2013 11:29
entering extended mode
**projectplan.tex

("D:\dac26\Documents\GitHub\2nd-Year-Group-project\N17\docs\Project Plan\projec
tplan.tex"
LaTeX2e <2011/06/27>
Babel <v3.8m> and hyphenation patterns for english, afrikaans, ancientgreek, ar
abic, armenian, assamese, basque, bengali, bokmal, bulgarian, catalan, coptic, 
croatian, czech, danish, dutch, esperanto, estonian, farsi, finnish, french, ga
lician, german, german-x-2009-06-19, greek, gujarati, hindi, hungarian, iceland
ic, indonesian, interlingua, irish, italian, kannada, kurmanji, lao, latin, lat
vian, lithuanian, malayalam, marathi, mongolian, mongolianlmc, monogreek, ngerm
an, ngerman-x-2009-06-19, nynorsk, oriya, panjabi, pinyin, polish, portuguese, 
romanian, russian, sanskrit, serbian, slovak, slovenian, spanish, swedish, swis
sgerman, tamil, telugu, turkish, turkmen, ukenglish, ukrainian, uppersorbian, u
senglishmax, welsh, loaded.

("D:\dac26\Documents\GitHub\2nd-Year-Group-project\N17\docs\Project Plan\projec
t.cls"
Group project doc style modified by N.W. Hardy 2010-10-12
Document Class: project 2010/10/12 Group project Class
("C:\Program Files\MiKTeX 2.9\tex\latex\base\article.cls"
Document Class: article 2007/10/19 v1.4h Standard LaTeX document class
("C:\Program Files\MiKTeX 2.9\tex\latex\base\size11.clo"
File: size11.clo 2007/10/19 v1.4h Standard LaTeX file (size option)
)
\c@part=\count79
\c@section=\count80
\c@subsection=\count81
\c@subsubsection=\count82
\c@paragraph=\count83
\c@subparagraph=\count84
\c@figure=\count85
\c@table=\count86
\abovecaptionskip=\skip41
\belowcaptionskip=\skip42
\bibindent=\dimen102
))
("C:\Program Files\MiKTeX 2.9\tex\latex\hyperref\hyperref.sty"
Package: hyperref 2011/12/04 v6.82m Hypertext links for LaTeX

("C:\Program Files\MiKTeX 2.9\tex\generic\oberdiek\hobsub-hyperref.sty"
Package: hobsub-hyperref 2011/04/23 v1.4 Bundle oberdiek, subset hyperref (HO)

("C:\Program Files\MiKTeX 2.9\tex\generic\oberdiek\hobsub-generic.sty"
Package: hobsub-generic 2011/04/23 v1.4 Bundle oberdiek, subset generic (HO)
Package: hobsub 2011/04/23 v1.4 Subsetting bundle oberdiek (HO)
Package: infwarerr 2010/04/08 v1.3 Providing info/warning/message (HO)
Package: ltxcmds 2011/04/18 v1.20 LaTeX kernel commands for general use (HO)
Package: ifluatex 2010/03/01 v1.3 Provides the ifluatex switch (HO)
Package ifluatex Info: LuaTeX not detected.
Package: ifvtex 2010/03/01 v1.5 Switches for detecting VTeX and its modes (HO)
Package ifvtex Info: VTeX not detected.
Package: intcalc 2007/09/27 v1.1 Expandable integer calculations (HO)
Package: ifpdf 2011/01/30 v2.3 Provides the ifpdf switch (HO)
Package ifpdf Info: pdfTeX in PDF mode is not detected.
Package: etexcmds 2011/02/16 v1.5 Prefix for e-TeX command names (HO)
Package etexcmds Info: Could not find \expanded.
(etexcmds)             That can mean that you are not using pdfTeX 1.50 or
(etexcmds)             that some package has redefined \expanded.
(etexcmds)             In the latter case, load this package earlier.
Package: kvsetkeys 2011/04/07 v1.13 Key value parser (HO)
Package: kvdefinekeys 2011/04/07 v1.3 Defining keys (HO)
Package: pdftexcmds 2011/04/22 v0.16 Utilities of pdfTeX for LuaTeX (HO)
Package pdftexcmds Info: LuaTeX not detected.
Package pdftexcmds Info: \pdf@primitive is available.
Package pdftexcmds Info: \pdf@ifprimitive is available.
Package pdftexcmds Info: \pdfdraftmode is ignored in DVI mode.
Package: pdfescape 2011/04/04 v1.12 Provides string conversions (HO)
Package: bigintcalc 2011/01/30 v1.2 Expandable big integer calculations (HO)
Package: bitset 2011/01/30 v1.1 Data type bit set (HO)
Package: uniquecounter 2011/01/30 v1.2 Provides unlimited unique counter (HO)
)
Package hobsub Info: Skipping package `hobsub' (already loaded).
Package: letltxmacro 2010/09/02 v1.4 Let assignment for LaTeX macros (HO)
Package: hopatch 2011/01/30 v1.0 Wrapper for package hooks (HO)
Package: xcolor-patch 2011/01/30 xcolor patch
Package: atveryend 2011/04/23 v1.7 Hooks at very end of document (HO)
Package: atbegshi 2011/01/30 v1.15 At begin shipout hook (HO)
Package: refcount 2010/12/01 v3.2 Data extraction from references (HO)
Package: hycolor 2011/01/30 v1.7 Color options of hyperref/bookmark (HO)
)
("C:\Program Files\MiKTeX 2.9\tex\latex\graphics\keyval.sty"
Package: keyval 1999/03/16 v1.13 key=value parser (DPC)
\KV@toks@=\toks14
)
("C:\Program Files\MiKTeX 2.9\tex\generic\ifxetex\ifxetex.sty"
Package: ifxetex 2010/09/12 v0.6 Provides ifxetex conditional
)
("C:\Program Files\MiKTeX 2.9\tex\latex\oberdiek\kvoptions.sty"
Package: kvoptions 2010/12/23 v3.10 Keyval support for LaTeX options (HO)
)
\@linkdim=\dimen103
\Hy@linkcounter=\count87
\Hy@pagecounter=\count88

("C:\Program Files\MiKTeX 2.9\tex\latex\hyperref\pd1enc.def"
File: pd1enc.def 2011/12/04 v6.82m Hyperref: PDFDocEncoding definition (HO)
)
\Hy@SavedSpaceFactor=\count89

("C:\Program Files\MiKTeX 2.9\tex\latex\00miktex\hyperref.cfg"
File: hyperref.cfg 2002/06/06 v1.2 hyperref configuration of TeXLive
)

! Package hyperref Error: Wrong driver option `pdftex',
(hyperref)                because pdfTeX in PDF mode is not detected.

See the hyperref package documentation for explanation.
Type  H <return>  for immediate help.
 ...                                              
                                                  
l.3925 \ProcessKeyvalOptions{Hyp}
                                 
Try typing  <return>  to proceed.
If that doesn't work, type  X <return>  to quit.

Package hyperref Info: Hyper figures OFF on input line 4046.
Package hyperref Info: Link nesting OFF on input line 4051.
Package hyperref Info: Hyper index ON on input line 4054.
Package hyperref Info: Plain pages OFF on input line 4061.
Package hyperref Info: Backreferencing OFF on input line 4066.
Package hyperref Info: Implicit mode ON; LaTeX internals redefined.
Package hyperref Info: Bookmarks ON on input line 4284.
\c@Hy@tempcnt=\count90
("C:\Program Files\MiKTeX 2.9\tex\latex\ltxmisc\url.sty"
\Urlmuskip=\muskip10
Package: url 2006/04/12  ver 3.3  Verb mode for urls, etc.
)
LaTeX Info: Redefining \url on input line 4637.
\Fld@menulength=\count91
\Field@Width=\dimen104
\Fld@charsize=\dimen105
Package hyperref Info: Hyper figures OFF on input line 5757.
Package hyperref Info: Link nesting OFF on input line 5762.
Package hyperref Info: Hyper index ON on input line 5765.
Package hyperref Info: backreferencing OFF on input line 5772.
Package hyperref Info: Link coloring OFF on input line 5777.
Package hyperref Info: Link coloring with OCG OFF on input line 5782.
Package hyperref Info: PDF/A mode OFF on input line 5787.
LaTeX Info: Redefining \ref on input line 5827.
LaTeX Info: Redefining \pageref on input line 5831.
\Hy@abspage=\count92
\c@Item=\count93
\c@Hfootnote=\count94
)

Package hyperref Message: Driver (default): hdvips.

("C:\Program Files\MiKTeX 2.9\tex\latex\hyperref\hdvips.def"
File: hdvips.def 2011/12/04 v6.82m Hyperref driver for dvips

("C:\Program Files\MiKTeX 2.9\tex\latex\hyperref\pdfmark.def"
File: pdfmark.def 2011/12/04 v6.82m Hyperref definitions for pdfmark specials
\pdf@docset=\toks15
\pdf@box=\box26
\pdf@toks=\toks16
\pdf@defaulttoks=\toks17
\Fld@listcount=\count95
\c@bookmark@seq@number=\count96

("C:\Program Files\MiKTeX 2.9\tex\latex\oberdiek\rerunfilecheck.sty"
Package: rerunfilecheck 2011/04/15 v1.7 Rerun checks for auxiliary files (HO)
Package uniquecounter Info: New unique counter `rerunfilecheck' on input line 2
82.
)
\Hy@SectionHShift=\skip43
))
("C:\Program Files\MiKTeX 2.9\tex\latex\graphics\graphicx.sty"
Package: graphicx 1999/02/16 v1.0f Enhanced LaTeX Graphics (DPC,SPQR)

("C:\Program Files\MiKTeX 2.9\tex\latex\graphics\graphics.sty"
Package: graphics 2009/02/05 v1.0o Standard LaTeX Graphics (DPC,SPQR)

("C:\Program Files\MiKTeX 2.9\tex\latex\graphics\trig.sty"
Package: trig 1999/03/16 v1.09 sin cos tan (DPC)
)
("C:\Program Files\MiKTeX 2.9\tex\latex\00miktex\graphics.cfg"
File: graphics.cfg 2007/01/18 v1.5 graphics configuration of teTeX/TeXLive
)
Package graphics Info: Driver file: pdftex.def on input line 91.

("C:\Program Files\MiKTeX 2.9\tex\latex\pdftex-def\pdftex.def"
File: pdftex.def 2011/05/27 v0.06d Graphics/color for pdfTeX


! Package pdftex.def Error: PDF mode expected, but DVI mode detected!
(pdftex.def)                If you are using `latex', then call `pdflatex'.
(pdftex.def)                Otherwise check and correct the driver options.
(pdftex.def)                Error recovery by switching to PDF mode.

See the pdftex.def package documentation for explanation.
Type  H <return>  for immediate help.
 ...                                              
                                                  
l.433   }\@ehc
              
Try typing  <return>  to proceed.
If that doesn't work, type  X <return>  to quit.

\Gread@gobject=\count97
))
\Gin@req@height=\dimen106
\Gin@req@width=\dimen107
) ("C:\Program Files\MiKTeX 2.9\tex\latex\pdfpages\pdfpages.sty"
Package: pdfpages 2011/03/10 v0.4n Insert pages of external PDF documents (AM)

("C:\Program Files\MiKTeX 2.9\tex\latex\base\ifthen.sty"
Package: ifthen 2001/05/26 v1.1c Standard LaTeX ifthen package (DPC)
)
("C:\Program Files\MiKTeX 2.9\tex\latex\tools\calc.sty"
Package: calc 2007/08/22 v4.3 Infix arithmetic (KKT,FJ)
\calc@Acount=\count98
\calc@Bcount=\count99
\calc@Adimen=\dimen108
\calc@Bdimen=\dimen109
\calc@Askip=\skip44
\calc@Bskip=\skip45
LaTeX Info: Redefining \setlength on input line 76.
LaTeX Info: Redefining \addtolength on input line 77.
\calc@Ccount=\count100
\calc@Cskip=\skip46
)
("C:\Program Files\MiKTeX 2.9\tex\latex\eso-pic\eso-pic.sty"
Package: eso-pic 2010/10/06 v2.0c eso-pic (RN)

("C:\Program Files\MiKTeX 2.9\tex\latex\xcolor\xcolor.sty"
Package: xcolor 2007/01/21 v2.11 LaTeX color extensions (UK)

("C:\Program Files\MiKTeX 2.9\tex\latex\00miktex\color.cfg"
File: color.cfg 2007/01/18 v1.5 color configuration of teTeX/TeXLive
)
Package xcolor Info: Driver file: pdftex.def on input line 225.
Package xcolor Info: Model `cmy' substituted by `cmy0' on input line 1337.
Package xcolor Info: Model `hsb' substituted by `rgb' on input line 1341.
Package xcolor Info: Model `RGB' extended on input line 1353.
Package xcolor Info: Model `HTML' substituted by `rgb' on input line 1355.
Package xcolor Info: Model `Hsb' substituted by `hsb' on input line 1356.
Package xcolor Info: Model `tHsb' substituted by `hsb' on input line 1357.
Package xcolor Info: Model `HSB' substituted by `hsb' on input line 1358.
Package xcolor Info: Model `Gray' substituted by `gray' on input line 1359.
Package xcolor Info: Model `wave' substituted by `hsb' on input line 1360.
))
("C:\Program Files\MiKTeX 2.9\tex\latex\pdfpages\pppdftex.def"
File: pppdftex.def 2011/03/10 v0.4n Pdfpages driver for pdfTeX (AM)
)
\AM@pagebox=\box27
\AM@toc@title=\toks18
\c@AM@survey=\count101
\AM@templatesizebox=\box28
)
Package hyperref Info: Option `colorlinks' set `false' on input line 5.

("D:\dac26\Documents\GitHub\2nd-Year-Group-project\N17\docs\Project Plan\projec
tplan.aux")
LaTeX Font Info:    Checking defaults for OML/cmm/m/it on input line 6.
LaTeX Font Info:    ... okay on input line 6.
LaTeX Font Info:    Checking defaults for T1/cmr/m/n on input line 6.
LaTeX Font Info:    ... okay on input line 6.
LaTeX Font Info:    Checking defaults for OT1/cmr/m/n on input line 6.
LaTeX Font Info:    ... okay on input line 6.
LaTeX Font Info:    Checking defaults for OMS/cmsy/m/n on input line 6.
LaTeX Font Info:    ... okay on input line 6.
LaTeX Font Info:    Checking defaults for OMX/cmex/m/n on input line 6.
LaTeX Font Info:    ... okay on input line 6.
LaTeX Font Info:    Checking defaults for U/cmr/m/n on input line 6.
LaTeX Font Info:    ... okay on input line 6.
LaTeX Font Info:    Checking defaults for PD1/pdf/m/n on input line 6.
LaTeX Font Info:    ... okay on input line 6.
\AtBeginShipoutBox=\box29
Package hyperref Info: Link coloring OFF on input line 6.
 ("C:\Program Files\MiKTeX 2.9\tex\latex\hyperref\nameref.sty"
Package: nameref 2010/04/30 v2.40 Cross-referencing by name of section

("C:\Program Files\MiKTeX 2.9\tex\generic\oberdiek\gettitlestring.sty"
Package: gettitlestring 2010/12/03 v1.4 Cleanup title references (HO)
)
\c@section@level=\count102
)
LaTeX Info: Redefining \ref on input line 6.
LaTeX Info: Redefining \pageref on input line 6.
LaTeX Info: Redefining \nameref on input line 6.

("D:\dac26\Documents\GitHub\2nd-Year-Group-project\N17\docs\Project Plan\projec
tplan.out")
("D:\dac26\Documents\GitHub\2nd-Year-Group-project\N17\docs\Project Plan\projec
tplan.out")
\@outlinefile=\write3


Package hyperref Warning: Rerun to get /PageLabels entry.

("C:\Program Files\MiKTeX 2.9\tex\context\base\supp-pdf.mkii"
[Loading MPS to PDF converter (version 2006.09.02).]
\scratchcounter=\count103
\scratchdimen=\dimen110
\scratchbox=\box30
\nofMPsegments=\count104
\nofMParguments=\count105
\everyMPshowfont=\toks19
\MPscratchCnt=\count106
\MPscratchDim=\dimen111
\MPnumerator=\count107
\makeMPintoPDFobject=\count108
\everyMPtoPDFconversion=\toks20
)
LaTeX Font Info:    External font `cmex10' loaded for size
(Font)              <10.95> on input line 16.
LaTeX Font Info:    External font `cmex10' loaded for size
(Font)              <8> on input line 16.
LaTeX Font Info:    External font `cmex10' loaded for size
(Font)              <6> on input line 16.
LaTeX Font Info:    Try loading font information for OMS+cmr on input line 16.
 ("C:\Program Files\MiKTeX 2.9\tex\latex\base\omscmr.fd"
File: omscmr.fd 1999/05/25 v2.5h Standard LaTeX font definitions
)
LaTeX Font Info:    Font shape `OMS/cmr/m/n' in size <10.95> not available
(Font)              Font shape `OMS/cmsy/m/n' tried instead on input line 16.
 [0
Non-PDF special ignored!
Non-PDF special ignored!
Non-PDF special ignored!
Non-PDF special ignored!
Non-PDF special ignored!
Non-PDF special ignored!
Non-PDF special ignored!
Non-PDF special ignored!



Non-PDF special ignored!
Non-PDF special ignored!
Non-PDF special ignored!
Non-PDF special ignored!
Non-PDF special ignored!
Non-PDF special ignored!
Non-PDF special ignored!
Non-PDF special ignored!
Non-PDF special ignored!
Non-PDF special ignored!
Non-PDF special ignored!
Non-PDF special ignored!
Non-PDF special ignored!
Non-PDF special ignored!
Non-PDF special ignored!
Non-PDF special ignored!
Non-PDF special ignored!
Non-PDF special ignored!
Non-PDF special ignored!
Non-PDF special ignored!
Non-PDF special ignored!
Non-PDF special ignored!
Non-PDF special ignored!
Non-PDF special ignored!
Non-PDF special ignored!
Non-PDF special ignored!
Non-PDF special ignored!
Non-PDF special ignored!
Non-PDF special ignored!
Non-PDF special ignored!
Non-PDF special ignored!
Non-PDF special ignored!
Non-PDF special ignored!
Non-PDF special ignored!
Non-PDF special ignored!
Non-PDF special ignored!
Non-PDF special ignored!
Non-PDF special ignored!
Non-PDF special ignored!
Non-PDF special ignored!
Non-PDF special ignored!{C:/ProgramData/MiKTeX/2.9/pdftex/config/pdftex.map}]
("D:\dac26\Documents\GitHub\2nd-Year-Group-project\N17\docs\Project Plan\projec
tplan.toc")
\tf@toc=\write4
 [1
Non-PDF special ignored!
Non-PDF special ignored!
Non-PDF special ignored!
Non-PDF special ignored!
Non-PDF special ignored!
Non-PDF special ignored!
Non-PDF special ignored!
Non-PDF special ignored!
Non-PDF special ignored!
Non-PDF special ignored!
Non-PDF special ignored!
Non-PDF special ignored!
Non-PDF special ignored!
Non-PDF special ignored!
Non-PDF special ignored!
Non-PDF special ignored!
Non-PDF special ignored!
Non-PDF special ignored!
Non-PDF special ignored!
Non-PDF special ignored!
Non-PDF special ignored!
Non-PDF special ignored!
Non-PDF special ignored!
Non-PDF special ignored!
Non-PDF special ignored!
Non-PDF special ignored!
Non-PDF special ignored!
Non-PDF special ignored!
Non-PDF special ignored!
Non-PDF special ignored!
Non-PDF special ignored!
Non-PDF special ignored!
Non-PDF special ignored!
Non-PDF special ignored!
Non-PDF special ignored!
Non-PDF special ignored!
Non-PDF special ignored!
Non-PDF special ignored!
Non-PDF special ignored!
Non-PDF special ignored!
Non-PDF special ignored!
Non-PDF special ignored!
Non-PDF special ignored!
Non-PDF special ignored!
Non-PDF special ignored!
Non-PDF special ignored!
Non-PDF special ignored!
Non-PDF special ignored!
Non-PDF special ignored!
Non-PDF special ignored!
Non-PDF special ignored!
Non-PDF special ignored!
Non-PDF special ignored!
Non-PDF special ignored!
Non-PDF special ignored!
Non-PDF special ignored!
Non-PDF special ignored!
Non-PDF special ignored!
Non-PDF special ignored!
Non-PDF special ignored!
Non-PDF special ignored!
Non-PDF special ignored!
Non-PDF special ignored!
Non-PDF special ignored!
Non-PDF special ignored!
Non-PDF special ignored!
Non-PDF special ignored!
Non-PDF special ignored!
Non-PDF special ignored!
Non-PDF special ignored!
Non-PDF special ignored!
Non-PDF special ignored!
Non-PDF special ignored!
Non-PDF special ignored!
Non-PDF special ignored!
Non-PDF special ignored!
Non-PDF special ignored!
Non-PDF special ignored!
Non-PDF special ignored!
Non-PDF special ignored!
Non-PDF special ignored!
Non-PDF special ignored!
Non-PDF special ignored!
Non-PDF special ignored!
Non-PDF special ignored!
Non-PDF special ignored!
Non-PDF special ignored!
Non-PDF special ignored!
Non-PDF special ignored!
Non-PDF special ignored!
Non-PDF special ignored!
Non-PDF special ignored!
Non-PDF special ignored!
Non-PDF special ignored!
Non-PDF special ignored!
Non-PDF special ignored!
Non-PDF special ignored!
Non-PDF special ignored!
Non-PDF special ignored!
Non-PDF special ignored!
Non-PDF special ignored!
Non-PDF special ignored!
Non-PDF special ignored!
Non-PDF special ignored!
Non-PDF special ignored!
Non-PDF special ignored!
Non-PDF special ignored!
Non-PDF special ignored!
Non-PDF special ignored!
Non-PDF special ignored!
Non-PDF special ignored!
Non-PDF special ignored!
Non-PDF special ignored!
Non-PDF special ignored!
Non-PDF special ignored!] [2
Non-PDF special ignored!
Non-PDF special ignored!
Non-PDF special ignored!
Non-PDF special ignored!
Non-PDF special ignored!
Non-PDF special ignored!
Non-PDF special ignored!
Non-PDF special ignored!
Non-PDF special ignored!
Non-PDF special ignored!] [3
Non-PDF special ignored!
Non-PDF special ignored!
Non-PDF special ignored!
Non-PDF special ignored!
Non-PDF special ignored!
Non-PDF special ignored!
Non-PDF special ignored!
Non-PDF special ignored!
Non-PDF special ignored!
Non-PDF special ignored!
Non-PDF special ignored!
Non-PDF special ignored!
Non-PDF special ignored!
Non-PDF special ignored!
Non-PDF special ignored!
Non-PDF special ignored!
Non-PDF special ignored!
Non-PDF special ignored!
Non-PDF special ignored!
Non-PDF special ignored!
Non-PDF special ignored!
Non-PDF special ignored!] [4
Non-PDF special ignored!
Non-PDF special ignored!
Non-PDF special ignored!
Non-PDF special ignored!
Non-PDF special ignored!
Non-PDF special ignored!
Non-PDF special ignored!
Non-PDF special ignored!
Non-PDF special ignored!
Non-PDF special ignored!
Non-PDF special ignored!
Non-PDF special ignored!
Non-PDF special ignored!
Non-PDF special ignored!
Non-PDF special ignored!
Non-PDF special ignored!
Non-PDF special ignored!
Non-PDF special ignored!
Non-PDF special ignored!
Non-PDF special ignored!
Non-PDF special ignored!
Non-PDF special ignored!
Non-PDF special ignored!
Non-PDF special ignored!
Non-PDF special ignored!] <incremental.jpg, id=22, 652.68843pt x 481.04718pt>
File: incremental.jpg Graphic file (type jpg)

<use incremental.jpg>
Package pdftex.def Info: incremental.jpg used on input line 111.
(pdftex.def)             Requested size: 326.34341pt x 240.523pt.

Underfull \hbox (badness 10000) in paragraph at lines 110--112

 []


Underfull \vbox (badness 2980) has occurred while \output is active []

 [5
Non-PDF special ignored!
Non-PDF special ignored!
Non-PDF special ignored!
Non-PDF special ignored!
Non-PDF special ignored!
Non-PDF special ignored!
Non-PDF special ignored!
Non-PDF special ignored!
Non-PDF special ignored!
Non-PDF special ignored!
Non-PDF special ignored!
Non-PDF special ignored!
Non-PDF special ignored!] [6
Non-PDF special ignored!
Non-PDF special ignored!
Non-PDF special ignored!
Non-PDF special ignored!
Non-PDF special ignored!
Non-PDF special ignored!
Non-PDF special ignored! <D:/dac26/Documents/GitHub/2nd-Year-Group-project/N17/
docs/Project Plan/incremental.jpg>]
<WelcomePageUseCase.jpg, id=30, 274.02374pt x 338.01282pt>
File: WelcomePageUseCase.jpg Graphic file (type jpg)

<use WelcomePageUseCase.jpg>
Package pdftex.def Info: WelcomePageUseCase.jpg used on input line 119.
(pdftex.def)             Requested size: 164.41551pt x 202.80925pt.

Underfull \hbox (badness 10000) in paragraph at lines 119--130

 []

[7
Non-PDF special ignored!
Non-PDF special ignored!
Non-PDF special ignored!
Non-PDF special ignored!
Non-PDF special ignored!
Non-PDF special ignored!
Non-PDF special ignored!
Non-PDF special ignored!
Non-PDF special ignored!
Non-PDF special ignored!
Non-PDF special ignored!
Non-PDF special ignored!
Non-PDF special ignored! <D:/dac26/Documents/GitHub/2nd-Year-Group-project/N17/
docs/Project Plan/WelcomePageUseCase.jpg>]
<MainProfilePageUseCase.jpg, id=34, 274.02374pt x 401.24907pt>
File: MainProfilePageUseCase.jpg Graphic file (type jpg)

<use MainProfilePageUseCase.jpg>
Package pdftex.def Info: MainProfilePageUseCase.jpg used on input line 133.
(pdftex.def)             Requested size: 164.41551pt x 240.75128pt.

Underfull \hbox (badness 10000) in paragraph at lines 133--143

 []

[8
Non-PDF special ignored!
Non-PDF special ignored!
Non-PDF special ignored!
Non-PDF special ignored!
Non-PDF special ignored!
Non-PDF special ignored!
Non-PDF special ignored!
Non-PDF special ignored!
Non-PDF special ignored!
Non-PDF special ignored! <D:/dac26/Documents/GitHub/2nd-Year-Group-project/N17/
docs/Project Plan/MainProfilePageUseCase.jpg>]
<FriendsPageUseCase.jpg, id=38, 273.27094pt x 324.46219pt>
File: FriendsPageUseCase.jpg Graphic file (type jpg)

<use FriendsPageUseCase.jpg>
Package pdftex.def Info: FriendsPageUseCase.jpg used on input line 146.
(pdftex.def)             Requested size: 163.9638pt x 194.6788pt.

Underfull \hbox (badness 10000) in paragraph at lines 146--159

 []

[9
Non-PDF special ignored!
Non-PDF special ignored!
Non-PDF special ignored!
Non-PDF special ignored!
Non-PDF special ignored!
Non-PDF special ignored!
Non-PDF special ignored!
Non-PDF special ignored!
Non-PDF special ignored!
Non-PDF special ignored! <D:/dac26/Documents/GitHub/2nd-Year-Group-project/N17/
docs/Project Plan/FriendsPageUseCase.jpg>]
<AddFriendsPageUseCase.jpg, id=42, 231.11343pt x 344.03531pt>
File: AddFriendsPageUseCase.jpg Graphic file (type jpg)

<use AddFriendsPageUseCase.jpg>
Package pdftex.def Info: AddFriendsPageUseCase.jpg used on input line 162.
(pdftex.def)             Requested size: 138.66913pt x 206.42278pt.

Underfull \hbox (badness 10000) in paragraph at lines 162--174

 []

[10
Non-PDF special ignored!
Non-PDF special ignored!
Non-PDF special ignored!
Non-PDF special ignored!
Non-PDF special ignored!
Non-PDF special ignored!
Non-PDF special ignored!
Non-PDF special ignored!
Non-PDF special ignored!
Non-PDF special ignored! <D:/dac26/Documents/GitHub/2nd-Year-Group-project/N17/
docs/Project Plan/AddFriendsPageUseCase.jpg>]
<BreedingPageUseCase.jpg, id=46, 273.27094pt x 341.02406pt>
File: BreedingPageUseCase.jpg Graphic file (type jpg)

<use BreedingPageUseCase.jpg>
Package pdftex.def Info: BreedingPageUseCase.jpg used on input line 177.
(pdftex.def)             Requested size: 163.9638pt x 204.61601pt.

Underfull \hbox (badness 10000) in paragraph at lines 177--190

 []

[11
Non-PDF special ignored!
Non-PDF special ignored!
Non-PDF special ignored!
Non-PDF special ignored!
Non-PDF special ignored!
Non-PDF special ignored!
Non-PDF special ignored!
Non-PDF special ignored!
Non-PDF special ignored!
Non-PDF special ignored! <D:/dac26/Documents/GitHub/2nd-Year-Group-project/N17/
docs/Project Plan/BreedingPageUseCase.jpg>]
<BreedingResultsPageUseCase.jpg, id=50, 283.81032pt x 335.00156pt>
File: BreedingResultsPageUseCase.jpg Graphic file (type jpg)

<use BreedingResultsPageUseCase.jpg>
Package pdftex.def Info: BreedingResultsPageUseCase.jpg used on input line 193.

(pdftex.def)             Requested size: 170.28749pt x 201.00247pt.

Underfull \hbox (badness 10000) in paragraph at lines 193--204

 []

[12
Non-PDF special ignored!
Non-PDF special ignored!
Non-PDF special ignored!
Non-PDF special ignored!
Non-PDF special ignored!
Non-PDF special ignored!
Non-PDF special ignored!
Non-PDF special ignored!
Non-PDF special ignored!
Non-PDF special ignored! <D:/dac26/Documents/GitHub/2nd-Year-Group-project/N17/
docs/Project Plan/BreedingResultsPageUseCase.jpg>]
<BattleScreenUseCase.jpg, id=55, 314.67563pt x 348.55219pt>
File: BattleScreenUseCase.jpg Graphic file (type jpg)

<use BattleScreenUseCase.jpg>
Package pdftex.def Info: BattleScreenUseCase.jpg used on input line 207.
(pdftex.def)             Requested size: 188.80682pt x 209.1329pt.

Underfull \hbox (badness 10000) in paragraph at lines 207--219

 []

[13
Non-PDF special ignored!
Non-PDF special ignored!
Non-PDF special ignored!
Non-PDF special ignored!
Non-PDF special ignored!
Non-PDF special ignored!
Non-PDF special ignored!
Non-PDF special ignored!
Non-PDF special ignored!
Non-PDF special ignored! <D:/dac26/Documents/GitHub/2nd-Year-Group-project/N17/
docs/Project Plan/BattleScreenUseCase.jpg>]
<BattleResultsPageUseCase.jpg, id=59, 251.43938pt x 330.48468pt>
File: BattleResultsPageUseCase.jpg Graphic file (type jpg)

<use BattleResultsPageUseCase.jpg>
Package pdftex.def Info: BattleResultsPageUseCase.jpg used on input line 223.
(pdftex.def)             Requested size: 150.86478pt x 198.29233pt.

Underfull \hbox (badness 10000) in paragraph at lines 223--234

 []

[14
Non-PDF special ignored!
Non-PDF special ignored!
Non-PDF special ignored!
Non-PDF special ignored!
Non-PDF special ignored!
Non-PDF special ignored!
Non-PDF special ignored!
Non-PDF special ignored!
Non-PDF special ignored!
Non-PDF special ignored! <D:/dac26/Documents/GitHub/2nd-Year-Group-project/N17/
docs/Project Plan/BattleResultsPageUseCase.jpg>]
<HelpPageUseCase.jpg, id=63, 233.37187pt x 345.54094pt>
File: HelpPageUseCase.jpg Graphic file (type jpg)

<use HelpPageUseCase.jpg>
Package pdftex.def Info: HelpPageUseCase.jpg used on input line 237.
(pdftex.def)             Requested size: 140.02419pt x 207.32616pt.

<NotifiPageUseCase.jpg, id=64, 254.45062pt x 343.2825pt>
File: NotifiPageUseCase.jpg Graphic file (type jpg)

<use NotifiPageUseCase.jpg>
Package pdftex.def Info: NotifiPageUseCase.jpg used on input line 244.
(pdftex.def)             Requested size: 152.67154pt x 205.97107pt.
 <loginPage.jpg, id=65, 662.475pt x 414.04688pt>
File: loginPage.jpg Graphic file (type jpg)

<use loginPage.jpg>
Package pdftex.def Info: loginPage.jpg used on input line 254.
(pdftex.def)             Requested size: 397.48807pt x 248.43004pt.
 [15
Non-PDF special ignored!
Non-PDF special ignored!
Non-PDF special ignored!
Non-PDF special ignored!
Non-PDF special ignored!
Non-PDF special ignored!
Non-PDF special ignored!
Non-PDF special ignored!
Non-PDF special ignored!
Non-PDF special ignored!
Non-PDF special ignored!
Non-PDF special ignored!
Non-PDF special ignored! <D:/dac26/Documents/GitHub/2nd-Year-Group-project/N17/
docs/Project Plan/HelpPageUseCase.jpg> <D:/dac26/Documents/GitHub/2nd-Year-Grou
p-project/N17/docs/Project Plan/NotifiPageUseCase.jpg>] [16
Non-PDF special ignored!
Non-PDF special ignored!
Non-PDF special ignored!
Non-PDF special ignored!
Non-PDF special ignored!
Non-PDF special ignored!
Non-PDF special ignored!
Non-PDF special ignored!
Non-PDF special ignored!
Non-PDF special ignored!
Non-PDF special ignored!
Non-PDF special ignored!
Non-PDF special ignored! <D:/dac26/Documents/GitHub/2nd-Year-Group-project/N17/
docs/Project Plan/loginPage.jpg>]
<userProfile.jpg, id=72, 659.46375pt x 414.79968pt>
File: userProfile.jpg Graphic file (type jpg)
 <use userProfile.jpg>
Package pdftex.def Info: userProfile.jpg used on input line 266.
(pdftex.def)             Requested size: 329.73106pt x 207.39934pt.

Underfull \hbox (badness 10000) in paragraph at lines 266--282

 []

[17
Non-PDF special ignored!
Non-PDF special ignored!
Non-PDF special ignored!
Non-PDF special ignored!
Non-PDF special ignored!
Non-PDF special ignored!
Non-PDF special ignored!
Non-PDF special ignored!
Non-PDF special ignored!
Non-PDF special ignored! <D:/dac26/Documents/GitHub/2nd-Year-Group-project/N17/
docs/Project Plan/userProfile.jpg>]
<breedingPage.jpg, id=76, 666.23906pt x 416.30531pt>
File: breedingPage.jpg Graphic file (type jpg)
 <use breedingPage.jpg>
Package pdftex.def Info: breedingPage.jpg used on input line 286.
(pdftex.def)             Requested size: 333.11871pt x 208.15215pt.

[18
Non-PDF special ignored!
Non-PDF special ignored!
Non-PDF special ignored!
Non-PDF special ignored!
Non-PDF special ignored!
Non-PDF special ignored!
Non-PDF special ignored!
Non-PDF special ignored!
Non-PDF special ignored!
Non-PDF special ignored! <D:/dac26/Documents/GitHub/2nd-Year-Group-project/N17/
docs/Project Plan/breedingPage.jpg>]
<battleSelection.jpg, id=81, 666.99188pt x 421.575pt>
File: battleSelection.jpg Graphic file (type jpg)

<use battleSelection.jpg>
Package pdftex.def Info: battleSelection.jpg used on input line 304.
(pdftex.def)             Requested size: 333.49512pt x 210.78697pt.
 <battle.jpg, id=82, 678.28406pt x 421.575pt>
File: battle.jpg Graphic file (type jpg)

<use battle.jpg>
Package pdftex.def Info: battle.jpg used on input line 313.
(pdftex.def)             Requested size: 339.14119pt x 210.78697pt.

Underfull \hbox (badness 10000) in paragraph at lines 313--329

 []

[19
Non-PDF special ignored!
Non-PDF special ignored!
Non-PDF special ignored!
Non-PDF special ignored!
Non-PDF special ignored!
Non-PDF special ignored!
Non-PDF special ignored!
Non-PDF special ignored!
Non-PDF special ignored!
Non-PDF special ignored!
Non-PDF special ignored!
Non-PDF special ignored!
Non-PDF special ignored! <D:/dac26/Documents/GitHub/2nd-Year-Group-project/N17/
docs/Project Plan/battleSelection.jpg> <D:/dac26/Documents/GitHub/2nd-Year-Grou
p-project/N17/docs/Project Plan/battle.jpg>]
<help.jpg, id=86, 673.01437pt x 420.82219pt>
File: help.jpg Graphic file (type jpg)
 <use help.jpg>
Package pdftex.def Info: help.jpg used on input line 331.
(pdftex.def)             Requested size: 336.50636pt x 210.41057pt.

Underfull \hbox (badness 10000) in paragraph at lines 331--337

 []

<manageFriends.jpg, id=87, 672.26157pt x 420.82219pt>
File: manageFriends.jpg Graphic file (type jpg)
 <use manageFriends.jpg>
Package pdftex.def Info: manageFriends.jpg used on input line 339.
(pdftex.def)             Requested size: 336.12996pt x 210.41057pt.

Underfull \hbox (badness 10000) in paragraph at lines 339--351

 []


Underfull \vbox (badness 10000) has occurred while \output is active []

 [20
Non-PDF special ignored!
Non-PDF special ignored!
Non-PDF special ignored!
Non-PDF special ignored!
Non-PDF special ignored!
Non-PDF special ignored!
Non-PDF special ignored!
Non-PDF special ignored!
Non-PDF special ignored!
Non-PDF special ignored! <D:/dac26/Documents/GitHub/2nd-Year-Group-project/N17/
docs/Project Plan/help.jpg>] [21
Non-PDF special ignored!
Non-PDF special ignored!
Non-PDF special ignored!
Non-PDF special ignored!
Non-PDF special ignored!
Non-PDF special ignored!
Non-PDF special ignored!
Non-PDF special ignored!
Non-PDF special ignored!
Non-PDF special ignored! <D:/dac26/Documents/GitHub/2nd-Year-Group-project/N17/
docs/Project Plan/manageFriends.jpg>] <gantt.png, id=94, 2569.6pt x 1027.84pt>
File: gantt.png Graphic file (type png)

<use gantt.png>
Package pdftex.def Info: gantt.png used on input line 353.
(pdftex.def)             Requested size: 2569.59377pt x 1027.8375pt.

Underfull \vbox (badness 10000) has occurred while \output is active []

 [22
Non-PDF special ignored!
Non-PDF special ignored!
Non-PDF special ignored!
Non-PDF special ignored!


Non-PDF special ignored!
Non-PDF special ignored!
Non-PDF special ignored!
Non-PDF special ignored!
Non-PDF special ignored!
Non-PDF special ignored!]
Overfull \vbox (211.02924pt too high) has occurred while \output is active []


[23
Non-PDF special ignored!
Non-PDF special ignored!
Non-PDF special ignored!
Non-PDF special ignored!
Non-PDF special ignored!
Non-PDF special ignored!
Non-PDF special ignored! <D:/dac26/Documents/GitHub/2nd-Year-Group-project/N17/
docs/Project Plan/gantt.png>] <risk1.jpg, id=101, 792.71156pt x 475.7775pt>
File: risk1.jpg Graphic file (type jpg)

<use risk1.jpg>
Package pdftex.def Info: risk1.jpg used on input line 360.
(pdftex.def)             Requested size: 475.6306pt x 285.46869pt.
 <risk2.jpg, id=102, 791.95876pt x 488.57532pt>
File: risk2.jpg Graphic file (type jpg)
 <use risk2.jpg>
Package pdftex.def Info: risk2.jpg used on input line 361.
(pdftex.def)             Requested size: 475.17892pt x 293.14745pt.

<risk3.jpg, id=103, 794.2172pt x 474.27188pt>
File: risk3.jpg Graphic file (type jpg)
 <use risk3.jpg>
Package pdftex.def Info: risk3.jpg used on input line 362.
(pdftex.def)             Requested size: 476.534pt x 284.56532pt.

<risk4.jpg, id=104, 792.71156pt x 402.75468pt>
File: risk4.jpg Graphic file (type jpg)
 <use risk4.jpg>
Package pdftex.def Info: risk4.jpg used on input line 363.
(pdftex.def)             Requested size: 475.6306pt x 241.65466pt.

Overfull \hbox (78.14561pt too wide) in paragraph at lines 360--364
[] 
 []


Overfull \hbox (77.69394pt too wide) in paragraph at lines 360--364
[] 
 []


Overfull \hbox (79.04901pt too wide) in paragraph at lines 360--364
[] 
 []


Overfull \hbox (78.14561pt too wide) in paragraph at lines 360--364
[] 
 []


Underfull \hbox (badness 10000) in paragraph at lines 360--364

 []


Underfull \vbox (badness 10000) has occurred while \output is active []

 [24
Non-PDF special ignored!
Non-PDF special ignored!
Non-PDF special ignored!
Non-PDF special ignored!
Non-PDF special ignored!
Non-PDF special ignored!
Non-PDF special ignored!
Non-PDF special ignored!
Non-PDF special ignored!
Non-PDF special ignored! <D:/dac26/Documents/GitHub/2nd-Year-Group-project/N17/
docs/Project Plan/risk1.jpg>]
Underfull \vbox (badness 10000) has occurred while \output is active []

 [25
Non-PDF special ignored!
Non-PDF special ignored!
Non-PDF special ignored!
Non-PDF special ignored!
Non-PDF special ignored!
Non-PDF special ignored!
Non-PDF special ignored! <D:/dac26/Documents/GitHub/2nd-Year-Group-project/N17/
docs/Project Plan/risk2.jpg> <D:/dac26/Documents/GitHub/2nd-Year-Group-project/
N17/docs/Project Plan/risk3.jpg>] [26
Non-PDF special ignored!
Non-PDF special ignored!
Non-PDF special ignored!
Non-PDF special ignored!
Non-PDF special ignored!
Non-PDF special ignored!
Non-PDF special ignored! <D:/dac26/Documents/GitHub/2nd-Year-Group-project/N17/
docs/Project Plan/risk4.jpg>] [27
Non-PDF special ignored!
Non-PDF special ignored!
Non-PDF special ignored!
Non-PDF special ignored!


Non-PDF special ignored!
Non-PDF special ignored!
Non-PDF special ignored!
Non-PDF special ignored!
Non-PDF special ignored!
Non-PDF special ignored!
Non-PDF special ignored!
Non-PDF special ignored!
Non-PDF special ignored!]
Package atveryend Info: Empty hook `BeforeClearDocument' on input line 386.

Overfull \hbox (75.63466pt too wide) in paragraph at lines 372--386
[]
 []

[28
Non-PDF special ignored!
Non-PDF special ignored!
Non-PDF special ignored!
Non-PDF special ignored!


Non-PDF special ignored!
Non-PDF special ignored!
Non-PDF special ignored!
Non-PDF special ignored!
Non-PDF special ignored!
Non-PDF special ignored!]
Package atveryend Info: Empty hook `AfterLastShipout' on input line 386.

("D:\dac26\Documents\GitHub\2nd-Year-Group-project\N17\docs\Project Plan\projec
tplan.aux")
Package atveryend Info: Empty hook `AtVeryEndDocument' on input line 386.
Package atveryend Info: Executing hook `AtEndAfterFileList' on input line 386.
Package rerunfilecheck Info: File `projectplan.out' has not changed.
(rerunfilecheck)             Checksum: 510E6A0D14668B556F718406B838497E;2218.
 ) 
Here is how much of TeX's memory you used:
 6138 strings out of 494046
 90754 string characters out of 3148410
 188680 words of memory out of 3000000
 9375 multiletter control sequences out of 15000+200000
 8243 words of font info for 29 fonts, out of 3000000 for 9000
 715 hyphenation exceptions out of 8191
 37i,13n,39p,260b,324s stack positions out of 5000i,500n,10000p,200000b,50000s
<C:/Program Files/MiKTeX 2.9/fonts/type1/public/amsfonts/cm/cmbx10.pfb><C:/Pr
ogram Files/MiKTeX 2.9/fonts/type1/public/amsfonts/cm/cmbx12.pfb><C:/Program Fi
les/MiKTeX 2.9/fonts/type1/public/amsfonts/cm/cmr10.pfb><C:/Program Files/MiKTe
X 2.9/fonts/type1/public/amsfonts/cm/cmsy10.pfb><C:/Program Files/MiKTeX 2.9/fo
nts/type1/public/amsfonts/cm/cmti10.pfb>
Output written on projectplan.pdf (29 pages, 2053892 bytes).
PDF statistics:
 138 PDF objects out of 1000 (max. 8388607)
 0 named destinations out of 1000 (max. 500000)
 116 words of extra memory for PDF output out of 10000 (max. 10000000)

