This is pdfTeX, Version 3.1415926-2.3-1.40.12 (MiKTeX 2.9) (preloaded format=pdflatex 2013.2.14)  14 FEB 2013 12:26
entering extended mode
**D:/dac26/Documents/GitHub/2nd-Year-Group-project/N17/docs/FinalReport/endOfPr
ojectReport/endOfProjectReport.tex

(D:/dac26/Documents/GitHub/2nd-Year-Group-project/N17/docs/FinalReport/endOfPro
jectReport/endOfProjectReport.tex
LaTeX2e <2011/06/27>
Babel <v3.8m> and hyphenation patterns for english, afrikaans, ancientgreek, ar
abic, armenian, assamese, basque, bengali, bokmal, bulgarian, catalan, coptic, 
croatian, czech, danish, dutch, esperanto, estonian, farsi, finnish, french, ga
lician, german, german-x-2009-06-19, greek, gujarati, hindi, hungarian, iceland
ic, indonesian, interlingua, irish, italian, kannada, kurmanji, lao, latin, lat
vian, lithuanian, malayalam, marathi, mongolian, mongolianlmc, monogreek, ngerm
an, ngerman-x-2009-06-19, nynorsk, oriya, panjabi, pinyin, polish, portuguese, 
romanian, russian, sanskrit, serbian, slovak, slovenian, spanish, swedish, swis
sgerman, tamil, telugu, turkish, turkmen, ukenglish, ukrainian, uppersorbian, u
senglishmax, welsh, loaded.

(D:\dac26\Documents\GitHub\2nd-Year-Group-project\N17\docs\FinalReport\endOfPro
jectReport\project.cls
Group project doc style modified by N.W. Hardy 2010-10-12
Document Class: project 2010/10/12 Group project Class
("C:\Program Files\MiKTeX 2.9\tex\latex\base\article.cls"
Document Class: article 2007/10/19 v1.4h Standard LaTeX document class
("C:\Program Files\MiKTeX 2.9\tex\latex\base\size11.clo"
File: size11.clo 2007/10/19 v1.4h Standard LaTeX file (size option)
)
\c@part=\count79
\c@section=\count80
\c@subsection=\count81
\c@subsubsection=\count82
\c@paragraph=\count83
\c@subparagraph=\count84
\c@figure=\count85
\c@table=\count86
\abovecaptionskip=\skip41
\belowcaptionskip=\skip42
\bibindent=\dimen102
))
("C:\Program Files\MiKTeX 2.9\tex\latex\hyperref\hyperref.sty"
Package: hyperref 2011/12/04 v6.82m Hypertext links for LaTeX

("C:\Program Files\MiKTeX 2.9\tex\generic\oberdiek\hobsub-hyperref.sty"
Package: hobsub-hyperref 2011/04/23 v1.4 Bundle oberdiek, subset hyperref (HO)

("C:\Program Files\MiKTeX 2.9\tex\generic\oberdiek\hobsub-generic.sty"
Package: hobsub-generic 2011/04/23 v1.4 Bundle oberdiek, subset generic (HO)
Package: hobsub 2011/04/23 v1.4 Subsetting bundle oberdiek (HO)
Package: infwarerr 2010/04/08 v1.3 Providing info/warning/message (HO)
Package: ltxcmds 2011/04/18 v1.20 LaTeX kernel commands for general use (HO)
Package: ifluatex 2010/03/01 v1.3 Provides the ifluatex switch (HO)
Package ifluatex Info: LuaTeX not detected.
Package: ifvtex 2010/03/01 v1.5 Switches for detecting VTeX and its modes (HO)
Package ifvtex Info: VTeX not detected.
Package: intcalc 2007/09/27 v1.1 Expandable integer calculations (HO)
Package: ifpdf 2011/01/30 v2.3 Provides the ifpdf switch (HO)
Package ifpdf Info: pdfTeX in PDF mode is detected.
Package: etexcmds 2011/02/16 v1.5 Prefix for e-TeX command names (HO)
Package etexcmds Info: Could not find \expanded.
(etexcmds)             That can mean that you are not using pdfTeX 1.50 or
(etexcmds)             that some package has redefined \expanded.
(etexcmds)             In the latter case, load this package earlier.
Package: kvsetkeys 2011/04/07 v1.13 Key value parser (HO)
Package: kvdefinekeys 2011/04/07 v1.3 Defining keys (HO)
Package: pdftexcmds 2011/04/22 v0.16 Utilities of pdfTeX for LuaTeX (HO)
Package pdftexcmds Info: LuaTeX not detected.
Package pdftexcmds Info: \pdf@primitive is available.
Package pdftexcmds Info: \pdf@ifprimitive is available.
Package pdftexcmds Info: \pdfdraftmode found.
Package: pdfescape 2011/04/04 v1.12 Provides string conversions (HO)
Package: bigintcalc 2011/01/30 v1.2 Expandable big integer calculations (HO)
Package: bitset 2011/01/30 v1.1 Data type bit set (HO)
Package: uniquecounter 2011/01/30 v1.2 Provides unlimited unique counter (HO)
)
Package hobsub Info: Skipping package `hobsub' (already loaded).
Package: letltxmacro 2010/09/02 v1.4 Let assignment for LaTeX macros (HO)
Package: hopatch 2011/01/30 v1.0 Wrapper for package hooks (HO)
Package: xcolor-patch 2011/01/30 xcolor patch
Package: atveryend 2011/04/23 v1.7 Hooks at very end of document (HO)
Package: atbegshi 2011/01/30 v1.15 At begin shipout hook (HO)
Package: refcount 2010/12/01 v3.2 Data extraction from references (HO)
Package: hycolor 2011/01/30 v1.7 Color options of hyperref/bookmark (HO)
)
("C:\Program Files\MiKTeX 2.9\tex\latex\graphics\keyval.sty"
Package: keyval 1999/03/16 v1.13 key=value parser (DPC)
\KV@toks@=\toks14
)
("C:\Program Files\MiKTeX 2.9\tex\generic\ifxetex\ifxetex.sty"
Package: ifxetex 2010/09/12 v0.6 Provides ifxetex conditional
)
("C:\Program Files\MiKTeX 2.9\tex\latex\oberdiek\kvoptions.sty"
Package: kvoptions 2010/12/23 v3.10 Keyval support for LaTeX options (HO)
)
\@linkdim=\dimen103
\Hy@linkcounter=\count87
\Hy@pagecounter=\count88

("C:\Program Files\MiKTeX 2.9\tex\latex\hyperref\pd1enc.def"
File: pd1enc.def 2011/12/04 v6.82m Hyperref: PDFDocEncoding definition (HO)
)
\Hy@SavedSpaceFactor=\count89

("C:\Program Files\MiKTeX 2.9\tex\latex\00miktex\hyperref.cfg"
File: hyperref.cfg 2002/06/06 v1.2 hyperref configuration of TeXLive
)
Package hyperref Info: Hyper figures OFF on input line 4046.
Package hyperref Info: Link nesting OFF on input line 4051.
Package hyperref Info: Hyper index ON on input line 4054.
Package hyperref Info: Plain pages OFF on input line 4061.
Package hyperref Info: Backreferencing OFF on input line 4066.
Package hyperref Info: Implicit mode ON; LaTeX internals redefined.
Package hyperref Info: Bookmarks ON on input line 4284.
\c@Hy@tempcnt=\count90

("C:\Program Files\MiKTeX 2.9\tex\latex\ltxmisc\url.sty"
\Urlmuskip=\muskip10
Package: url 2006/04/12  ver 3.3  Verb mode for urls, etc.
)
LaTeX Info: Redefining \url on input line 4637.
\Fld@menulength=\count91
\Field@Width=\dimen104
\Fld@charsize=\dimen105
Package hyperref Info: Hyper figures OFF on input line 5757.
Package hyperref Info: Link nesting OFF on input line 5762.
Package hyperref Info: Hyper index ON on input line 5765.
Package hyperref Info: backreferencing OFF on input line 5772.
Package hyperref Info: Link coloring OFF on input line 5777.
Package hyperref Info: Link coloring with OCG OFF on input line 5782.
Package hyperref Info: PDF/A mode OFF on input line 5787.
LaTeX Info: Redefining \ref on input line 5827.
LaTeX Info: Redefining \pageref on input line 5831.
\Hy@abspage=\count92
\c@Item=\count93
\c@Hfootnote=\count94
)

Package hyperref Message: Driver: hpdftex.

("C:\Program Files\MiKTeX 2.9\tex\latex\hyperref\hpdftex.def"
File: hpdftex.def 2011/12/04 v6.82m Hyperref driver for pdfTeX
\Fld@listcount=\count95
\c@bookmark@seq@number=\count96

("C:\Program Files\MiKTeX 2.9\tex\latex\oberdiek\rerunfilecheck.sty"
Package: rerunfilecheck 2011/04/15 v1.7 Rerun checks for auxiliary files (HO)
Package uniquecounter Info: New unique counter `rerunfilecheck' on input line 2
82.
)
\Hy@SectionHShift=\skip43
)
("C:\Program Files\MiKTeX 2.9\tex\latex\graphics\graphicx.sty"
Package: graphicx 1999/02/16 v1.0f Enhanced LaTeX Graphics (DPC,SPQR)

("C:\Program Files\MiKTeX 2.9\tex\latex\graphics\graphics.sty"
Package: graphics 2009/02/05 v1.0o Standard LaTeX Graphics (DPC,SPQR)

("C:\Program Files\MiKTeX 2.9\tex\latex\graphics\trig.sty"
Package: trig 1999/03/16 v1.09 sin cos tan (DPC)
)
("C:\Program Files\MiKTeX 2.9\tex\latex\00miktex\graphics.cfg"
File: graphics.cfg 2007/01/18 v1.5 graphics configuration of teTeX/TeXLive
)
Package graphics Info: Driver file: pdftex.def on input line 91.

("C:\Program Files\MiKTeX 2.9\tex\latex\pdftex-def\pdftex.def"
File: pdftex.def 2011/05/27 v0.06d Graphics/color for pdfTeX
\Gread@gobject=\count97
))
\Gin@req@height=\dimen106
\Gin@req@width=\dimen107
)
("C:\Program Files\MiKTeX 2.9\tex\latex\pdfpages\pdfpages.sty"
Package: pdfpages 2011/03/10 v0.4n Insert pages of external PDF documents (AM)

("C:\Program Files\MiKTeX 2.9\tex\latex\base\ifthen.sty"
Package: ifthen 2001/05/26 v1.1c Standard LaTeX ifthen package (DPC)
)
("C:\Program Files\MiKTeX 2.9\tex\latex\tools\calc.sty"
Package: calc 2007/08/22 v4.3 Infix arithmetic (KKT,FJ)
\calc@Acount=\count98
\calc@Bcount=\count99
\calc@Adimen=\dimen108
\calc@Bdimen=\dimen109
\calc@Askip=\skip44
\calc@Bskip=\skip45
LaTeX Info: Redefining \setlength on input line 76.
LaTeX Info: Redefining \addtolength on input line 77.
\calc@Ccount=\count100
\calc@Cskip=\skip46
)
("C:\Program Files\MiKTeX 2.9\tex\latex\eso-pic\eso-pic.sty"
Package: eso-pic 2010/10/06 v2.0c eso-pic (RN)

("C:\Program Files\MiKTeX 2.9\tex\latex\xcolor\xcolor.sty"
Package: xcolor 2007/01/21 v2.11 LaTeX color extensions (UK)

("C:\Program Files\MiKTeX 2.9\tex\latex\00miktex\color.cfg"
File: color.cfg 2007/01/18 v1.5 color configuration of teTeX/TeXLive
)
Package xcolor Info: Driver file: pdftex.def on input line 225.
Package xcolor Info: Model `cmy' substituted by `cmy0' on input line 1337.
Package xcolor Info: Model `hsb' substituted by `rgb' on input line 1341.
Package xcolor Info: Model `RGB' extended on input line 1353.
Package xcolor Info: Model `HTML' substituted by `rgb' on input line 1355.
Package xcolor Info: Model `Hsb' substituted by `hsb' on input line 1356.
Package xcolor Info: Model `tHsb' substituted by `hsb' on input line 1357.
Package xcolor Info: Model `HSB' substituted by `hsb' on input line 1358.
Package xcolor Info: Model `Gray' substituted by `gray' on input line 1359.
Package xcolor Info: Model `wave' substituted by `hsb' on input line 1360.
))
("C:\Program Files\MiKTeX 2.9\tex\latex\pdfpages\pppdftex.def"
File: pppdftex.def 2011/03/10 v0.4n Pdfpages driver for pdfTeX (AM)
)
\AM@pagebox=\box26
\AM@toc@title=\toks15
\c@AM@survey=\count101
\AM@templatesizebox=\box27
)
Package hyperref Info: Option `colorlinks' set `false' on input line 5.

(D:\dac26\Documents\GitHub\2nd-Year-Group-project\N17\docs\FinalReport\endOfPro
jectReport\endOfProjectReport.aux)
LaTeX Font Info:    Checking defaults for OML/cmm/m/it on input line 6.
LaTeX Font Info:    ... okay on input line 6.
LaTeX Font Info:    Checking defaults for T1/cmr/m/n on input line 6.
LaTeX Font Info:    ... okay on input line 6.
LaTeX Font Info:    Checking defaults for OT1/cmr/m/n on input line 6.
LaTeX Font Info:    ... okay on input line 6.
LaTeX Font Info:    Checking defaults for OMS/cmsy/m/n on input line 6.
LaTeX Font Info:    ... okay on input line 6.
LaTeX Font Info:    Checking defaults for OMX/cmex/m/n on input line 6.
LaTeX Font Info:    ... okay on input line 6.
LaTeX Font Info:    Checking defaults for U/cmr/m/n on input line 6.
LaTeX Font Info:    ... okay on input line 6.
LaTeX Font Info:    Checking defaults for PD1/pdf/m/n on input line 6.
LaTeX Font Info:    ... okay on input line 6.
\AtBeginShipoutBox=\box28
Package hyperref Info: Link coloring OFF on input line 6.

("C:\Program Files\MiKTeX 2.9\tex\latex\hyperref\nameref.sty"
Package: nameref 2010/04/30 v2.40 Cross-referencing by name of section

("C:\Program Files\MiKTeX 2.9\tex\generic\oberdiek\gettitlestring.sty"
Package: gettitlestring 2010/12/03 v1.4 Cleanup title references (HO)
)
\c@section@level=\count102
)
LaTeX Info: Redefining \ref on input line 6.
LaTeX Info: Redefining \pageref on input line 6.
LaTeX Info: Redefining \nameref on input line 6.

(D:\dac26\Documents\GitHub\2nd-Year-Group-project\N17\docs\FinalReport\endOfPro
jectReport\endOfProjectReport.out)
(D:\dac26\Documents\GitHub\2nd-Year-Group-project\N17\docs\FinalReport\endOfPro
jectReport\endOfProjectReport.out)
\@outlinefile=\write3

("C:\Program Files\MiKTeX 2.9\tex\context\base\supp-pdf.mkii"
[Loading MPS to PDF converter (version 2006.09.02).]
\scratchcounter=\count103
\scratchdimen=\dimen110
\scratchbox=\box29
\nofMPsegments=\count104
\nofMParguments=\count105
\everyMPshowfont=\toks16
\MPscratchCnt=\count106
\MPscratchDim=\dimen111
\MPnumerator=\count107
\makeMPintoPDFobject=\count108
\everyMPtoPDFconversion=\toks17
)
LaTeX Font Info:    External font `cmex10' loaded for size
(Font)              <10.95> on input line 16.
LaTeX Font Info:    External font `cmex10' loaded for size
(Font)              <8> on input line 16.
LaTeX Font Info:    External font `cmex10' loaded for size
(Font)              <6> on input line 16.
LaTeX Font Info:    Try loading font information for OMS+cmr on input line 16.
 ("C:\Program Files\MiKTeX 2.9\tex\latex\base\omscmr.fd"
File: omscmr.fd 1999/05/25 v2.5h Standard LaTeX font definitions
)
LaTeX Font Info:    Font shape `OMS/cmr/m/n' in size <10.95> not available
(Font)              Font shape `OMS/cmsy/m/n' tried instead on input line 16.
 [0


{C:/ProgramData/MiKTeX/2.9/pdftex/config/pdftex.map}]
(D:\dac26\Documents\GitHub\2nd-Year-Group-project\N17\docs\FinalReport\endOfPro
jectReport\endOfProjectReport.toc)
\tf@toc=\write4


LaTeX Warning: Reference `thelastpage' on page 1 undefined on input line 17.

[1] <./ProjectPlan/projectplan.pdf, id=20, page=3, 597.50829pt x 845.0471pt>
File: ./ProjectPlan/projectplan.pdf Graphic file (type pdf)

<use ./ProjectPlan/projectplan.pdf, page 3>
Package pdftex.def Info: ./ProjectPlan/projectplan.pdf, page3 used on input lin
e 20.
(pdftex.def)             Requested size: 597.50682pt x 845.04504pt.
File: ./ProjectPlan/projectplan.pdf Graphic file (type pdf)

<use ./ProjectPlan/projectplan.pdf, page 3>
Package pdftex.def Info: ./ProjectPlan/projectplan.pdf, page3 used on input lin
e 20.
(pdftex.def)             Requested size: 597.53416pt x 845.08372pt.
File: ./ProjectPlan/projectplan.pdf Graphic file (type pdf)

<use ./ProjectPlan/projectplan.pdf, page 3>
Package pdftex.def Info: ./ProjectPlan/projectplan.pdf, page3 used on input lin
e 20.
(pdftex.def)             Requested size: 597.53416pt x 845.08372pt.
File: ./ProjectPlan/projectplan.pdf Graphic file (type pdf)

<use ./ProjectPlan/projectplan.pdf, page 3>
Package pdftex.def Info: ./ProjectPlan/projectplan.pdf, page3 used on input lin
e 20.
(pdftex.def)             Requested size: 597.53416pt x 845.08372pt.
File: ./ProjectPlan/projectplan.pdf Graphic file (type pdf)

<use ./ProjectPlan/projectplan.pdf, page 3>
Package pdftex.def Info: ./ProjectPlan/projectplan.pdf, page3 used on input lin
e 20.
(pdftex.def)             Requested size: 597.53416pt x 845.08372pt.
 [2 <D:/dac26/Documents/GitHub/2nd-Year-Group-project/N17/docs/FinalReport/endO
fProjectReport/ProjectPlan/projectplan.pdf>]
<./ProjectPlan/projectplan.pdf, id=41, page=4, 597.50829pt x 845.0471pt>
File: ./ProjectPlan/projectplan.pdf Graphic file (type pdf)

<use ./ProjectPlan/projectplan.pdf, page 4>
Package pdftex.def Info: ./ProjectPlan/projectplan.pdf, page4 used on input lin
e 20.
(pdftex.def)             Requested size: 597.53416pt x 845.08372pt.
File: ./ProjectPlan/projectplan.pdf Graphic file (type pdf)

<use ./ProjectPlan/projectplan.pdf, page 4>
Package pdftex.def Info: ./ProjectPlan/projectplan.pdf, page4 used on input lin
e 20.
(pdftex.def)             Requested size: 597.53416pt x 845.08372pt.
File: ./ProjectPlan/projectplan.pdf Graphic file (type pdf)

<use ./ProjectPlan/projectplan.pdf, page 4>
Package pdftex.def Info: ./ProjectPlan/projectplan.pdf, page4 used on input lin
e 20.
(pdftex.def)             Requested size: 597.53416pt x 845.08372pt.
 [3 <D:/dac26/Documents/GitHub/2nd-Year-Group-project/N17/docs/FinalReport/endO
fProjectReport/ProjectPlan/projectplan.pdf>]
<./ProjectPlan/projectplan.pdf, id=56, page=5, 597.50829pt x 845.0471pt>
File: ./ProjectPlan/projectplan.pdf Graphic file (type pdf)

<use ./ProjectPlan/projectplan.pdf, page 5>
Package pdftex.def Info: ./ProjectPlan/projectplan.pdf, page5 used on input lin
e 20.
(pdftex.def)             Requested size: 597.53416pt x 845.08372pt.
File: ./ProjectPlan/projectplan.pdf Graphic file (type pdf)

<use ./ProjectPlan/projectplan.pdf, page 5>
Package pdftex.def Info: ./ProjectPlan/projectplan.pdf, page5 used on input lin
e 20.
(pdftex.def)             Requested size: 597.53416pt x 845.08372pt.
File: ./ProjectPlan/projectplan.pdf Graphic file (type pdf)

<use ./ProjectPlan/projectplan.pdf, page 5>
Package pdftex.def Info: ./ProjectPlan/projectplan.pdf, page5 used on input lin
e 20.
(pdftex.def)             Requested size: 597.53416pt x 845.08372pt.
 [4 <D:/dac26/Documents/GitHub/2nd-Year-Group-project/N17/docs/FinalReport/endO
fProjectReport/ProjectPlan/projectplan.pdf>]
<./ProjectPlan/projectplan.pdf, id=61, page=6, 597.50829pt x 845.0471pt>
File: ./ProjectPlan/projectplan.pdf Graphic file (type pdf)

<use ./ProjectPlan/projectplan.pdf, page 6>
Package pdftex.def Info: ./ProjectPlan/projectplan.pdf, page6 used on input lin
e 20.
(pdftex.def)             Requested size: 597.53416pt x 845.08372pt.
File: ./ProjectPlan/projectplan.pdf Graphic file (type pdf)

<use ./ProjectPlan/projectplan.pdf, page 6>
Package pdftex.def Info: ./ProjectPlan/projectplan.pdf, page6 used on input lin
e 20.
(pdftex.def)             Requested size: 597.53416pt x 845.08372pt.
File: ./ProjectPlan/projectplan.pdf Graphic file (type pdf)

<use ./ProjectPlan/projectplan.pdf, page 6>
Package pdftex.def Info: ./ProjectPlan/projectplan.pdf, page6 used on input lin
e 20.
(pdftex.def)             Requested size: 597.53416pt x 845.08372pt.
 [5 <D:/dac26/Documents/GitHub/2nd-Year-Group-project/N17/docs/FinalReport/endO
fProjectReport/ProjectPlan/projectplan.pdf>]
<./ProjectPlan/projectplan.pdf, id=66, page=7, 597.50829pt x 845.0471pt>
File: ./ProjectPlan/projectplan.pdf Graphic file (type pdf)

<use ./ProjectPlan/projectplan.pdf, page 7>
Package pdftex.def Info: ./ProjectPlan/projectplan.pdf, page7 used on input lin
e 20.
(pdftex.def)             Requested size: 597.53416pt x 845.08372pt.
File: ./ProjectPlan/projectplan.pdf Graphic file (type pdf)

<use ./ProjectPlan/projectplan.pdf, page 7>
Package pdftex.def Info: ./ProjectPlan/projectplan.pdf, page7 used on input lin
e 20.
(pdftex.def)             Requested size: 597.53416pt x 845.08372pt.
File: ./ProjectPlan/projectplan.pdf Graphic file (type pdf)

<use ./ProjectPlan/projectplan.pdf, page 7>
Package pdftex.def Info: ./ProjectPlan/projectplan.pdf, page7 used on input lin
e 20.
(pdftex.def)             Requested size: 597.53416pt x 845.08372pt.
 [6 <D:/dac26/Documents/GitHub/2nd-Year-Group-project/N17/docs/FinalReport/endO
fProjectReport/ProjectPlan/projectplan.pdf>]
<./ProjectPlan/projectplan.pdf, id=73, page=8, 597.50829pt x 845.0471pt>
File: ./ProjectPlan/projectplan.pdf Graphic file (type pdf)

<use ./ProjectPlan/projectplan.pdf, page 8>
Package pdftex.def Info: ./ProjectPlan/projectplan.pdf, page8 used on input lin
e 20.
(pdftex.def)             Requested size: 597.53416pt x 845.08372pt.
File: ./ProjectPlan/projectplan.pdf Graphic file (type pdf)

<use ./ProjectPlan/projectplan.pdf, page 8>
Package pdftex.def Info: ./ProjectPlan/projectplan.pdf, page8 used on input lin
e 20.
(pdftex.def)             Requested size: 597.53416pt x 845.08372pt.
File: ./ProjectPlan/projectplan.pdf Graphic file (type pdf)

<use ./ProjectPlan/projectplan.pdf, page 8>
Package pdftex.def Info: ./ProjectPlan/projectplan.pdf, page8 used on input lin
e 20.
(pdftex.def)             Requested size: 597.53416pt x 845.08372pt.
 [7 <D:/dac26/Documents/GitHub/2nd-Year-Group-project/N17/docs/FinalReport/endO
fProjectReport/ProjectPlan/projectplan.pdf>]
<./ProjectPlan/projectplan.pdf, id=79, page=9, 597.50829pt x 845.0471pt>
File: ./ProjectPlan/projectplan.pdf Graphic file (type pdf)

<use ./ProjectPlan/projectplan.pdf, page 9>
Package pdftex.def Info: ./ProjectPlan/projectplan.pdf, page9 used on input lin
e 20.
(pdftex.def)             Requested size: 597.53416pt x 845.08372pt.
File: ./ProjectPlan/projectplan.pdf Graphic file (type pdf)

<use ./ProjectPlan/projectplan.pdf, page 9>
Package pdftex.def Info: ./ProjectPlan/projectplan.pdf, page9 used on input lin
e 20.
(pdftex.def)             Requested size: 597.53416pt x 845.08372pt.
File: ./ProjectPlan/projectplan.pdf Graphic file (type pdf)

<use ./ProjectPlan/projectplan.pdf, page 9>
Package pdftex.def Info: ./ProjectPlan/projectplan.pdf, page9 used on input lin
e 20.
(pdftex.def)             Requested size: 597.53416pt x 845.08372pt.
 [8 <D:/dac26/Documents/GitHub/2nd-Year-Group-project/N17/docs/FinalReport/endO
fProjectReport/ProjectPlan/projectplan.pdf>]
<./ProjectPlan/projectplan.pdf, id=85, page=10, 597.50829pt x 845.0471pt>
File: ./ProjectPlan/projectplan.pdf Graphic file (type pdf)

<use ./ProjectPlan/projectplan.pdf, page 10>
Package pdftex.def Info: ./ProjectPlan/projectplan.pdf, page10 used on input li
ne 20.
(pdftex.def)             Requested size: 597.53416pt x 845.08372pt.
File: ./ProjectPlan/projectplan.pdf Graphic file (type pdf)

<use ./ProjectPlan/projectplan.pdf, page 10>
Package pdftex.def Info: ./ProjectPlan/projectplan.pdf, page10 used on input li
ne 20.
(pdftex.def)             Requested size: 597.53416pt x 845.08372pt.
File: ./ProjectPlan/projectplan.pdf Graphic file (type pdf)

<use ./ProjectPlan/projectplan.pdf, page 10>
Package pdftex.def Info: ./ProjectPlan/projectplan.pdf, page10 used on input li
ne 20.
(pdftex.def)             Requested size: 597.53416pt x 845.08372pt.
 [9 <D:/dac26/Documents/GitHub/2nd-Year-Group-project/N17/docs/FinalReport/endO
fProjectReport/ProjectPlan/projectplan.pdf>]
<./ProjectPlan/projectplan.pdf, id=91, page=11, 597.50829pt x 845.0471pt>
File: ./ProjectPlan/projectplan.pdf Graphic file (type pdf)

<use ./ProjectPlan/projectplan.pdf, page 11>
Package pdftex.def Info: ./ProjectPlan/projectplan.pdf, page11 used on input li
ne 20.
(pdftex.def)             Requested size: 597.53416pt x 845.08372pt.
File: ./ProjectPlan/projectplan.pdf Graphic file (type pdf)

<use ./ProjectPlan/projectplan.pdf, page 11>
Package pdftex.def Info: ./ProjectPlan/projectplan.pdf, page11 used on input li
ne 20.
(pdftex.def)             Requested size: 597.53416pt x 845.08372pt.
File: ./ProjectPlan/projectplan.pdf Graphic file (type pdf)

<use ./ProjectPlan/projectplan.pdf, page 11>
Package pdftex.def Info: ./ProjectPlan/projectplan.pdf, page11 used on input li
ne 20.
(pdftex.def)             Requested size: 597.53416pt x 845.08372pt.
 [10 <D:/dac26/Documents/GitHub/2nd-Year-Group-project/N17/docs/FinalReport/end
OfProjectReport/ProjectPlan/projectplan.pdf>]
<./ProjectPlan/projectplan.pdf, id=97, page=12, 597.50829pt x 845.0471pt>
File: ./ProjectPlan/projectplan.pdf Graphic file (type pdf)

<use ./ProjectPlan/projectplan.pdf, page 12>
Package pdftex.def Info: ./ProjectPlan/projectplan.pdf, page12 used on input li
ne 20.
(pdftex.def)             Requested size: 597.53416pt x 845.08372pt.
File: ./ProjectPlan/projectplan.pdf Graphic file (type pdf)

<use ./ProjectPlan/projectplan.pdf, page 12>
Package pdftex.def Info: ./ProjectPlan/projectplan.pdf, page12 used on input li
ne 20.
(pdftex.def)             Requested size: 597.53416pt x 845.08372pt.
File: ./ProjectPlan/projectplan.pdf Graphic file (type pdf)

<use ./ProjectPlan/projectplan.pdf, page 12>
Package pdftex.def Info: ./ProjectPlan/projectplan.pdf, page12 used on input li
ne 20.
(pdftex.def)             Requested size: 597.53416pt x 845.08372pt.
 [11 <D:/dac26/Documents/GitHub/2nd-Year-Group-project/N17/docs/FinalReport/end
OfProjectReport/ProjectPlan/projectplan.pdf>]
<./ProjectPlan/projectplan.pdf, id=103, page=13, 597.50829pt x 845.0471pt>
File: ./ProjectPlan/projectplan.pdf Graphic file (type pdf)

<use ./ProjectPlan/projectplan.pdf, page 13>
Package pdftex.def Info: ./ProjectPlan/projectplan.pdf, page13 used on input li
ne 20.
(pdftex.def)             Requested size: 597.53416pt x 845.08372pt.
File: ./ProjectPlan/projectplan.pdf Graphic file (type pdf)

<use ./ProjectPlan/projectplan.pdf, page 13>
Package pdftex.def Info: ./ProjectPlan/projectplan.pdf, page13 used on input li
ne 20.
(pdftex.def)             Requested size: 597.53416pt x 845.08372pt.
File: ./ProjectPlan/projectplan.pdf Graphic file (type pdf)

<use ./ProjectPlan/projectplan.pdf, page 13>
Package pdftex.def Info: ./ProjectPlan/projectplan.pdf, page13 used on input li
ne 20.
(pdftex.def)             Requested size: 597.53416pt x 845.08372pt.
 [12 <D:/dac26/Documents/GitHub/2nd-Year-Group-project/N17/docs/FinalReport/end
OfProjectReport/ProjectPlan/projectplan.pdf>]
<./ProjectPlan/projectplan.pdf, id=110, page=14, 597.50829pt x 845.0471pt>
File: ./ProjectPlan/projectplan.pdf Graphic file (type pdf)

<use ./ProjectPlan/projectplan.pdf, page 14>
Package pdftex.def Info: ./ProjectPlan/projectplan.pdf, page14 used on input li
ne 20.
(pdftex.def)             Requested size: 597.53416pt x 845.08372pt.
File: ./ProjectPlan/projectplan.pdf Graphic file (type pdf)

<use ./ProjectPlan/projectplan.pdf, page 14>
Package pdftex.def Info: ./ProjectPlan/projectplan.pdf, page14 used on input li
ne 20.
(pdftex.def)             Requested size: 597.53416pt x 845.08372pt.
File: ./ProjectPlan/projectplan.pdf Graphic file (type pdf)

<use ./ProjectPlan/projectplan.pdf, page 14>
Package pdftex.def Info: ./ProjectPlan/projectplan.pdf, page14 used on input li
ne 20.
(pdftex.def)             Requested size: 597.53416pt x 845.08372pt.
 [13 <D:/dac26/Documents/GitHub/2nd-Year-Group-project/N17/docs/FinalReport/end
OfProjectReport/ProjectPlan/projectplan.pdf>]
<./ProjectPlan/projectplan.pdf, id=116, page=15, 597.50829pt x 845.0471pt>
File: ./ProjectPlan/projectplan.pdf Graphic file (type pdf)

<use ./ProjectPlan/projectplan.pdf, page 15>
Package pdftex.def Info: ./ProjectPlan/projectplan.pdf, page15 used on input li
ne 20.
(pdftex.def)             Requested size: 597.53416pt x 845.08372pt.
File: ./ProjectPlan/projectplan.pdf Graphic file (type pdf)

<use ./ProjectPlan/projectplan.pdf, page 15>
Package pdftex.def Info: ./ProjectPlan/projectplan.pdf, page15 used on input li
ne 20.
(pdftex.def)             Requested size: 597.53416pt x 845.08372pt.
File: ./ProjectPlan/projectplan.pdf Graphic file (type pdf)

<use ./ProjectPlan/projectplan.pdf, page 15>
Package pdftex.def Info: ./ProjectPlan/projectplan.pdf, page15 used on input li
ne 20.
(pdftex.def)             Requested size: 597.53416pt x 845.08372pt.
 [14 <D:/dac26/Documents/GitHub/2nd-Year-Group-project/N17/docs/FinalReport/end
OfProjectReport/ProjectPlan/projectplan.pdf>]
<./ProjectPlan/projectplan.pdf, id=122, page=16, 597.50829pt x 845.0471pt>
File: ./ProjectPlan/projectplan.pdf Graphic file (type pdf)

<use ./ProjectPlan/projectplan.pdf, page 16>
Package pdftex.def Info: ./ProjectPlan/projectplan.pdf, page16 used on input li
ne 20.
(pdftex.def)             Requested size: 597.53416pt x 845.08372pt.
File: ./ProjectPlan/projectplan.pdf Graphic file (type pdf)

<use ./ProjectPlan/projectplan.pdf, page 16>
Package pdftex.def Info: ./ProjectPlan/projectplan.pdf, page16 used on input li
ne 20.
(pdftex.def)             Requested size: 597.53416pt x 845.08372pt.
File: ./ProjectPlan/projectplan.pdf Graphic file (type pdf)

<use ./ProjectPlan/projectplan.pdf, page 16>
Package pdftex.def Info: ./ProjectPlan/projectplan.pdf, page16 used on input li
ne 20.
(pdftex.def)             Requested size: 597.53416pt x 845.08372pt.
 [15 <D:/dac26/Documents/GitHub/2nd-Year-Group-project/N17/docs/FinalReport/end
OfProjectReport/ProjectPlan/projectplan.pdf>]
<./ProjectPlan/projectplan.pdf, id=129, page=17, 597.50829pt x 845.0471pt>
File: ./ProjectPlan/projectplan.pdf Graphic file (type pdf)

<use ./ProjectPlan/projectplan.pdf, page 17>
Package pdftex.def Info: ./ProjectPlan/projectplan.pdf, page17 used on input li
ne 20.
(pdftex.def)             Requested size: 597.53416pt x 845.08372pt.
File: ./ProjectPlan/projectplan.pdf Graphic file (type pdf)

<use ./ProjectPlan/projectplan.pdf, page 17>
Package pdftex.def Info: ./ProjectPlan/projectplan.pdf, page17 used on input li
ne 20.
(pdftex.def)             Requested size: 597.53416pt x 845.08372pt.
File: ./ProjectPlan/projectplan.pdf Graphic file (type pdf)

<use ./ProjectPlan/projectplan.pdf, page 17>
Package pdftex.def Info: ./ProjectPlan/projectplan.pdf, page17 used on input li
ne 20.
(pdftex.def)             Requested size: 597.53416pt x 845.08372pt.
 [16 <D:/dac26/Documents/GitHub/2nd-Year-Group-project/N17/docs/FinalReport/end
OfProjectReport/ProjectPlan/projectplan.pdf>]
<./ProjectPlan/projectplan.pdf, id=135, page=18, 597.50829pt x 845.0471pt>
File: ./ProjectPlan/projectplan.pdf Graphic file (type pdf)

<use ./ProjectPlan/projectplan.pdf, page 18>
Package pdftex.def Info: ./ProjectPlan/projectplan.pdf, page18 used on input li
ne 20.
(pdftex.def)             Requested size: 597.53416pt x 845.08372pt.
File: ./ProjectPlan/projectplan.pdf Graphic file (type pdf)

<use ./ProjectPlan/projectplan.pdf, page 18>
Package pdftex.def Info: ./ProjectPlan/projectplan.pdf, page18 used on input li
ne 20.
(pdftex.def)             Requested size: 597.53416pt x 845.08372pt.
File: ./ProjectPlan/projectplan.pdf Graphic file (type pdf)

<use ./ProjectPlan/projectplan.pdf, page 18>
Package pdftex.def Info: ./ProjectPlan/projectplan.pdf, page18 used on input li
ne 20.
(pdftex.def)             Requested size: 597.53416pt x 845.08372pt.
 [17 <D:/dac26/Documents/GitHub/2nd-Year-Group-project/N17/docs/FinalReport/end
OfProjectReport/ProjectPlan/projectplan.pdf>]
<./ProjectPlan/projectplan.pdf, id=141, page=19, 597.50829pt x 845.0471pt>
File: ./ProjectPlan/projectplan.pdf Graphic file (type pdf)

<use ./ProjectPlan/projectplan.pdf, page 19>
Package pdftex.def Info: ./ProjectPlan/projectplan.pdf, page19 used on input li
ne 20.
(pdftex.def)             Requested size: 597.53416pt x 845.08372pt.
File: ./ProjectPlan/projectplan.pdf Graphic file (type pdf)

<use ./ProjectPlan/projectplan.pdf, page 19>
Package pdftex.def Info: ./ProjectPlan/projectplan.pdf, page19 used on input li
ne 20.
(pdftex.def)             Requested size: 597.53416pt x 845.08372pt.
File: ./ProjectPlan/projectplan.pdf Graphic file (type pdf)

<use ./ProjectPlan/projectplan.pdf, page 19>
Package pdftex.def Info: ./ProjectPlan/projectplan.pdf, page19 used on input li
ne 20.
(pdftex.def)             Requested size: 597.53416pt x 845.08372pt.
 [18 <D:/dac26/Documents/GitHub/2nd-Year-Group-project/N17/docs/FinalReport/end
OfProjectReport/ProjectPlan/projectplan.pdf>]
<./ProjectPlan/projectplan.pdf, id=148, page=20, 597.50829pt x 845.0471pt>
File: ./ProjectPlan/projectplan.pdf Graphic file (type pdf)

<use ./ProjectPlan/projectplan.pdf, page 20>
Package pdftex.def Info: ./ProjectPlan/projectplan.pdf, page20 used on input li
ne 20.
(pdftex.def)             Requested size: 597.53416pt x 845.08372pt.
File: ./ProjectPlan/projectplan.pdf Graphic file (type pdf)

<use ./ProjectPlan/projectplan.pdf, page 20>
Package pdftex.def Info: ./ProjectPlan/projectplan.pdf, page20 used on input li
ne 20.
(pdftex.def)             Requested size: 597.53416pt x 845.08372pt.
File: ./ProjectPlan/projectplan.pdf Graphic file (type pdf)

<use ./ProjectPlan/projectplan.pdf, page 20>
Package pdftex.def Info: ./ProjectPlan/projectplan.pdf, page20 used on input li
ne 20.
(pdftex.def)             Requested size: 597.53416pt x 845.08372pt.
 [19 <D:/dac26/Documents/GitHub/2nd-Year-Group-project/N17/docs/FinalReport/end
OfProjectReport/ProjectPlan/projectplan.pdf>]
<./ProjectPlan/projectplan.pdf, id=155, page=21, 597.50829pt x 845.0471pt>
File: ./ProjectPlan/projectplan.pdf Graphic file (type pdf)

<use ./ProjectPlan/projectplan.pdf, page 21>
Package pdftex.def Info: ./ProjectPlan/projectplan.pdf, page21 used on input li
ne 20.
(pdftex.def)             Requested size: 597.53416pt x 845.08372pt.
File: ./ProjectPlan/projectplan.pdf Graphic file (type pdf)

<use ./ProjectPlan/projectplan.pdf, page 21>
Package pdftex.def Info: ./ProjectPlan/projectplan.pdf, page21 used on input li
ne 20.
(pdftex.def)             Requested size: 597.53416pt x 845.08372pt.
File: ./ProjectPlan/projectplan.pdf Graphic file (type pdf)

<use ./ProjectPlan/projectplan.pdf, page 21>
Package pdftex.def Info: ./ProjectPlan/projectplan.pdf, page21 used on input li
ne 20.
(pdftex.def)             Requested size: 597.53416pt x 845.08372pt.
 [20 <D:/dac26/Documents/GitHub/2nd-Year-Group-project/N17/docs/FinalReport/end
OfProjectReport/ProjectPlan/projectplan.pdf>]
<./ProjectPlan/projectplan.pdf, id=161, page=22, 597.50829pt x 845.0471pt>
File: ./ProjectPlan/projectplan.pdf Graphic file (type pdf)

<use ./ProjectPlan/projectplan.pdf, page 22>
Package pdftex.def Info: ./ProjectPlan/projectplan.pdf, page22 used on input li
ne 20.
(pdftex.def)             Requested size: 597.53416pt x 845.08372pt.
File: ./ProjectPlan/projectplan.pdf Graphic file (type pdf)

<use ./ProjectPlan/projectplan.pdf, page 22>
Package pdftex.def Info: ./ProjectPlan/projectplan.pdf, page22 used on input li
ne 20.
(pdftex.def)             Requested size: 597.53416pt x 845.08372pt.
File: ./ProjectPlan/projectplan.pdf Graphic file (type pdf)

<use ./ProjectPlan/projectplan.pdf, page 22>
Package pdftex.def Info: ./ProjectPlan/projectplan.pdf, page22 used on input li
ne 20.
(pdftex.def)             Requested size: 597.53416pt x 845.08372pt.
 [21 <D:/dac26/Documents/GitHub/2nd-Year-Group-project/N17/docs/FinalReport/end
OfProjectReport/ProjectPlan/projectplan.pdf>]
<./ProjectPlan/projectplan.pdf, id=167, page=23, 597.50829pt x 845.0471pt>
File: ./ProjectPlan/projectplan.pdf Graphic file (type pdf)

<use ./ProjectPlan/projectplan.pdf, page 23>
Package pdftex.def Info: ./ProjectPlan/projectplan.pdf, page23 used on input li
ne 20.
(pdftex.def)             Requested size: 597.53416pt x 845.08372pt.
File: ./ProjectPlan/projectplan.pdf Graphic file (type pdf)

<use ./ProjectPlan/projectplan.pdf, page 23>
Package pdftex.def Info: ./ProjectPlan/projectplan.pdf, page23 used on input li
ne 20.
(pdftex.def)             Requested size: 597.53416pt x 845.08372pt.
File: ./ProjectPlan/projectplan.pdf Graphic file (type pdf)

<use ./ProjectPlan/projectplan.pdf, page 23>
Package pdftex.def Info: ./ProjectPlan/projectplan.pdf, page23 used on input li
ne 20.
(pdftex.def)             Requested size: 597.53416pt x 845.08372pt.
 [22 <D:/dac26/Documents/GitHub/2nd-Year-Group-project/N17/docs/FinalReport/end
OfProjectReport/ProjectPlan/projectplan.pdf>]
<./ProjectPlan/projectplan.pdf, id=172, page=24, 597.50829pt x 845.0471pt>
File: ./ProjectPlan/projectplan.pdf Graphic file (type pdf)

<use ./ProjectPlan/projectplan.pdf, page 24>
Package pdftex.def Info: ./ProjectPlan/projectplan.pdf, page24 used on input li
ne 20.
(pdftex.def)             Requested size: 597.53416pt x 845.08372pt.
File: ./ProjectPlan/projectplan.pdf Graphic file (type pdf)

<use ./ProjectPlan/projectplan.pdf, page 24>
Package pdftex.def Info: ./ProjectPlan/projectplan.pdf, page24 used on input li
ne 20.
(pdftex.def)             Requested size: 597.53416pt x 845.08372pt.
File: ./ProjectPlan/projectplan.pdf Graphic file (type pdf)

<use ./ProjectPlan/projectplan.pdf, page 24>
Package pdftex.def Info: ./ProjectPlan/projectplan.pdf, page24 used on input li
ne 20.
(pdftex.def)             Requested size: 597.53416pt x 845.08372pt.
 [23 <D:/dac26/Documents/GitHub/2nd-Year-Group-project/N17/docs/FinalReport/end
OfProjectReport/ProjectPlan/projectplan.pdf>]
<./ProjectPlan/projectplan.pdf, id=178, page=25, 597.50829pt x 845.0471pt>
File: ./ProjectPlan/projectplan.pdf Graphic file (type pdf)

<use ./ProjectPlan/projectplan.pdf, page 25>
Package pdftex.def Info: ./ProjectPlan/projectplan.pdf, page25 used on input li
ne 20.
(pdftex.def)             Requested size: 597.53416pt x 845.08372pt.
File: ./ProjectPlan/projectplan.pdf Graphic file (type pdf)

<use ./ProjectPlan/projectplan.pdf, page 25>
Package pdftex.def Info: ./ProjectPlan/projectplan.pdf, page25 used on input li
ne 20.
(pdftex.def)             Requested size: 597.53416pt x 845.08372pt.
File: ./ProjectPlan/projectplan.pdf Graphic file (type pdf)

<use ./ProjectPlan/projectplan.pdf, page 25>
Package pdftex.def Info: ./ProjectPlan/projectplan.pdf, page25 used on input li
ne 20.
(pdftex.def)             Requested size: 597.53416pt x 845.08372pt.
 [24 <D:/dac26/Documents/GitHub/2nd-Year-Group-project/N17/docs/FinalReport/end
OfProjectReport/ProjectPlan/projectplan.pdf>]
<./TestPlan/finaltestplan.pdf, id=187, page=3, 597.50829pt x 845.0471pt>
File: ./TestPlan/finaltestplan.pdf Graphic file (type pdf)

<use ./TestPlan/finaltestplan.pdf, page 3>
Package pdftex.def Info: ./TestPlan/finaltestplan.pdf, page3 used on input line
 23.
(pdftex.def)             Requested size: 597.50682pt x 845.04504pt.
File: ./TestPlan/finaltestplan.pdf Graphic file (type pdf)

<use ./TestPlan/finaltestplan.pdf, page 3>
Package pdftex.def Info: ./TestPlan/finaltestplan.pdf, page3 used on input line
 23.
(pdftex.def)             Requested size: 597.53416pt x 845.08372pt.
File: ./TestPlan/finaltestplan.pdf Graphic file (type pdf)

<use ./TestPlan/finaltestplan.pdf, page 3>
Package pdftex.def Info: ./TestPlan/finaltestplan.pdf, page3 used on input line
 23.
(pdftex.def)             Requested size: 597.53416pt x 845.08372pt.
File: ./TestPlan/finaltestplan.pdf Graphic file (type pdf)

<use ./TestPlan/finaltestplan.pdf, page 3>
Package pdftex.def Info: ./TestPlan/finaltestplan.pdf, page3 used on input line
 23.
(pdftex.def)             Requested size: 597.53416pt x 845.08372pt.
File: ./TestPlan/finaltestplan.pdf Graphic file (type pdf)

<use ./TestPlan/finaltestplan.pdf, page 3>
Package pdftex.def Info: ./TestPlan/finaltestplan.pdf, page3 used on input line
 23.
(pdftex.def)             Requested size: 597.53416pt x 845.08372pt.
 [25 <D:/dac26/Documents/GitHub/2nd-Year-Group-project/N17/docs/FinalReport/end
OfProjectReport/TestPlan/finaltestplan.pdf>]
<./TestPlan/finaltestplan.pdf, id=202, page=4, 597.50829pt x 845.0471pt>
File: ./TestPlan/finaltestplan.pdf Graphic file (type pdf)

<use ./TestPlan/finaltestplan.pdf, page 4>
Package pdftex.def Info: ./TestPlan/finaltestplan.pdf, page4 used on input line
 23.
(pdftex.def)             Requested size: 597.53416pt x 845.08372pt.
File: ./TestPlan/finaltestplan.pdf Graphic file (type pdf)

<use ./TestPlan/finaltestplan.pdf, page 4>
Package pdftex.def Info: ./TestPlan/finaltestplan.pdf, page4 used on input line
 23.
(pdftex.def)             Requested size: 597.53416pt x 845.08372pt.
File: ./TestPlan/finaltestplan.pdf Graphic file (type pdf)

<use ./TestPlan/finaltestplan.pdf, page 4>
Package pdftex.def Info: ./TestPlan/finaltestplan.pdf, page4 used on input line
 23.
(pdftex.def)             Requested size: 597.53416pt x 845.08372pt.
 [26 <D:/dac26/Documents/GitHub/2nd-Year-Group-project/N17/docs/FinalReport/end
OfProjectReport/TestPlan/finaltestplan.pdf>]
<./TestPlan/finaltestplan.pdf, id=222, page=5, 597.50829pt x 845.0471pt>
File: ./TestPlan/finaltestplan.pdf Graphic file (type pdf)

<use ./TestPlan/finaltestplan.pdf, page 5>
Package pdftex.def Info: ./TestPlan/finaltestplan.pdf, page5 used on input line
 23.
(pdftex.def)             Requested size: 597.53416pt x 845.08372pt.
File: ./TestPlan/finaltestplan.pdf Graphic file (type pdf)

<use ./TestPlan/finaltestplan.pdf, page 5>
Package pdftex.def Info: ./TestPlan/finaltestplan.pdf, page5 used on input line
 23.
(pdftex.def)             Requested size: 597.53416pt x 845.08372pt.
File: ./TestPlan/finaltestplan.pdf Graphic file (type pdf)

<use ./TestPlan/finaltestplan.pdf, page 5>
Package pdftex.def Info: ./TestPlan/finaltestplan.pdf, page5 used on input line
 23.
(pdftex.def)             Requested size: 597.53416pt x 845.08372pt.
 [27 <D:/dac26/Documents/GitHub/2nd-Year-Group-project/N17/docs/FinalReport/end
OfProjectReport/TestPlan/finaltestplan.pdf>]
<./TestPlan/finaltestplan.pdf, id=232, page=6, 597.50829pt x 845.0471pt>
File: ./TestPlan/finaltestplan.pdf Graphic file (type pdf)

<use ./TestPlan/finaltestplan.pdf, page 6>
Package pdftex.def Info: ./TestPlan/finaltestplan.pdf, page6 used on input line
 23.
(pdftex.def)             Requested size: 597.53416pt x 845.08372pt.
File: ./TestPlan/finaltestplan.pdf Graphic file (type pdf)

<use ./TestPlan/finaltestplan.pdf, page 6>
Package pdftex.def Info: ./TestPlan/finaltestplan.pdf, page6 used on input line
 23.
(pdftex.def)             Requested size: 597.53416pt x 845.08372pt.
File: ./TestPlan/finaltestplan.pdf Graphic file (type pdf)

<use ./TestPlan/finaltestplan.pdf, page 6>
Package pdftex.def Info: ./TestPlan/finaltestplan.pdf, page6 used on input line
 23.
(pdftex.def)             Requested size: 597.53416pt x 845.08372pt.
 [28 <D:/dac26/Documents/GitHub/2nd-Year-Group-project/N17/docs/FinalReport/end
OfProjectReport/TestPlan/finaltestplan.pdf>]
<./TestPlan/finaltestplan.pdf, id=240, page=7, 597.50829pt x 845.0471pt>
File: ./TestPlan/finaltestplan.pdf Graphic file (type pdf)

<use ./TestPlan/finaltestplan.pdf, page 7>
Package pdftex.def Info: ./TestPlan/finaltestplan.pdf, page7 used on input line
 23.
(pdftex.def)             Requested size: 597.53416pt x 845.08372pt.
File: ./TestPlan/finaltestplan.pdf Graphic file (type pdf)

<use ./TestPlan/finaltestplan.pdf, page 7>
Package pdftex.def Info: ./TestPlan/finaltestplan.pdf, page7 used on input line
 23.
(pdftex.def)             Requested size: 597.53416pt x 845.08372pt.
File: ./TestPlan/finaltestplan.pdf Graphic file (type pdf)

<use ./TestPlan/finaltestplan.pdf, page 7>
Package pdftex.def Info: ./TestPlan/finaltestplan.pdf, page7 used on input line
 23.
(pdftex.def)             Requested size: 597.53416pt x 845.08372pt.
 [29 <D:/dac26/Documents/GitHub/2nd-Year-Group-project/N17/docs/FinalReport/end
OfProjectReport/TestPlan/finaltestplan.pdf>]
<./TestPlan/finaltestplan.pdf, id=255, page=8, 597.50829pt x 845.0471pt>
File: ./TestPlan/finaltestplan.pdf Graphic file (type pdf)

<use ./TestPlan/finaltestplan.pdf, page 8>
Package pdftex.def Info: ./TestPlan/finaltestplan.pdf, page8 used on input line
 23.
(pdftex.def)             Requested size: 597.53416pt x 845.08372pt.
File: ./TestPlan/finaltestplan.pdf Graphic file (type pdf)

<use ./TestPlan/finaltestplan.pdf, page 8>
Package pdftex.def Info: ./TestPlan/finaltestplan.pdf, page8 used on input line
 23.
(pdftex.def)             Requested size: 597.53416pt x 845.08372pt.
File: ./TestPlan/finaltestplan.pdf Graphic file (type pdf)

<use ./TestPlan/finaltestplan.pdf, page 8>
Package pdftex.def Info: ./TestPlan/finaltestplan.pdf, page8 used on input line
 23.
(pdftex.def)             Requested size: 597.53416pt x 845.08372pt.
 [30 <D:/dac26/Documents/GitHub/2nd-Year-Group-project/N17/docs/FinalReport/end
OfProjectReport/TestPlan/finaltestplan.pdf>]
<./TestPlan/finaltestplan.pdf, id=264, page=9, 597.50829pt x 845.0471pt>
File: ./TestPlan/finaltestplan.pdf Graphic file (type pdf)

<use ./TestPlan/finaltestplan.pdf, page 9>
Package pdftex.def Info: ./TestPlan/finaltestplan.pdf, page9 used on input line
 23.
(pdftex.def)             Requested size: 597.53416pt x 845.08372pt.
File: ./TestPlan/finaltestplan.pdf Graphic file (type pdf)

<use ./TestPlan/finaltestplan.pdf, page 9>
Package pdftex.def Info: ./TestPlan/finaltestplan.pdf, page9 used on input line
 23.
(pdftex.def)             Requested size: 597.53416pt x 845.08372pt.
File: ./TestPlan/finaltestplan.pdf Graphic file (type pdf)

<use ./TestPlan/finaltestplan.pdf, page 9>
Package pdftex.def Info: ./TestPlan/finaltestplan.pdf, page9 used on input line
 23.
(pdftex.def)             Requested size: 597.53416pt x 845.08372pt.
 [31 <D:/dac26/Documents/GitHub/2nd-Year-Group-project/N17/docs/FinalReport/end
OfProjectReport/TestPlan/finaltestplan.pdf>]
<./TestPlan/finaltestplan.pdf, id=272, page=10, 597.50829pt x 845.0471pt>
File: ./TestPlan/finaltestplan.pdf Graphic file (type pdf)

<use ./TestPlan/finaltestplan.pdf, page 10>
Package pdftex.def Info: ./TestPlan/finaltestplan.pdf, page10 used on input lin
e 23.
(pdftex.def)             Requested size: 597.53416pt x 845.08372pt.
File: ./TestPlan/finaltestplan.pdf Graphic file (type pdf)

<use ./TestPlan/finaltestplan.pdf, page 10>
Package pdftex.def Info: ./TestPlan/finaltestplan.pdf, page10 used on input lin
e 23.
(pdftex.def)             Requested size: 597.53416pt x 845.08372pt.
File: ./TestPlan/finaltestplan.pdf Graphic file (type pdf)

<use ./TestPlan/finaltestplan.pdf, page 10>
Package pdftex.def Info: ./TestPlan/finaltestplan.pdf, page10 used on input lin
e 23.
(pdftex.def)             Requested size: 597.53416pt x 845.08372pt.
 [32 <D:/dac26/Documents/GitHub/2nd-Year-Group-project/N17/docs/FinalReport/end
OfProjectReport/TestPlan/finaltestplan.pdf>]
<./TestPlan/finaltestplan.pdf, id=280, page=11, 597.50829pt x 845.0471pt>
File: ./TestPlan/finaltestplan.pdf Graphic file (type pdf)

<use ./TestPlan/finaltestplan.pdf, page 11>
Package pdftex.def Info: ./TestPlan/finaltestplan.pdf, page11 used on input lin
e 23.
(pdftex.def)             Requested size: 597.53416pt x 845.08372pt.
File: ./TestPlan/finaltestplan.pdf Graphic file (type pdf)

<use ./TestPlan/finaltestplan.pdf, page 11>
Package pdftex.def Info: ./TestPlan/finaltestplan.pdf, page11 used on input lin
e 23.
(pdftex.def)             Requested size: 597.53416pt x 845.08372pt.
File: ./TestPlan/finaltestplan.pdf Graphic file (type pdf)

<use ./TestPlan/finaltestplan.pdf, page 11>
Package pdftex.def Info: ./TestPlan/finaltestplan.pdf, page11 used on input lin
e 23.
(pdftex.def)             Requested size: 597.53416pt x 845.08372pt.
 [33 <D:/dac26/Documents/GitHub/2nd-Year-Group-project/N17/docs/FinalReport/end
OfProjectReport/TestPlan/finaltestplan.pdf>]
<./TestPlan/finaltestplan.pdf, id=288, page=12, 597.50829pt x 845.0471pt>
File: ./TestPlan/finaltestplan.pdf Graphic file (type pdf)

<use ./TestPlan/finaltestplan.pdf, page 12>
Package pdftex.def Info: ./TestPlan/finaltestplan.pdf, page12 used on input lin
e 23.
(pdftex.def)             Requested size: 597.53416pt x 845.08372pt.
File: ./TestPlan/finaltestplan.pdf Graphic file (type pdf)

<use ./TestPlan/finaltestplan.pdf, page 12>
Package pdftex.def Info: ./TestPlan/finaltestplan.pdf, page12 used on input lin
e 23.
(pdftex.def)             Requested size: 597.53416pt x 845.08372pt.
File: ./TestPlan/finaltestplan.pdf Graphic file (type pdf)

<use ./TestPlan/finaltestplan.pdf, page 12>
Package pdftex.def Info: ./TestPlan/finaltestplan.pdf, page12 used on input lin
e 23.
(pdftex.def)             Requested size: 597.53416pt x 845.08372pt.
 [34 <D:/dac26/Documents/GitHub/2nd-Year-Group-project/N17/docs/FinalReport/end
OfProjectReport/TestPlan/finaltestplan.pdf>]
<./TestPlan/finaltestplan.pdf, id=296, page=13, 597.50829pt x 845.0471pt>
File: ./TestPlan/finaltestplan.pdf Graphic file (type pdf)

<use ./TestPlan/finaltestplan.pdf, page 13>
Package pdftex.def Info: ./TestPlan/finaltestplan.pdf, page13 used on input lin
e 23.
(pdftex.def)             Requested size: 597.53416pt x 845.08372pt.
File: ./TestPlan/finaltestplan.pdf Graphic file (type pdf)

<use ./TestPlan/finaltestplan.pdf, page 13>
Package pdftex.def Info: ./TestPlan/finaltestplan.pdf, page13 used on input lin
e 23.
(pdftex.def)             Requested size: 597.53416pt x 845.08372pt.
File: ./TestPlan/finaltestplan.pdf Graphic file (type pdf)

<use ./TestPlan/finaltestplan.pdf, page 13>
Package pdftex.def Info: ./TestPlan/finaltestplan.pdf, page13 used on input lin
e 23.
(pdftex.def)             Requested size: 597.53416pt x 845.08372pt.
 [35 <D:/dac26/Documents/GitHub/2nd-Year-Group-project/N17/docs/FinalReport/end
OfProjectReport/TestPlan/finaltestplan.pdf>]
<./TestPlan/finaltestplan.pdf, id=302, page=14, 597.50829pt x 845.0471pt>
File: ./TestPlan/finaltestplan.pdf Graphic file (type pdf)

<use ./TestPlan/finaltestplan.pdf, page 14>
Package pdftex.def Info: ./TestPlan/finaltestplan.pdf, page14 used on input lin
e 23.
(pdftex.def)             Requested size: 597.53416pt x 845.08372pt.
File: ./TestPlan/finaltestplan.pdf Graphic file (type pdf)

<use ./TestPlan/finaltestplan.pdf, page 14>
Package pdftex.def Info: ./TestPlan/finaltestplan.pdf, page14 used on input lin
e 23.
(pdftex.def)             Requested size: 597.53416pt x 845.08372pt.
File: ./TestPlan/finaltestplan.pdf Graphic file (type pdf)

<use ./TestPlan/finaltestplan.pdf, page 14>
Package pdftex.def Info: ./TestPlan/finaltestplan.pdf, page14 used on input lin
e 23.
(pdftex.def)             Requested size: 597.53416pt x 845.08372pt.
 [36 <D:/dac26/Documents/GitHub/2nd-Year-Group-project/N17/docs/FinalReport/end
OfProjectReport/TestPlan/finaltestplan.pdf>]
<./DesignPlan/DesignDocument.pdf, id=312, page=4, 597.50829pt x 845.0471pt>
File: ./DesignPlan/DesignDocument.pdf Graphic file (type pdf)

<use ./DesignPlan/DesignDocument.pdf, page 4>
Package pdftex.def Info: ./DesignPlan/DesignDocument.pdf, page4 used on input l
ine 26.
(pdftex.def)             Requested size: 597.50682pt x 845.04504pt.
File: ./DesignPlan/DesignDocument.pdf Graphic file (type pdf)

<use ./DesignPlan/DesignDocument.pdf, page 4>
Package pdftex.def Info: ./DesignPlan/DesignDocument.pdf, page4 used on input l
ine 26.
(pdftex.def)             Requested size: 597.53416pt x 845.08372pt.
File: ./DesignPlan/DesignDocument.pdf Graphic file (type pdf)

<use ./DesignPlan/DesignDocument.pdf, page 4>
Package pdftex.def Info: ./DesignPlan/DesignDocument.pdf, page4 used on input l
ine 26.
(pdftex.def)             Requested size: 597.53416pt x 845.08372pt.
File: ./DesignPlan/DesignDocument.pdf Graphic file (type pdf)

<use ./DesignPlan/DesignDocument.pdf, page 4>
Package pdftex.def Info: ./DesignPlan/DesignDocument.pdf, page4 used on input l
ine 26.
(pdftex.def)             Requested size: 597.53416pt x 845.08372pt.
File: ./DesignPlan/DesignDocument.pdf Graphic file (type pdf)

<use ./DesignPlan/DesignDocument.pdf, page 4>
Package pdftex.def Info: ./DesignPlan/DesignDocument.pdf, page4 used on input l
ine 26.
(pdftex.def)             Requested size: 597.53416pt x 845.08372pt.
 [37 <D:/dac26/Documents/GitHub/2nd-Year-Group-project/N17/docs/FinalReport/end
OfProjectReport/DesignPlan/DesignDocument.pdf>]
<./DesignPlan/DesignDocument.pdf, id=331, page=5, 597.50829pt x 845.0471pt>
File: ./DesignPlan/DesignDocument.pdf Graphic file (type pdf)

<use ./DesignPlan/DesignDocument.pdf, page 5>
Package pdftex.def Info: ./DesignPlan/DesignDocument.pdf, page5 used on input l
ine 26.
(pdftex.def)             Requested size: 597.53416pt x 845.08372pt.
File: ./DesignPlan/DesignDocument.pdf Graphic file (type pdf)

<use ./DesignPlan/DesignDocument.pdf, page 5>
Package pdftex.def Info: ./DesignPlan/DesignDocument.pdf, page5 used on input l
ine 26.
(pdftex.def)             Requested size: 597.53416pt x 845.08372pt.
File: ./DesignPlan/DesignDocument.pdf Graphic file (type pdf)

<use ./DesignPlan/DesignDocument.pdf, page 5>
Package pdftex.def Info: ./DesignPlan/DesignDocument.pdf, page5 used on input l
ine 26.
(pdftex.def)             Requested size: 597.53416pt x 845.08372pt.
 [38 <D:/dac26/Documents/GitHub/2nd-Year-Group-project/N17/docs/FinalReport/end
OfProjectReport/DesignPlan/DesignDocument.pdf>]
<./DesignPlan/DesignDocument.pdf, id=338, page=6, 597.50829pt x 845.0471pt>
File: ./DesignPlan/DesignDocument.pdf Graphic file (type pdf)

<use ./DesignPlan/DesignDocument.pdf, page 6>
Package pdftex.def Info: ./DesignPlan/DesignDocument.pdf, page6 used on input l
ine 26.
(pdftex.def)             Requested size: 597.53416pt x 845.08372pt.
File: ./DesignPlan/DesignDocument.pdf Graphic file (type pdf)

<use ./DesignPlan/DesignDocument.pdf, page 6>
Package pdftex.def Info: ./DesignPlan/DesignDocument.pdf, page6 used on input l
ine 26.
(pdftex.def)             Requested size: 597.53416pt x 845.08372pt.
File: ./DesignPlan/DesignDocument.pdf Graphic file (type pdf)

<use ./DesignPlan/DesignDocument.pdf, page 6>
Package pdftex.def Info: ./DesignPlan/DesignDocument.pdf, page6 used on input l
ine 26.
(pdftex.def)             Requested size: 597.53416pt x 845.08372pt.
 [39 <D:/dac26/Documents/GitHub/2nd-Year-Group-project/N17/docs/FinalReport/end
OfProjectReport/DesignPlan/DesignDocument.pdf>]
<./DesignPlan/DesignDocument.pdf, id=349, page=7, 597.50829pt x 845.0471pt>
File: ./DesignPlan/DesignDocument.pdf Graphic file (type pdf)

<use ./DesignPlan/DesignDocument.pdf, page 7>
Package pdftex.def Info: ./DesignPlan/DesignDocument.pdf, page7 used on input l
ine 26.
(pdftex.def)             Requested size: 597.53416pt x 845.08372pt.
File: ./DesignPlan/DesignDocument.pdf Graphic file (type pdf)

<use ./DesignPlan/DesignDocument.pdf, page 7>
Package pdftex.def Info: ./DesignPlan/DesignDocument.pdf, page7 used on input l
ine 26.
(pdftex.def)             Requested size: 597.53416pt x 845.08372pt.
File: ./DesignPlan/DesignDocument.pdf Graphic file (type pdf)

<use ./DesignPlan/DesignDocument.pdf, page 7>
Package pdftex.def Info: ./DesignPlan/DesignDocument.pdf, page7 used on input l
ine 26.
(pdftex.def)             Requested size: 597.53416pt x 845.08372pt.
 [40 <D:/dac26/Documents/GitHub/2nd-Year-Group-project/N17/docs/FinalReport/end
OfProjectReport/DesignPlan/DesignDocument.pdf>]
<./DesignPlan/DesignDocument.pdf, id=355, page=8, 597.50829pt x 845.0471pt>
File: ./DesignPlan/DesignDocument.pdf Graphic file (type pdf)

<use ./DesignPlan/DesignDocument.pdf, page 8>
Package pdftex.def Info: ./DesignPlan/DesignDocument.pdf, page8 used on input l
ine 26.
(pdftex.def)             Requested size: 597.53416pt x 845.08372pt.
File: ./DesignPlan/DesignDocument.pdf Graphic file (type pdf)

<use ./DesignPlan/DesignDocument.pdf, page 8>
Package pdftex.def Info: ./DesignPlan/DesignDocument.pdf, page8 used on input l
ine 26.
(pdftex.def)             Requested size: 597.53416pt x 845.08372pt.
File: ./DesignPlan/DesignDocument.pdf Graphic file (type pdf)

<use ./DesignPlan/DesignDocument.pdf, page 8>
Package pdftex.def Info: ./DesignPlan/DesignDocument.pdf, page8 used on input l
ine 26.
(pdftex.def)             Requested size: 597.53416pt x 845.08372pt.
 [41 <D:/dac26/Documents/GitHub/2nd-Year-Group-project/N17/docs/FinalReport/end
OfProjectReport/DesignPlan/DesignDocument.pdf>]
<./DesignPlan/DesignDocument.pdf, id=362, page=9, 597.50829pt x 845.0471pt>
File: ./DesignPlan/DesignDocument.pdf Graphic file (type pdf)

<use ./DesignPlan/DesignDocument.pdf, page 9>
Package pdftex.def Info: ./DesignPlan/DesignDocument.pdf, page9 used on input l
ine 26.
(pdftex.def)             Requested size: 597.53416pt x 845.08372pt.
File: ./DesignPlan/DesignDocument.pdf Graphic file (type pdf)

<use ./DesignPlan/DesignDocument.pdf, page 9>
Package pdftex.def Info: ./DesignPlan/DesignDocument.pdf, page9 used on input l
ine 26.
(pdftex.def)             Requested size: 597.53416pt x 845.08372pt.
File: ./DesignPlan/DesignDocument.pdf Graphic file (type pdf)

<use ./DesignPlan/DesignDocument.pdf, page 9>
Package pdftex.def Info: ./DesignPlan/DesignDocument.pdf, page9 used on input l
ine 26.
(pdftex.def)             Requested size: 597.53416pt x 845.08372pt.
 [42 <D:/dac26/Documents/GitHub/2nd-Year-Group-project/N17/docs/FinalReport/end
OfProjectReport/DesignPlan/DesignDocument.pdf>]
<./DesignPlan/DesignDocument.pdf, id=369, page=10, 597.50829pt x 845.0471pt>
File: ./DesignPlan/DesignDocument.pdf Graphic file (type pdf)

<use ./DesignPlan/DesignDocument.pdf, page 10>
Package pdftex.def Info: ./DesignPlan/DesignDocument.pdf, page10 used on input 
line 26.
(pdftex.def)             Requested size: 597.53416pt x 845.08372pt.
File: ./DesignPlan/DesignDocument.pdf Graphic file (type pdf)

<use ./DesignPlan/DesignDocument.pdf, page 10>
Package pdftex.def Info: ./DesignPlan/DesignDocument.pdf, page10 used on input 
line 26.
(pdftex.def)             Requested size: 597.53416pt x 845.08372pt.
File: ./DesignPlan/DesignDocument.pdf Graphic file (type pdf)

<use ./DesignPlan/DesignDocument.pdf, page 10>
Package pdftex.def Info: ./DesignPlan/DesignDocument.pdf, page10 used on input 
line 26.
(pdftex.def)             Requested size: 597.53416pt x 845.08372pt.
 [43 <D:/dac26/Documents/GitHub/2nd-Year-Group-project/N17/docs/FinalReport/end
OfProjectReport/DesignPlan/DesignDocument.pdf>]
<./DesignPlan/DesignDocument.pdf, id=375, page=11, 597.50829pt x 845.0471pt>
File: ./DesignPlan/DesignDocument.pdf Graphic file (type pdf)

<use ./DesignPlan/DesignDocument.pdf, page 11>
Package pdftex.def Info: ./DesignPlan/DesignDocument.pdf, page11 used on input 
line 26.
(pdftex.def)             Requested size: 597.53416pt x 845.08372pt.
File: ./DesignPlan/DesignDocument.pdf Graphic file (type pdf)

<use ./DesignPlan/DesignDocument.pdf, page 11>
Package pdftex.def Info: ./DesignPlan/DesignDocument.pdf, page11 used on input 
line 26.
(pdftex.def)             Requested size: 597.53416pt x 845.08372pt.
File: ./DesignPlan/DesignDocument.pdf Graphic file (type pdf)

<use ./DesignPlan/DesignDocument.pdf, page 11>
Package pdftex.def Info: ./DesignPlan/DesignDocument.pdf, page11 used on input 
line 26.
(pdftex.def)             Requested size: 597.53416pt x 845.08372pt.
 [44 <D:/dac26/Documents/GitHub/2nd-Year-Group-project/N17/docs/FinalReport/end
OfProjectReport/DesignPlan/DesignDocument.pdf>]
<./DesignPlan/DesignDocument.pdf, id=381, page=12, 597.50829pt x 845.0471pt>
File: ./DesignPlan/DesignDocument.pdf Graphic file (type pdf)

<use ./DesignPlan/DesignDocument.pdf, page 12>
Package pdftex.def Info: ./DesignPlan/DesignDocument.pdf, page12 used on input 
line 26.
(pdftex.def)             Requested size: 597.53416pt x 845.08372pt.
File: ./DesignPlan/DesignDocument.pdf Graphic file (type pdf)

<use ./DesignPlan/DesignDocument.pdf, page 12>
Package pdftex.def Info: ./DesignPlan/DesignDocument.pdf, page12 used on input 
line 26.
(pdftex.def)             Requested size: 597.53416pt x 845.08372pt.
File: ./DesignPlan/DesignDocument.pdf Graphic file (type pdf)

<use ./DesignPlan/DesignDocument.pdf, page 12>
Package pdftex.def Info: ./DesignPlan/DesignDocument.pdf, page12 used on input 
line 26.
(pdftex.def)             Requested size: 597.53416pt x 845.08372pt.
 [45 <D:/dac26/Documents/GitHub/2nd-Year-Group-project/N17/docs/FinalReport/end
OfProjectReport/DesignPlan/DesignDocument.pdf>]
<./DesignPlan/DesignDocument.pdf, id=387, page=13, 597.50829pt x 845.0471pt>
File: ./DesignPlan/DesignDocument.pdf Graphic file (type pdf)

<use ./DesignPlan/DesignDocument.pdf, page 13>
Package pdftex.def Info: ./DesignPlan/DesignDocument.pdf, page13 used on input 
line 26.
(pdftex.def)             Requested size: 597.53416pt x 845.08372pt.
File: ./DesignPlan/DesignDocument.pdf Graphic file (type pdf)

<use ./DesignPlan/DesignDocument.pdf, page 13>
Package pdftex.def Info: ./DesignPlan/DesignDocument.pdf, page13 used on input 
line 26.
(pdftex.def)             Requested size: 597.53416pt x 845.08372pt.
File: ./DesignPlan/DesignDocument.pdf Graphic file (type pdf)

<use ./DesignPlan/DesignDocument.pdf, page 13>
Package pdftex.def Info: ./DesignPlan/DesignDocument.pdf, page13 used on input 
line 26.
(pdftex.def)             Requested size: 597.53416pt x 845.08372pt.
 [46 <D:/dac26/Documents/GitHub/2nd-Year-Group-project/N17/docs/FinalReport/end
OfProjectReport/DesignPlan/DesignDocument.pdf>]
<./DesignPlan/DesignDocument.pdf, id=398, page=14, 597.50829pt x 845.0471pt>
File: ./DesignPlan/DesignDocument.pdf Graphic file (type pdf)

<use ./DesignPlan/DesignDocument.pdf, page 14>
Package pdftex.def Info: ./DesignPlan/DesignDocument.pdf, page14 used on input 
line 26.
(pdftex.def)             Requested size: 597.53416pt x 845.08372pt.
File: ./DesignPlan/DesignDocument.pdf Graphic file (type pdf)

<use ./DesignPlan/DesignDocument.pdf, page 14>
Package pdftex.def Info: ./DesignPlan/DesignDocument.pdf, page14 used on input 
line 26.
(pdftex.def)             Requested size: 597.53416pt x 845.08372pt.
File: ./DesignPlan/DesignDocument.pdf Graphic file (type pdf)

<use ./DesignPlan/DesignDocument.pdf, page 14>
Package pdftex.def Info: ./DesignPlan/DesignDocument.pdf, page14 used on input 
line 26.
(pdftex.def)             Requested size: 597.53416pt x 845.08372pt.
 [47 <D:/dac26/Documents/GitHub/2nd-Year-Group-project/N17/docs/FinalReport/end
OfProjectReport/DesignPlan/DesignDocument.pdf>]
<./DesignPlan/DesignDocument.pdf, id=404, page=15, 597.50829pt x 845.0471pt>
File: ./DesignPlan/DesignDocument.pdf Graphic file (type pdf)

<use ./DesignPlan/DesignDocument.pdf, page 15>
Package pdftex.def Info: ./DesignPlan/DesignDocument.pdf, page15 used on input 
line 26.
(pdftex.def)             Requested size: 597.53416pt x 845.08372pt.
File: ./DesignPlan/DesignDocument.pdf Graphic file (type pdf)

<use ./DesignPlan/DesignDocument.pdf, page 15>
Package pdftex.def Info: ./DesignPlan/DesignDocument.pdf, page15 used on input 
line 26.
(pdftex.def)             Requested size: 597.53416pt x 845.08372pt.
File: ./DesignPlan/DesignDocument.pdf Graphic file (type pdf)

<use ./DesignPlan/DesignDocument.pdf, page 15>
Package pdftex.def Info: ./DesignPlan/DesignDocument.pdf, page15 used on input 
line 26.
(pdftex.def)             Requested size: 597.53416pt x 845.08372pt.
 [48 <D:/dac26/Documents/GitHub/2nd-Year-Group-project/N17/docs/FinalReport/end
OfProjectReport/DesignPlan/DesignDocument.pdf>]
<./DesignPlan/DesignDocument.pdf, id=412, page=16, 597.50829pt x 845.0471pt>
File: ./DesignPlan/DesignDocument.pdf Graphic file (type pdf)

<use ./DesignPlan/DesignDocument.pdf, page 16>
Package pdftex.def Info: ./DesignPlan/DesignDocument.pdf, page16 used on input 
line 26.
(pdftex.def)             Requested size: 597.53416pt x 845.08372pt.
File: ./DesignPlan/DesignDocument.pdf Graphic file (type pdf)

<use ./DesignPlan/DesignDocument.pdf, page 16>
Package pdftex.def Info: ./DesignPlan/DesignDocument.pdf, page16 used on input 
line 26.
(pdftex.def)             Requested size: 597.53416pt x 845.08372pt.
File: ./DesignPlan/DesignDocument.pdf Graphic file (type pdf)

<use ./DesignPlan/DesignDocument.pdf, page 16>
Package pdftex.def Info: ./DesignPlan/DesignDocument.pdf, page16 used on input 
line 26.
(pdftex.def)             Requested size: 597.53416pt x 845.08372pt.
 [49 <D:/dac26/Documents/GitHub/2nd-Year-Group-project/N17/docs/FinalReport/end
OfProjectReport/DesignPlan/DesignDocument.pdf>]
<./DesignPlan/DesignDocument.pdf, id=419, page=17, 597.50829pt x 845.0471pt>
File: ./DesignPlan/DesignDocument.pdf Graphic file (type pdf)

<use ./DesignPlan/DesignDocument.pdf, page 17>
Package pdftex.def Info: ./DesignPlan/DesignDocument.pdf, page17 used on input 
line 26.
(pdftex.def)             Requested size: 597.53416pt x 845.08372pt.
File: ./DesignPlan/DesignDocument.pdf Graphic file (type pdf)

<use ./DesignPlan/DesignDocument.pdf, page 17>
Package pdftex.def Info: ./DesignPlan/DesignDocument.pdf, page17 used on input 
line 26.
(pdftex.def)             Requested size: 597.53416pt x 845.08372pt.
File: ./DesignPlan/DesignDocument.pdf Graphic file (type pdf)

<use ./DesignPlan/DesignDocument.pdf, page 17>
Package pdftex.def Info: ./DesignPlan/DesignDocument.pdf, page17 used on input 
line 26.
(pdftex.def)             Requested size: 597.53416pt x 845.08372pt.
 [50 <D:/dac26/Documents/GitHub/2nd-Year-Group-project/N17/docs/FinalReport/end
OfProjectReport/DesignPlan/DesignDocument.pdf>]
<./DesignPlan/DesignDocument.pdf, id=427, page=18, 597.50829pt x 845.0471pt>
File: ./DesignPlan/DesignDocument.pdf Graphic file (type pdf)

<use ./DesignPlan/DesignDocument.pdf, page 18>
Package pdftex.def Info: ./DesignPlan/DesignDocument.pdf, page18 used on input 
line 26.
(pdftex.def)             Requested size: 597.53416pt x 845.08372pt.
File: ./DesignPlan/DesignDocument.pdf Graphic file (type pdf)

<use ./DesignPlan/DesignDocument.pdf, page 18>
Package pdftex.def Info: ./DesignPlan/DesignDocument.pdf, page18 used on input 
line 26.
(pdftex.def)             Requested size: 597.53416pt x 845.08372pt.
File: ./DesignPlan/DesignDocument.pdf Graphic file (type pdf)

<use ./DesignPlan/DesignDocument.pdf, page 18>
Package pdftex.def Info: ./DesignPlan/DesignDocument.pdf, page18 used on input 
line 26.
(pdftex.def)             Requested size: 597.53416pt x 845.08372pt.
 [51 <D:/dac26/Documents/GitHub/2nd-Year-Group-project/N17/docs/FinalReport/end
OfProjectReport/DesignPlan/DesignDocument.pdf>]
<./DesignPlan/DesignDocument.pdf, id=434, page=19, 597.50829pt x 845.0471pt>
File: ./DesignPlan/DesignDocument.pdf Graphic file (type pdf)

<use ./DesignPlan/DesignDocument.pdf, page 19>
Package pdftex.def Info: ./DesignPlan/DesignDocument.pdf, page19 used on input 
line 26.
(pdftex.def)             Requested size: 597.53416pt x 845.08372pt.
File: ./DesignPlan/DesignDocument.pdf Graphic file (type pdf)

<use ./DesignPlan/DesignDocument.pdf, page 19>
Package pdftex.def Info: ./DesignPlan/DesignDocument.pdf, page19 used on input 
line 26.
(pdftex.def)             Requested size: 597.53416pt x 845.08372pt.
File: ./DesignPlan/DesignDocument.pdf Graphic file (type pdf)

<use ./DesignPlan/DesignDocument.pdf, page 19>
Package pdftex.def Info: ./DesignPlan/DesignDocument.pdf, page19 used on input 
line 26.
(pdftex.def)             Requested size: 597.53416pt x 845.08372pt.
 [52 <D:/dac26/Documents/GitHub/2nd-Year-Group-project/N17/docs/FinalReport/end
OfProjectReport/DesignPlan/DesignDocument.pdf>]
<./DesignPlan/DesignDocument.pdf, id=442, page=20, 597.50829pt x 845.0471pt>
File: ./DesignPlan/DesignDocument.pdf Graphic file (type pdf)

<use ./DesignPlan/DesignDocument.pdf, page 20>
Package pdftex.def Info: ./DesignPlan/DesignDocument.pdf, page20 used on input 
line 26.
(pdftex.def)             Requested size: 597.53416pt x 845.08372pt.
File: ./DesignPlan/DesignDocument.pdf Graphic file (type pdf)

<use ./DesignPlan/DesignDocument.pdf, page 20>
Package pdftex.def Info: ./DesignPlan/DesignDocument.pdf, page20 used on input 
line 26.
(pdftex.def)             Requested size: 597.53416pt x 845.08372pt.
File: ./DesignPlan/DesignDocument.pdf Graphic file (type pdf)

<use ./DesignPlan/DesignDocument.pdf, page 20>
Package pdftex.def Info: ./DesignPlan/DesignDocument.pdf, page20 used on input 
line 26.
(pdftex.def)             Requested size: 597.53416pt x 845.08372pt.
 [53 <D:/dac26/Documents/GitHub/2nd-Year-Group-project/N17/docs/FinalReport/end
OfProjectReport/DesignPlan/DesignDocument.pdf>]
<./DesignPlan/DesignDocument.pdf, id=451, page=21, 597.50829pt x 845.0471pt>
File: ./DesignPlan/DesignDocument.pdf Graphic file (type pdf)

<use ./DesignPlan/DesignDocument.pdf, page 21>
Package pdftex.def Info: ./DesignPlan/DesignDocument.pdf, page21 used on input 
line 26.
(pdftex.def)             Requested size: 597.53416pt x 845.08372pt.
File: ./DesignPlan/DesignDocument.pdf Graphic file (type pdf)

<use ./DesignPlan/DesignDocument.pdf, page 21>
Package pdftex.def Info: ./DesignPlan/DesignDocument.pdf, page21 used on input 
line 26.
(pdftex.def)             Requested size: 597.53416pt x 845.08372pt.
File: ./DesignPlan/DesignDocument.pdf Graphic file (type pdf)

<use ./DesignPlan/DesignDocument.pdf, page 21>
Package pdftex.def Info: ./DesignPlan/DesignDocument.pdf, page21 used on input 
line 26.
(pdftex.def)             Requested size: 597.53416pt x 845.08372pt.
 [54 <D:/dac26/Documents/GitHub/2nd-Year-Group-project/N17/docs/FinalReport/end
OfProjectReport/DesignPlan/DesignDocument.pdf>]
<./DesignPlan/DesignDocument.pdf, id=458, page=22, 597.50829pt x 845.0471pt>
File: ./DesignPlan/DesignDocument.pdf Graphic file (type pdf)

<use ./DesignPlan/DesignDocument.pdf, page 22>
Package pdftex.def Info: ./DesignPlan/DesignDocument.pdf, page22 used on input 
line 26.
(pdftex.def)             Requested size: 597.53416pt x 845.08372pt.
File: ./DesignPlan/DesignDocument.pdf Graphic file (type pdf)

<use ./DesignPlan/DesignDocument.pdf, page 22>
Package pdftex.def Info: ./DesignPlan/DesignDocument.pdf, page22 used on input 
line 26.
(pdftex.def)             Requested size: 597.53416pt x 845.08372pt.
File: ./DesignPlan/DesignDocument.pdf Graphic file (type pdf)

<use ./DesignPlan/DesignDocument.pdf, page 22>
Package pdftex.def Info: ./DesignPlan/DesignDocument.pdf, page22 used on input 
line 26.
(pdftex.def)             Requested size: 597.53416pt x 845.08372pt.
 [55 <D:/dac26/Documents/GitHub/2nd-Year-Group-project/N17/docs/FinalReport/end
OfProjectReport/DesignPlan/DesignDocument.pdf>]
<./projectMaintenanaceManual/maintenance.pdf, id=466, page=3, 597.50829pt x 845
.0471pt>
File: ./projectMaintenanaceManual/maintenance.pdf Graphic file (type pdf)
 <use ./projectMaintenanaceManual/maintenance.pdf, page 3>
Package pdftex.def Info: ./projectMaintenanaceManual/maintenance.pdf, page3 use
d on input line 29.
(pdftex.def)             Requested size: 597.50682pt x 845.04504pt.
File: ./projectMaintenanaceManual/maintenance.pdf Graphic file (type pdf)

<use ./projectMaintenanaceManual/maintenance.pdf, page 3>
Package pdftex.def Info: ./projectMaintenanaceManual/maintenance.pdf, page3 use
d on input line 29.
(pdftex.def)             Requested size: 597.53416pt x 845.08372pt.
File: ./projectMaintenanaceManual/maintenance.pdf Graphic file (type pdf)

<use ./projectMaintenanaceManual/maintenance.pdf, page 3>
Package pdftex.def Info: ./projectMaintenanaceManual/maintenance.pdf, page3 use
d on input line 29.
(pdftex.def)             Requested size: 597.53416pt x 845.08372pt.
File: ./projectMaintenanaceManual/maintenance.pdf Graphic file (type pdf)

<use ./projectMaintenanaceManual/maintenance.pdf, page 3>
Package pdftex.def Info: ./projectMaintenanaceManual/maintenance.pdf, page3 use
d on input line 29.
(pdftex.def)             Requested size: 597.53416pt x 845.08372pt.
File: ./projectMaintenanaceManual/maintenance.pdf Graphic file (type pdf)

<use ./projectMaintenanaceManual/maintenance.pdf, page 3>
Package pdftex.def Info: ./projectMaintenanaceManual/maintenance.pdf, page3 use
d on input line 29.
(pdftex.def)             Requested size: 597.53416pt x 845.08372pt.
 [56 <D:/dac26/Documents/GitHub/2nd-Year-Group-project/N17/docs/FinalReport/end
OfProjectReport/projectMaintenanaceManual/maintenance.pdf>]
<./projectMaintenanaceManual/maintenance.pdf, id=485, page=4, 597.50829pt x 845
.0471pt>
File: ./projectMaintenanaceManual/maintenance.pdf Graphic file (type pdf)
 <use ./projectMaintenanaceManual/maintenance.pdf, page 4>
Package pdftex.def Info: ./projectMaintenanaceManual/maintenance.pdf, page4 use
d on input line 29.
(pdftex.def)             Requested size: 597.53416pt x 845.08372pt.
File: ./projectMaintenanaceManual/maintenance.pdf Graphic file (type pdf)

<use ./projectMaintenanaceManual/maintenance.pdf, page 4>
Package pdftex.def Info: ./projectMaintenanaceManual/maintenance.pdf, page4 use
d on input line 29.
(pdftex.def)             Requested size: 597.53416pt x 845.08372pt.
File: ./projectMaintenanaceManual/maintenance.pdf Graphic file (type pdf)

<use ./projectMaintenanaceManual/maintenance.pdf, page 4>
Package pdftex.def Info: ./projectMaintenanaceManual/maintenance.pdf, page4 use
d on input line 29.
(pdftex.def)             Requested size: 597.53416pt x 845.08372pt.
 [57 <D:/dac26/Documents/GitHub/2nd-Year-Group-project/N17/docs/FinalReport/end
OfProjectReport/projectMaintenanaceManual/maintenance.pdf>]
<./projectMaintenanaceManual/maintenance.pdf, id=491, page=5, 597.50829pt x 845
.0471pt>
File: ./projectMaintenanaceManual/maintenance.pdf Graphic file (type pdf)
 <use ./projectMaintenanaceManual/maintenance.pdf, page 5>
Package pdftex.def Info: ./projectMaintenanaceManual/maintenance.pdf, page5 use
d on input line 29.
(pdftex.def)             Requested size: 597.53416pt x 845.08372pt.
File: ./projectMaintenanaceManual/maintenance.pdf Graphic file (type pdf)

<use ./projectMaintenanaceManual/maintenance.pdf, page 5>
Package pdftex.def Info: ./projectMaintenanaceManual/maintenance.pdf, page5 use
d on input line 29.
(pdftex.def)             Requested size: 597.53416pt x 845.08372pt.
File: ./projectMaintenanaceManual/maintenance.pdf Graphic file (type pdf)

<use ./projectMaintenanaceManual/maintenance.pdf, page 5>
Package pdftex.def Info: ./projectMaintenanaceManual/maintenance.pdf, page5 use
d on input line 29.
(pdftex.def)             Requested size: 597.53416pt x 845.08372pt.
 [58 <D:/dac26/Documents/GitHub/2nd-Year-Group-project/N17/docs/FinalReport/end
OfProjectReport/projectMaintenanaceManual/maintenance.pdf>]
<./projectMaintenanaceManual/maintenance.pdf, id=497, page=6, 597.50829pt x 845
.0471pt>
File: ./projectMaintenanaceManual/maintenance.pdf Graphic file (type pdf)
 <use ./projectMaintenanaceManual/maintenance.pdf, page 6>
Package pdftex.def Info: ./projectMaintenanaceManual/maintenance.pdf, page6 use
d on input line 29.
(pdftex.def)             Requested size: 597.53416pt x 845.08372pt.
File: ./projectMaintenanaceManual/maintenance.pdf Graphic file (type pdf)

<use ./projectMaintenanaceManual/maintenance.pdf, page 6>
Package pdftex.def Info: ./projectMaintenanaceManual/maintenance.pdf, page6 use
d on input line 29.
(pdftex.def)             Requested size: 597.53416pt x 845.08372pt.
File: ./projectMaintenanaceManual/maintenance.pdf Graphic file (type pdf)

<use ./projectMaintenanaceManual/maintenance.pdf, page 6>
Package pdftex.def Info: ./projectMaintenanaceManual/maintenance.pdf, page6 use
d on input line 29.
(pdftex.def)             Requested size: 597.53416pt x 845.08372pt.
 [59 <D:/dac26/Documents/GitHub/2nd-Year-Group-project/N17/docs/FinalReport/end
OfProjectReport/projectMaintenanaceManual/maintenance.pdf>]
<./projectMaintenanaceManual/maintenance.pdf, id=503, page=7, 597.50829pt x 845
.0471pt>
File: ./projectMaintenanaceManual/maintenance.pdf Graphic file (type pdf)
 <use ./projectMaintenanaceManual/maintenance.pdf, page 7>
Package pdftex.def Info: ./projectMaintenanaceManual/maintenance.pdf, page7 use
d on input line 29.
(pdftex.def)             Requested size: 597.53416pt x 845.08372pt.
File: ./projectMaintenanaceManual/maintenance.pdf Graphic file (type pdf)

<use ./projectMaintenanaceManual/maintenance.pdf, page 7>
Package pdftex.def Info: ./projectMaintenanaceManual/maintenance.pdf, page7 use
d on input line 29.
(pdftex.def)             Requested size: 597.53416pt x 845.08372pt.
File: ./projectMaintenanaceManual/maintenance.pdf Graphic file (type pdf)

<use ./projectMaintenanaceManual/maintenance.pdf, page 7>
Package pdftex.def Info: ./projectMaintenanaceManual/maintenance.pdf, page7 use
d on input line 29.
(pdftex.def)             Requested size: 597.53416pt x 845.08372pt.
 [60 <D:/dac26/Documents/GitHub/2nd-Year-Group-project/N17/docs/FinalReport/end
OfProjectReport/projectMaintenanaceManual/maintenance.pdf>]
<./projectMaintenanaceManual/maintenance.pdf, id=510, page=8, 597.50829pt x 845
.0471pt>
File: ./projectMaintenanaceManual/maintenance.pdf Graphic file (type pdf)
 <use ./projectMaintenanaceManual/maintenance.pdf, page 8>
Package pdftex.def Info: ./projectMaintenanaceManual/maintenance.pdf, page8 use
d on input line 29.
(pdftex.def)             Requested size: 597.53416pt x 845.08372pt.
File: ./projectMaintenanaceManual/maintenance.pdf Graphic file (type pdf)

<use ./projectMaintenanaceManual/maintenance.pdf, page 8>
Package pdftex.def Info: ./projectMaintenanaceManual/maintenance.pdf, page8 use
d on input line 29.
(pdftex.def)             Requested size: 597.53416pt x 845.08372pt.
File: ./projectMaintenanaceManual/maintenance.pdf Graphic file (type pdf)

<use ./projectMaintenanaceManual/maintenance.pdf, page 8>
Package pdftex.def Info: ./projectMaintenanaceManual/maintenance.pdf, page8 use
d on input line 29.
(pdftex.def)             Requested size: 597.53416pt x 845.08372pt.
 [61 <D:/dac26/Documents/GitHub/2nd-Year-Group-project/N17/docs/FinalReport/end
OfProjectReport/projectMaintenanaceManual/maintenance.pdf>]
<./projectMaintenanaceManual/maintenance.pdf, id=516, page=9, 597.50829pt x 845
.0471pt>
File: ./projectMaintenanaceManual/maintenance.pdf Graphic file (type pdf)
 <use ./projectMaintenanaceManual/maintenance.pdf, page 9>
Package pdftex.def Info: ./projectMaintenanaceManual/maintenance.pdf, page9 use
d on input line 29.
(pdftex.def)             Requested size: 597.53416pt x 845.08372pt.
File: ./projectMaintenanaceManual/maintenance.pdf Graphic file (type pdf)

<use ./projectMaintenanaceManual/maintenance.pdf, page 9>
Package pdftex.def Info: ./projectMaintenanaceManual/maintenance.pdf, page9 use
d on input line 29.
(pdftex.def)             Requested size: 597.53416pt x 845.08372pt.
File: ./projectMaintenanaceManual/maintenance.pdf Graphic file (type pdf)

<use ./projectMaintenanaceManual/maintenance.pdf, page 9>
Package pdftex.def Info: ./projectMaintenanaceManual/maintenance.pdf, page9 use
d on input line 29.
(pdftex.def)             Requested size: 597.53416pt x 845.08372pt.
 [62 <D:/dac26/Documents/GitHub/2nd-Year-Group-project/N17/docs/FinalReport/end
OfProjectReport/projectMaintenanaceManual/maintenance.pdf>]
<./projectMaintenanaceManual/maintenance.pdf, id=522, page=10, 597.50829pt x 84
5.0471pt>
File: ./projectMaintenanaceManual/maintenance.pdf Graphic file (type pdf)
 <use ./projectMaintenanaceManual/maintenance.pdf, page 10>
Package pdftex.def Info: ./projectMaintenanaceManual/maintenance.pdf, page10 us
ed on input line 29.
(pdftex.def)             Requested size: 597.53416pt x 845.08372pt.
File: ./projectMaintenanaceManual/maintenance.pdf Graphic file (type pdf)

<use ./projectMaintenanaceManual/maintenance.pdf, page 10>
Package pdftex.def Info: ./projectMaintenanaceManual/maintenance.pdf, page10 us
ed on input line 29.
(pdftex.def)             Requested size: 597.53416pt x 845.08372pt.
File: ./projectMaintenanaceManual/maintenance.pdf Graphic file (type pdf)

<use ./projectMaintenanaceManual/maintenance.pdf, page 10>
Package pdftex.def Info: ./projectMaintenanaceManual/maintenance.pdf, page10 us
ed on input line 29.
(pdftex.def)             Requested size: 597.53416pt x 845.08372pt.
 [63 <D:/dac26/Documents/GitHub/2nd-Year-Group-project/N17/docs/FinalReport/end
OfProjectReport/projectMaintenanaceManual/maintenance.pdf>]
<./projectMaintenanaceManual/maintenance.pdf, id=528, page=11, 597.50829pt x 84
5.0471pt>
File: ./projectMaintenanaceManual/maintenance.pdf Graphic file (type pdf)
 <use ./projectMaintenanaceManual/maintenance.pdf, page 11>
Package pdftex.def Info: ./projectMaintenanaceManual/maintenance.pdf, page11 us
ed on input line 29.
(pdftex.def)             Requested size: 597.53416pt x 845.08372pt.
File: ./projectMaintenanaceManual/maintenance.pdf Graphic file (type pdf)

<use ./projectMaintenanaceManual/maintenance.pdf, page 11>
Package pdftex.def Info: ./projectMaintenanaceManual/maintenance.pdf, page11 us
ed on input line 29.
(pdftex.def)             Requested size: 597.53416pt x 845.08372pt.
File: ./projectMaintenanaceManual/maintenance.pdf Graphic file (type pdf)

<use ./projectMaintenanaceManual/maintenance.pdf, page 11>
Package pdftex.def Info: ./projectMaintenanaceManual/maintenance.pdf, page11 us
ed on input line 29.
(pdftex.def)             Requested size: 597.53416pt x 845.08372pt.
 [64 <D:/dac26/Documents/GitHub/2nd-Year-Group-project/N17/docs/FinalReport/end
OfProjectReport/projectMaintenanaceManual/maintenance.pdf>]
<./projectMaintenanaceManual/maintenance.pdf, id=535, page=12, 597.50829pt x 84
5.0471pt>
File: ./projectMaintenanaceManual/maintenance.pdf Graphic file (type pdf)
 <use ./projectMaintenanaceManual/maintenance.pdf, page 12>
Package pdftex.def Info: ./projectMaintenanaceManual/maintenance.pdf, page12 us
ed on input line 29.
(pdftex.def)             Requested size: 597.53416pt x 845.08372pt.
File: ./projectMaintenanaceManual/maintenance.pdf Graphic file (type pdf)

<use ./projectMaintenanaceManual/maintenance.pdf, page 12>
Package pdftex.def Info: ./projectMaintenanaceManual/maintenance.pdf, page12 us
ed on input line 29.
(pdftex.def)             Requested size: 597.53416pt x 845.08372pt.
File: ./projectMaintenanaceManual/maintenance.pdf Graphic file (type pdf)

<use ./projectMaintenanaceManual/maintenance.pdf, page 12>
Package pdftex.def Info: ./projectMaintenanaceManual/maintenance.pdf, page12 us
ed on input line 29.
(pdftex.def)             Requested size: 597.53416pt x 845.08372pt.
 [65 <D:/dac26/Documents/GitHub/2nd-Year-Group-project/N17/docs/FinalReport/end
OfProjectReport/projectMaintenanaceManual/maintenance.pdf>]
Missing character: There is no  in font cmr10!
Missing character: There is no  in font cmr10!
Missing character: There is no  in font cmr10!
Missing character: There is no  in font cmr10!
Missing character: There is no  in font cmr10!
Missing character: There is no  in font cmr10!

Underfull \hbox (badness 10000) in paragraph at lines 33--53

 []


Underfull \hbox (badness 10000) in paragraph at lines 33--53

 []

Missing character: There is no  in font cmr10!
Missing character: There is no  in font cmr10!
Missing character: There is no  in font cmr10!

Underfull \hbox (badness 10000) in paragraph at lines 55--64

 []


Underfull \hbox (badness 10000) in paragraph at lines 55--64

 []


Underfull \hbox (badness 10000) in paragraph at lines 55--64

 []


Underfull \hbox (badness 10000) in paragraph at lines 55--64

 []


LaTeX Warning: Reference `thelastpage' on page 66 undefined on input line 64.

[66]
Underfull \hbox (badness 10000) in paragraph at lines 66--77

 []


Underfull \hbox (badness 10000) in paragraph at lines 66--77

 []


Underfull \hbox (badness 10000) in paragraph at lines 66--77

 []


Underfull \hbox (badness 10000) in paragraph at lines 66--77

 []


Underfull \hbox (badness 10000) in paragraph at lines 66--77

 []


LaTeX Warning: Reference `thelastpage' on page 67 undefined on input line 77.

[67]
Underfull \hbox (badness 10000) in paragraph at lines 79--104

 []


Underfull \hbox (badness 10000) in paragraph at lines 79--104

 []


Underfull \hbox (badness 10000) in paragraph at lines 79--104

 []


Underfull \hbox (badness 10000) in paragraph at lines 79--104

 []


Underfull \hbox (badness 10000) in paragraph at lines 79--104

 []


Underfull \hbox (badness 10000) in paragraph at lines 79--104

 []


Underfull \hbox (badness 10000) in paragraph at lines 79--104

 []


Underfull \hbox (badness 10000) in paragraph at lines 79--104

 []


Underfull \hbox (badness 10000) in paragraph at lines 79--104

 []


Underfull \hbox (badness 10000) in paragraph at lines 79--104

 []


Underfull \hbox (badness 10000) in paragraph at lines 79--104

 []


Overfull \hbox (1.85597pt too wide) in paragraph at lines 79--104
\OT1/cmr/m/n/10.95 By work-ing closely to-gether, care-fully dis-cussing and oc
-ca-sion-ally edit-ing each other's
 []


Underfull \hbox (badness 10000) in paragraph at lines 79--104

 []


Overfull \hbox (0.24261pt too wide) in paragraph at lines 79--104
\OT1/cmr/m/n/10.95 In con-clu-sion, I feel that the im-ple-men-ta-tion of this 
project could have gone smoother
 []


LaTeX Warning: Reference `thelastpage' on page 68 undefined on input line 104.

[68]

LaTeX Warning: Reference `thelastpage' on page 69 undefined on input line 104.

[69]
Missing character: There is no  in font cmr10!
Missing character: There is no  in font cmr10!
Missing character: There is no  in font cmr10!

Underfull \hbox (badness 10000) in paragraph at lines 106--113

 []


Underfull \hbox (badness 10000) in paragraph at lines 106--113

 []


Underfull \hbox (badness 10000) in paragraph at lines 106--113

 []


LaTeX Warning: Reference `thelastpage' on page 70 undefined on input line 113.

[70]
Underfull \hbox (badness 10000) in paragraph at lines 115--162

 []


Underfull \hbox (badness 10000) in paragraph at lines 115--162

 []


Underfull \hbox (badness 10000) in paragraph at lines 115--162

 []


Underfull \hbox (badness 10000) in paragraph at lines 115--162

 []


Underfull \hbox (badness 10000) in paragraph at lines 115--162

 []


Underfull \hbox (badness 10000) in paragraph at lines 115--162

 []


LaTeX Warning: Reference `thelastpage' on page 71 undefined on input line 162.

[71]
Missing character: There is no  in font cmr10!
Missing character: There is no  in font cmr10!
Missing character: There is no  in font cmr10!

Underfull \hbox (badness 10000) in paragraph at lines 164--172

 []


Underfull \hbox (badness 10000) in paragraph at lines 164--172

 []


Underfull \hbox (badness 10000) in paragraph at lines 164--172

 []


Underfull \hbox (badness 10000) in paragraph at lines 164--172

 []


Underfull \hbox (badness 10000) in paragraph at lines 164--172

 []


LaTeX Warning: Reference `thelastpage' on page 72 undefined on input line 172.

[72]
Underfull \hbox (badness 10000) in paragraph at lines 174--179

 []


Underfull \hbox (badness 10000) in paragraph at lines 174--179

 []

Missing character: There is no  in font cmr10!
Missing character: There is no  in font cmr10!
Missing character: There is no  in font cmr10!
Missing character: There is no  in font cmr10!
Missing character: There is no  in font cmr10!
Missing character: There is no  in font cmr10!
Missing character: There is no  in font cmr10!
Missing character: There is no  in font cmr10!
Missing character: There is no  in font cmr10!

Underfull \hbox (badness 10000) in paragraph at lines 181--188

 []


Underfull \hbox (badness 10000) in paragraph at lines 181--188

 []


Underfull \hbox (badness 10000) in paragraph at lines 181--188

 []


LaTeX Warning: Reference `thelastpage' on page 73 undefined on input line 188.

[73]
Underfull \hbox (badness 10000) in paragraph at lines 191--204

 []


Underfull \hbox (badness 10000) in paragraph at lines 191--204

 []


Underfull \hbox (badness 10000) in paragraph at lines 191--204

 []


LaTeX Warning: Reference `thelastpage' on page 74 undefined on input line 204.

[74]
Underfull \vbox (badness 10000) has occurred while \output is active []



LaTeX Warning: Reference `thelastpage' on page 75 undefined on input line 218.

[75]

LaTeX Warning: Reference `thelastpage' on page 76 undefined on input line 230.

[76]

LaTeX Warning: Reference `thelastpage' on page 77 undefined on input line 242.

[77]

LaTeX Warning: Reference `thelastpage' on page 78 undefined on input line 258.

[78]

LaTeX Warning: Reference `thelastpage' on page 79 undefined on input line 265.

[79]

LaTeX Warning: Reference `thelastpage' on page 80 undefined on input line 270.

[80

]
Package atveryend Info: Empty hook `BeforeClearDocument' on input line 281.


LaTeX Warning: Reference `thelastpage' on page 81 undefined on input line 281.

[81

]
Package atveryend Info: Empty hook `AfterLastShipout' on input line 281.

(D:\dac26\Documents\GitHub\2nd-Year-Group-project\N17\docs\FinalReport\endOfPro
jectReport\endOfProjectReport.aux)
Package atveryend Info: Executing hook `AtVeryEndDocument' on input line 281.
Package atveryend Info: Executing hook `AtEndAfterFileList' on input line 281.


Package rerunfilecheck Warning: File `endOfProjectReport.out' has changed.
(rerunfilecheck)                Rerun to get outlines right
(rerunfilecheck)                or use package `bookmark'.

Package rerunfilecheck Info: Checksums for `endOfProjectReport.out':
(rerunfilecheck)             Before: D41D8CD98F00B204E9800998ECF8427E;0
(rerunfilecheck)             After:  7C500DABAFD22B38944E210AD822CF82;2073.

LaTeX Warning: There were undefined references.


LaTeX Warning: Label(s) may have changed. Rerun to get cross-references right.

 ) 
Here is how much of TeX's memory you used:
 6257 strings out of 494045
 96750 string characters out of 3148387
 180454 words of memory out of 3000000
 9396 multiletter control sequences out of 15000+200000
 8243 words of font info for 29 fonts, out of 3000000 for 9000
 715 hyphenation exceptions out of 8191
 40i,18n,44p,1384b,436s stack positions out of 5000i,500n,10000p,200000b,50000s
<C:/Program Files/MiKTeX 2.9/fonts/type1/public/amsfonts/cm/cmbx10.pfb><C:/Pr
ogram Files/MiKTeX 2.9/fonts/type1/public/amsfonts/cm/cmbx12.pfb><C:/Program Fi
les/MiKTeX 2.9/fonts/type1/public/amsfonts/cm/cmmi10.pfb><C:/Program Files/MiKT
eX 2.9/fonts/type1/public/amsfonts/cm/cmr10.pfb><C:/Program Files/MiKTeX 2.9/fo
nts/type1/public/amsfonts/cm/cmr8.pfb><C:/Program Files/MiKTeX 2.9/fonts/type1/
public/amsfonts/cm/cmr9.pfb><C:/Program Files/MiKTeX 2.9/fonts/type1/public/ams
fonts/cm/cmsy10.pfb><C:/Program Files/MiKTeX 2.9/fonts/type1/public/amsfonts/cm
/cmti10.pfb>
Output written on endOfProjectReport.pdf (82 pages, 2425181 bytes).
PDF statistics:
 685 PDF objects out of 1000 (max. 8388607)
 114 named destinations out of 1000 (max. 500000)
 361 words of extra memory for PDF output out of 10000 (max. 10000000)

