\BOOKMARK [1][-]{section*.1}{0.1 \040Project Plan}{}% 1
\BOOKMARK [1][-]{section*.1}{0.2 \040Test Report}{}% 2
\BOOKMARK [1][-]{section*.1}{0.3 \040Design Section}{}% 3
\BOOKMARK [1][-]{section*.1}{0.4 \040Maintenance Manual}{}% 4
\BOOKMARK [1][-]{section.1}{Reflective Reports}{}% 5
\BOOKMARK [2][-]{subsection.1.1}{Aleksandra Badyda}{section.1}% 6
\BOOKMARK [2][-]{subsection.1.2}{Dave Clark}{section.1}% 7
\BOOKMARK [2][-]{subsection.1.3}{Christopher Marriott}{section.1}% 8
\BOOKMARK [2][-]{subsection.1.4}{Samuel Jackson}{section.1}% 9
\BOOKMARK [2][-]{subsection.1.5}{Silhab Csoma}{section.1}% 10
\BOOKMARK [2][-]{subsection.1.6}{Tom Reed}{section.1}% 11
\BOOKMARK [2][-]{subsection.1.7}{Chris 'Tux' Lloyd}{section.1}% 12
\BOOKMARK [2][-]{subsection.1.8}{Mike Steel}{section.1}% 13
\BOOKMARK [2][-]{subsection.1.9}{Matt Whitmore}{section.1}% 14
\BOOKMARK [1][-]{section.2}{Management Summary}{}% 15
\BOOKMARK [1][-]{section.3}{Historical account of project}{}% 16
\BOOKMARK [1][-]{section.4}{Final State of project}{}% 17
\BOOKMARK [1][-]{section.5}{Performance of each team member}{}% 18
\BOOKMARK [2][-]{subsection.5.1}{Tom Reed}{section.5}% 19
\BOOKMARK [2][-]{subsection.5.2}{Chris 'Tux' Lloyd}{section.5}% 20
\BOOKMARK [2][-]{subsection.5.3}{Samuel Jackson}{section.5}% 21
\BOOKMARK [2][-]{subsection.5.4}{Silhab Csoma}{section.5}% 22
\BOOKMARK [2][-]{subsection.5.5}{Alexsandra Badya}{section.5}% 23
\BOOKMARK [2][-]{subsection.5.6}{Dave Clark}{section.5}% 24
\BOOKMARK [2][-]{subsection.5.7}{Mike Steel}{section.5}% 25
\BOOKMARK [2][-]{subsection.5.8}{Matt Whitmore}{section.5}% 26
\BOOKMARK [2][-]{subsection.5.9}{Christopher Marriott}{section.5}% 27
\BOOKMARK [1][-]{section.6}{Critical evaluation of the team and project}{}% 28
\BOOKMARK [2][-]{subsection.6.1}{Team performance}{section.6}% 29
\BOOKMARK [2][-]{subsection.6.2}{Improvements}{section.6}% 30
\BOOKMARK [2][-]{subsection.6.3}{Lessons learnt}{section.6}% 31
\BOOKMARK [1][-]{subsection.6.3}{REFERENCES}{}% 32
\BOOKMARK [1][-]{section*.2}{DOCUMENT HISTORY}{}% 33
